[2024-10-26 08:32:20,897] {scheduler_job.py:181} INFO - Started process (PID=49) to work on /opt/airflow/dags/ETL.py
[2024-10-26 08:32:20,898] {scheduler_job.py:632} INFO - Processing file /opt/airflow/dags/ETL.py for tasks to queue
[2024-10-26 08:32:20,899] {logging_mixin.py:104} INFO - [2024-10-26 08:32:20,899] {dagbag.py:496} INFO - Filling up the DagBag from /opt/airflow/dags/ETL.py
[2024-10-26 08:32:22,610] {scheduler_job.py:642} INFO - DAG(s) dict_keys(['ETL_task']) retrieved from /opt/airflow/dags/ETL.py
[2024-10-26 08:32:25,709] {logging_mixin.py:104} INFO - [2024-10-26 08:32:25,707] {dag.py:1833} INFO - Sync 1 DAGs
[2024-10-26 08:32:25,723] {logging_mixin.py:104} INFO - [2024-10-26 08:32:25,721] {dag.py:1852} INFO - Creating ORM DAG for ETL_task
[2024-10-26 08:32:25,728] {logging_mixin.py:104} INFO - [2024-10-26 08:32:25,728] {dag.py:2306} INFO - Setting next_dagrun for ETL_task to 2024-10-27T00:00:00+00:00
[2024-10-26 08:32:25,742] {scheduler_job.py:189} INFO - Processing /opt/airflow/dags/ETL.py took 4.820 seconds
[2024-10-26 08:34:22,497] {scheduler_job.py:181} INFO - Started process (PID=170) to work on /opt/airflow/dags/ETL.py
[2024-10-26 08:34:22,499] {scheduler_job.py:632} INFO - Processing file /opt/airflow/dags/ETL.py for tasks to queue
[2024-10-26 08:34:22,500] {logging_mixin.py:104} INFO - [2024-10-26 08:34:22,500] {dagbag.py:496} INFO - Filling up the DagBag from /opt/airflow/dags/ETL.py
[2024-10-26 08:34:23,789] {scheduler_job.py:642} INFO - DAG(s) dict_keys(['ETL_task']) retrieved from /opt/airflow/dags/ETL.py
[2024-10-26 08:34:23,817] {logging_mixin.py:104} INFO - [2024-10-26 08:34:23,815] {dag.py:1833} INFO - Sync 1 DAGs
[2024-10-26 08:34:23,835] {logging_mixin.py:104} INFO - [2024-10-26 08:34:23,835] {dag.py:2306} INFO - Setting next_dagrun for ETL_task to 2024-10-27T00:00:00+00:00
[2024-10-26 08:34:23,851] {scheduler_job.py:189} INFO - Processing /opt/airflow/dags/ETL.py took 1.357 seconds
[2024-10-26 08:35:53,965] {scheduler_job.py:181} INFO - Started process (PID=312) to work on /opt/airflow/dags/ETL.py
[2024-10-26 08:35:53,966] {scheduler_job.py:632} INFO - Processing file /opt/airflow/dags/ETL.py for tasks to queue
[2024-10-26 08:35:53,967] {logging_mixin.py:104} INFO - [2024-10-26 08:35:53,966] {dagbag.py:496} INFO - Filling up the DagBag from /opt/airflow/dags/ETL.py
[2024-10-26 08:35:55,029] {scheduler_job.py:642} INFO - DAG(s) dict_keys(['ETL_task']) retrieved from /opt/airflow/dags/ETL.py
[2024-10-26 08:36:36,942] {logging_mixin.py:104} INFO - [2024-10-26 08:36:36,939] {dag.py:1833} INFO - Sync 1 DAGs
[2024-10-26 08:36:36,988] {logging_mixin.py:104} INFO - [2024-10-26 08:36:36,988] {dag.py:2306} INFO - Setting next_dagrun for ETL_task to 2024-10-27T00:00:00+00:00
[2024-10-26 08:36:37,029] {scheduler_job.py:189} INFO - Processing /opt/airflow/dags/ETL.py took 43.085 seconds
[2024-10-26 08:37:29,789] {scheduler_job.py:181} INFO - Started process (PID=371) to work on /opt/airflow/dags/ETL.py
[2024-10-26 08:37:29,790] {scheduler_job.py:632} INFO - Processing file /opt/airflow/dags/ETL.py for tasks to queue
[2024-10-26 08:37:29,792] {logging_mixin.py:104} INFO - [2024-10-26 08:37:29,792] {dagbag.py:496} INFO - Filling up the DagBag from /opt/airflow/dags/ETL.py
[2024-10-26 08:37:31,598] {scheduler_job.py:642} INFO - DAG(s) dict_keys(['ETL_task']) retrieved from /opt/airflow/dags/ETL.py
[2024-10-26 08:37:31,628] {logging_mixin.py:104} INFO - [2024-10-26 08:37:31,625] {dag.py:1833} INFO - Sync 1 DAGs
[2024-10-26 08:37:31,644] {logging_mixin.py:104} INFO - [2024-10-26 08:37:31,644] {dag.py:2306} INFO - Setting next_dagrun for ETL_task to 2024-10-27T00:00:00+00:00
[2024-10-26 08:37:31,655] {scheduler_job.py:189} INFO - Processing /opt/airflow/dags/ETL.py took 1.869 seconds
[2024-10-26 08:38:54,657] {scheduler_job.py:181} INFO - Started process (PID=431) to work on /opt/airflow/dags/ETL.py
[2024-10-26 08:38:54,661] {scheduler_job.py:632} INFO - Processing file /opt/airflow/dags/ETL.py for tasks to queue
[2024-10-26 08:38:54,664] {logging_mixin.py:104} INFO - [2024-10-26 08:38:54,663] {dagbag.py:496} INFO - Filling up the DagBag from /opt/airflow/dags/ETL.py
[2024-10-26 08:38:56,258] {scheduler_job.py:642} INFO - DAG(s) dict_keys(['ETL_task']) retrieved from /opt/airflow/dags/ETL.py
[2024-10-26 08:38:56,278] {logging_mixin.py:104} INFO - [2024-10-26 08:38:56,276] {dag.py:1833} INFO - Sync 1 DAGs
[2024-10-26 08:38:56,293] {logging_mixin.py:104} INFO - [2024-10-26 08:38:56,292] {dag.py:2306} INFO - Setting next_dagrun for ETL_task to 2024-10-27T00:00:00+00:00
[2024-10-26 08:38:56,304] {scheduler_job.py:189} INFO - Processing /opt/airflow/dags/ETL.py took 1.650 seconds
[2024-10-26 08:39:26,441] {scheduler_job.py:181} INFO - Started process (PID=710) to work on /opt/airflow/dags/ETL.py
[2024-10-26 08:39:26,443] {scheduler_job.py:632} INFO - Processing file /opt/airflow/dags/ETL.py for tasks to queue
[2024-10-26 08:39:26,444] {logging_mixin.py:104} INFO - [2024-10-26 08:39:26,444] {dagbag.py:496} INFO - Filling up the DagBag from /opt/airflow/dags/ETL.py
[2024-10-26 08:39:38,969] {scheduler_job.py:642} INFO - DAG(s) dict_keys(['ETL_task']) retrieved from /opt/airflow/dags/ETL.py
[2024-10-26 08:40:03,980] {logging_mixin.py:104} INFO - [2024-10-26 08:40:03,958] {dag.py:1833} INFO - Sync 1 DAGs
[2024-10-26 08:40:04,602] {logging_mixin.py:104} INFO - [2024-10-26 08:40:04,597] {dag.py:2306} INFO - Setting next_dagrun for ETL_task to 2024-10-27T00:00:00+00:00
[2024-10-26 08:40:04,748] {scheduler_job.py:189} INFO - Processing /opt/airflow/dags/ETL.py took 38.310 seconds
[2024-10-26 08:42:40,903] {scheduler_job.py:181} INFO - Started process (PID=754) to work on /opt/airflow/dags/ETL.py
[2024-10-26 08:42:40,904] {scheduler_job.py:632} INFO - Processing file /opt/airflow/dags/ETL.py for tasks to queue
[2024-10-26 08:42:40,907] {logging_mixin.py:104} INFO - [2024-10-26 08:42:40,905] {dagbag.py:496} INFO - Filling up the DagBag from /opt/airflow/dags/ETL.py
[2024-10-26 08:42:43,915] {scheduler_job.py:642} INFO - DAG(s) dict_keys(['ETL_task']) retrieved from /opt/airflow/dags/ETL.py
[2024-10-26 08:42:43,956] {logging_mixin.py:104} INFO - [2024-10-26 08:42:43,954] {dag.py:1833} INFO - Sync 1 DAGs
[2024-10-26 08:42:43,979] {logging_mixin.py:104} INFO - [2024-10-26 08:42:43,979] {dag.py:2306} INFO - Setting next_dagrun for ETL_task to 2024-10-27T00:00:00+00:00
[2024-10-26 08:42:43,999] {scheduler_job.py:189} INFO - Processing /opt/airflow/dags/ETL.py took 3.100 seconds
[2024-10-26 08:43:55,579] {scheduler_job.py:181} INFO - Started process (PID=806) to work on /opt/airflow/dags/ETL.py
[2024-10-26 08:43:55,751] {scheduler_job.py:632} INFO - Processing file /opt/airflow/dags/ETL.py for tasks to queue
[2024-10-26 08:43:56,332] {logging_mixin.py:104} INFO - [2024-10-26 08:43:56,190] {dagbag.py:496} INFO - Filling up the DagBag from /opt/airflow/dags/ETL.py
[2024-10-26 08:44:43,479] {logging_mixin.py:104} INFO - [2024-10-26 08:44:30,103] {timeout.py:36} ERROR - Process timed out, PID: 806
[2024-10-26 08:44:52,995] {scheduler_job.py:181} INFO - Started process (PID=809) to work on /opt/airflow/dags/ETL.py
[2024-10-26 08:44:52,997] {scheduler_job.py:632} INFO - Processing file /opt/airflow/dags/ETL.py for tasks to queue
[2024-10-26 08:44:53,001] {logging_mixin.py:104} INFO - [2024-10-26 08:44:53,000] {dagbag.py:496} INFO - Filling up the DagBag from /opt/airflow/dags/ETL.py
[2024-10-26 08:44:55,481] {scheduler_job.py:642} INFO - DAG(s) dict_keys(['ETL_task']) retrieved from /opt/airflow/dags/ETL.py
[2024-10-26 08:44:55,498] {logging_mixin.py:104} INFO - [2024-10-26 08:44:55,496] {dag.py:1833} INFO - Sync 1 DAGs
[2024-10-26 08:44:55,513] {logging_mixin.py:104} INFO - [2024-10-26 08:44:55,513] {dag.py:2306} INFO - Setting next_dagrun for ETL_task to 2024-10-27T00:00:00+00:00
[2024-10-26 08:44:55,522] {scheduler_job.py:189} INFO - Processing /opt/airflow/dags/ETL.py took 2.529 seconds
[2024-10-26 08:46:23,780] {scheduler_job.py:181} INFO - Started process (PID=838) to work on /opt/airflow/dags/ETL.py
[2024-10-26 08:46:23,781] {scheduler_job.py:632} INFO - Processing file /opt/airflow/dags/ETL.py for tasks to queue
[2024-10-26 08:46:23,782] {logging_mixin.py:104} INFO - [2024-10-26 08:46:23,781] {dagbag.py:496} INFO - Filling up the DagBag from /opt/airflow/dags/ETL.py
[2024-10-26 08:46:24,985] {scheduler_job.py:642} INFO - DAG(s) dict_keys(['ETL_task']) retrieved from /opt/airflow/dags/ETL.py
[2024-10-26 08:46:25,003] {logging_mixin.py:104} INFO - [2024-10-26 08:46:25,002] {dag.py:1833} INFO - Sync 1 DAGs
[2024-10-26 08:46:25,017] {logging_mixin.py:104} INFO - [2024-10-26 08:46:25,017] {dag.py:2306} INFO - Setting next_dagrun for ETL_task to 2024-10-27T00:00:00+00:00
[2024-10-26 08:46:25,039] {scheduler_job.py:189} INFO - Processing /opt/airflow/dags/ETL.py took 1.262 seconds
[2024-10-26 08:46:55,116] {scheduler_job.py:181} INFO - Started process (PID=915) to work on /opt/airflow/dags/ETL.py
[2024-10-26 08:46:55,117] {scheduler_job.py:632} INFO - Processing file /opt/airflow/dags/ETL.py for tasks to queue
[2024-10-26 08:46:55,117] {logging_mixin.py:104} INFO - [2024-10-26 08:46:55,117] {dagbag.py:496} INFO - Filling up the DagBag from /opt/airflow/dags/ETL.py
[2024-10-26 08:46:55,648] {scheduler_job.py:642} INFO - DAG(s) dict_keys(['ETL_task']) retrieved from /opt/airflow/dags/ETL.py
[2024-10-26 08:46:55,662] {logging_mixin.py:104} INFO - [2024-10-26 08:46:55,661] {dag.py:1833} INFO - Sync 1 DAGs
[2024-10-26 08:46:55,673] {logging_mixin.py:104} INFO - [2024-10-26 08:46:55,673] {dag.py:2306} INFO - Setting next_dagrun for ETL_task to 2024-10-27T00:00:00+00:00
[2024-10-26 08:46:55,681] {scheduler_job.py:189} INFO - Processing /opt/airflow/dags/ETL.py took 0.568 seconds
[2024-10-26 08:47:25,713] {scheduler_job.py:181} INFO - Started process (PID=980) to work on /opt/airflow/dags/ETL.py
[2024-10-26 08:47:25,714] {scheduler_job.py:632} INFO - Processing file /opt/airflow/dags/ETL.py for tasks to queue
[2024-10-26 08:47:25,714] {logging_mixin.py:104} INFO - [2024-10-26 08:47:25,714] {dagbag.py:496} INFO - Filling up the DagBag from /opt/airflow/dags/ETL.py
[2024-10-26 08:47:26,196] {scheduler_job.py:642} INFO - DAG(s) dict_keys(['ETL_task']) retrieved from /opt/airflow/dags/ETL.py
[2024-10-26 08:47:26,208] {logging_mixin.py:104} INFO - [2024-10-26 08:47:26,207] {dag.py:1833} INFO - Sync 1 DAGs
[2024-10-26 08:47:26,217] {logging_mixin.py:104} INFO - [2024-10-26 08:47:26,217] {dag.py:2306} INFO - Setting next_dagrun for ETL_task to 2024-10-27T00:00:00+00:00
[2024-10-26 08:47:26,225] {scheduler_job.py:189} INFO - Processing /opt/airflow/dags/ETL.py took 0.515 seconds
[2024-10-26 08:47:56,494] {scheduler_job.py:181} INFO - Started process (PID=1053) to work on /opt/airflow/dags/ETL.py
[2024-10-26 08:47:56,495] {scheduler_job.py:632} INFO - Processing file /opt/airflow/dags/ETL.py for tasks to queue
[2024-10-26 08:47:56,496] {logging_mixin.py:104} INFO - [2024-10-26 08:47:56,496] {dagbag.py:496} INFO - Filling up the DagBag from /opt/airflow/dags/ETL.py
[2024-10-26 08:47:56,945] {scheduler_job.py:642} INFO - DAG(s) dict_keys(['ETL_task']) retrieved from /opt/airflow/dags/ETL.py
[2024-10-26 08:47:56,958] {logging_mixin.py:104} INFO - [2024-10-26 08:47:56,957] {dag.py:1833} INFO - Sync 1 DAGs
[2024-10-26 08:47:56,967] {logging_mixin.py:104} INFO - [2024-10-26 08:47:56,967] {dag.py:2306} INFO - Setting next_dagrun for ETL_task to 2024-10-27T00:00:00+00:00
[2024-10-26 08:47:56,974] {scheduler_job.py:189} INFO - Processing /opt/airflow/dags/ETL.py took 0.482 seconds
[2024-10-26 08:48:27,184] {scheduler_job.py:181} INFO - Started process (PID=1128) to work on /opt/airflow/dags/ETL.py
[2024-10-26 08:48:27,185] {scheduler_job.py:632} INFO - Processing file /opt/airflow/dags/ETL.py for tasks to queue
[2024-10-26 08:48:27,185] {logging_mixin.py:104} INFO - [2024-10-26 08:48:27,185] {dagbag.py:496} INFO - Filling up the DagBag from /opt/airflow/dags/ETL.py
[2024-10-26 08:48:27,646] {scheduler_job.py:642} INFO - DAG(s) dict_keys(['ETL_task']) retrieved from /opt/airflow/dags/ETL.py
[2024-10-26 08:48:27,663] {logging_mixin.py:104} INFO - [2024-10-26 08:48:27,662] {dag.py:1833} INFO - Sync 1 DAGs
[2024-10-26 08:48:27,674] {logging_mixin.py:104} INFO - [2024-10-26 08:48:27,674] {dag.py:2306} INFO - Setting next_dagrun for ETL_task to 2024-10-27T00:00:00+00:00
[2024-10-26 08:48:27,684] {scheduler_job.py:189} INFO - Processing /opt/airflow/dags/ETL.py took 0.501 seconds
[2024-10-26 08:48:46,441] {scheduler_job.py:181} INFO - Started process (PID=1173) to work on /opt/airflow/dags/ETL.py
[2024-10-26 08:48:46,442] {scheduler_job.py:632} INFO - Processing file /opt/airflow/dags/ETL.py for tasks to queue
[2024-10-26 08:48:46,443] {logging_mixin.py:104} INFO - [2024-10-26 08:48:46,443] {dagbag.py:496} INFO - Filling up the DagBag from /opt/airflow/dags/ETL.py
[2024-10-26 08:48:46,960] {scheduler_job.py:642} INFO - DAG(s) dict_keys(['ETL_task']) retrieved from /opt/airflow/dags/ETL.py
[2024-10-26 08:48:47,139] {logging_mixin.py:104} INFO - [2024-10-26 08:48:47,138] {dag.py:1833} INFO - Sync 1 DAGs
[2024-10-26 08:48:47,147] {logging_mixin.py:104} INFO - [2024-10-26 08:48:47,147] {dag.py:2306} INFO - Setting next_dagrun for ETL_task to 2024-10-26T00:00:00+00:00
[2024-10-26 08:48:47,156] {scheduler_job.py:189} INFO - Processing /opt/airflow/dags/ETL.py took 0.717 seconds
[2024-10-26 08:49:53,812] {scheduler_job.py:181} INFO - Started process (PID=52) to work on /opt/airflow/dags/ETL.py
[2024-10-26 08:49:53,813] {scheduler_job.py:632} INFO - Processing file /opt/airflow/dags/ETL.py for tasks to queue
[2024-10-26 08:49:53,814] {logging_mixin.py:104} INFO - [2024-10-26 08:49:53,814] {dagbag.py:496} INFO - Filling up the DagBag from /opt/airflow/dags/ETL.py
[2024-10-26 08:49:54,978] {scheduler_job.py:642} INFO - DAG(s) dict_keys(['ETL_task']) retrieved from /opt/airflow/dags/ETL.py
[2024-10-26 08:49:54,993] {logging_mixin.py:104} INFO - [2024-10-26 08:49:54,992] {dag.py:1833} INFO - Sync 1 DAGs
[2024-10-26 08:49:55,006] {logging_mixin.py:104} INFO - [2024-10-26 08:49:55,005] {dag.py:2306} INFO - Setting next_dagrun for ETL_task to None
[2024-10-26 08:49:55,014] {scheduler_job.py:189} INFO - Processing /opt/airflow/dags/ETL.py took 1.205 seconds
[2024-10-26 08:50:25,069] {scheduler_job.py:181} INFO - Started process (PID=125) to work on /opt/airflow/dags/ETL.py
[2024-10-26 08:50:25,070] {scheduler_job.py:632} INFO - Processing file /opt/airflow/dags/ETL.py for tasks to queue
[2024-10-26 08:50:25,071] {logging_mixin.py:104} INFO - [2024-10-26 08:50:25,071] {dagbag.py:496} INFO - Filling up the DagBag from /opt/airflow/dags/ETL.py
[2024-10-26 08:50:25,570] {scheduler_job.py:642} INFO - DAG(s) dict_keys(['ETL_task']) retrieved from /opt/airflow/dags/ETL.py
[2024-10-26 08:50:25,584] {logging_mixin.py:104} INFO - [2024-10-26 08:50:25,583] {dag.py:1833} INFO - Sync 1 DAGs
[2024-10-26 08:50:25,593] {logging_mixin.py:104} INFO - [2024-10-26 08:50:25,593] {dag.py:2306} INFO - Setting next_dagrun for ETL_task to None
[2024-10-26 08:50:25,603] {scheduler_job.py:189} INFO - Processing /opt/airflow/dags/ETL.py took 0.536 seconds
[2024-10-26 08:50:56,031] {scheduler_job.py:181} INFO - Started process (PID=188) to work on /opt/airflow/dags/ETL.py
[2024-10-26 08:50:56,032] {scheduler_job.py:632} INFO - Processing file /opt/airflow/dags/ETL.py for tasks to queue
[2024-10-26 08:50:56,032] {logging_mixin.py:104} INFO - [2024-10-26 08:50:56,032] {dagbag.py:496} INFO - Filling up the DagBag from /opt/airflow/dags/ETL.py
[2024-10-26 08:50:56,544] {scheduler_job.py:642} INFO - DAG(s) dict_keys(['ETL_task']) retrieved from /opt/airflow/dags/ETL.py
[2024-10-26 08:50:56,556] {logging_mixin.py:104} INFO - [2024-10-26 08:50:56,555] {dag.py:1833} INFO - Sync 1 DAGs
[2024-10-26 08:50:56,564] {logging_mixin.py:104} INFO - [2024-10-26 08:50:56,564] {dag.py:2306} INFO - Setting next_dagrun for ETL_task to None
[2024-10-26 08:50:56,571] {scheduler_job.py:189} INFO - Processing /opt/airflow/dags/ETL.py took 0.542 seconds
[2024-10-26 08:51:26,764] {scheduler_job.py:181} INFO - Started process (PID=261) to work on /opt/airflow/dags/ETL.py
[2024-10-26 08:51:26,765] {scheduler_job.py:632} INFO - Processing file /opt/airflow/dags/ETL.py for tasks to queue
[2024-10-26 08:51:26,767] {logging_mixin.py:104} INFO - [2024-10-26 08:51:26,766] {dagbag.py:496} INFO - Filling up the DagBag from /opt/airflow/dags/ETL.py
[2024-10-26 08:51:27,379] {scheduler_job.py:642} INFO - DAG(s) dict_keys(['ETL_task']) retrieved from /opt/airflow/dags/ETL.py
[2024-10-26 08:51:27,391] {logging_mixin.py:104} INFO - [2024-10-26 08:51:27,390] {dag.py:1833} INFO - Sync 1 DAGs
[2024-10-26 08:51:27,400] {logging_mixin.py:104} INFO - [2024-10-26 08:51:27,400] {dag.py:2306} INFO - Setting next_dagrun for ETL_task to None
[2024-10-26 08:51:27,410] {scheduler_job.py:189} INFO - Processing /opt/airflow/dags/ETL.py took 0.649 seconds
[2024-10-26 08:51:57,594] {scheduler_job.py:181} INFO - Started process (PID=334) to work on /opt/airflow/dags/ETL.py
[2024-10-26 08:51:57,595] {scheduler_job.py:632} INFO - Processing file /opt/airflow/dags/ETL.py for tasks to queue
[2024-10-26 08:51:57,595] {logging_mixin.py:104} INFO - [2024-10-26 08:51:57,595] {dagbag.py:496} INFO - Filling up the DagBag from /opt/airflow/dags/ETL.py
[2024-10-26 08:51:58,053] {scheduler_job.py:642} INFO - DAG(s) dict_keys(['ETL_task']) retrieved from /opt/airflow/dags/ETL.py
[2024-10-26 08:51:58,066] {logging_mixin.py:104} INFO - [2024-10-26 08:51:58,065] {dag.py:1833} INFO - Sync 1 DAGs
[2024-10-26 08:51:58,075] {logging_mixin.py:104} INFO - [2024-10-26 08:51:58,075] {dag.py:2306} INFO - Setting next_dagrun for ETL_task to None
[2024-10-26 08:51:58,081] {scheduler_job.py:189} INFO - Processing /opt/airflow/dags/ETL.py took 0.490 seconds
[2024-10-26 08:52:28,213] {scheduler_job.py:181} INFO - Started process (PID=397) to work on /opt/airflow/dags/ETL.py
[2024-10-26 08:52:28,214] {scheduler_job.py:632} INFO - Processing file /opt/airflow/dags/ETL.py for tasks to queue
[2024-10-26 08:52:28,214] {logging_mixin.py:104} INFO - [2024-10-26 08:52:28,214] {dagbag.py:496} INFO - Filling up the DagBag from /opt/airflow/dags/ETL.py
[2024-10-26 08:52:28,647] {scheduler_job.py:642} INFO - DAG(s) dict_keys(['ETL_task']) retrieved from /opt/airflow/dags/ETL.py
[2024-10-26 08:52:28,659] {logging_mixin.py:104} INFO - [2024-10-26 08:52:28,658] {dag.py:1833} INFO - Sync 1 DAGs
[2024-10-26 08:52:28,667] {logging_mixin.py:104} INFO - [2024-10-26 08:52:28,667] {dag.py:2306} INFO - Setting next_dagrun for ETL_task to 2024-10-26T00:00:00+00:00
[2024-10-26 08:52:28,674] {scheduler_job.py:189} INFO - Processing /opt/airflow/dags/ETL.py took 0.462 seconds
[2024-10-26 08:52:58,985] {scheduler_job.py:181} INFO - Started process (PID=470) to work on /opt/airflow/dags/ETL.py
[2024-10-26 08:52:58,986] {scheduler_job.py:632} INFO - Processing file /opt/airflow/dags/ETL.py for tasks to queue
[2024-10-26 08:52:58,986] {logging_mixin.py:104} INFO - [2024-10-26 08:52:58,986] {dagbag.py:496} INFO - Filling up the DagBag from /opt/airflow/dags/ETL.py
[2024-10-26 08:52:59,666] {scheduler_job.py:642} INFO - DAG(s) dict_keys(['ETL_task']) retrieved from /opt/airflow/dags/ETL.py
[2024-10-26 08:52:59,685] {logging_mixin.py:104} INFO - [2024-10-26 08:52:59,683] {dag.py:1833} INFO - Sync 1 DAGs
[2024-10-26 08:52:59,694] {logging_mixin.py:104} INFO - [2024-10-26 08:52:59,694] {dag.py:2306} INFO - Setting next_dagrun for ETL_task to None
[2024-10-26 08:52:59,703] {scheduler_job.py:189} INFO - Processing /opt/airflow/dags/ETL.py took 0.721 seconds
[2024-10-26 08:53:29,869] {scheduler_job.py:181} INFO - Started process (PID=543) to work on /opt/airflow/dags/ETL.py
[2024-10-26 08:53:29,870] {scheduler_job.py:632} INFO - Processing file /opt/airflow/dags/ETL.py for tasks to queue
[2024-10-26 08:53:29,871] {logging_mixin.py:104} INFO - [2024-10-26 08:53:29,870] {dagbag.py:496} INFO - Filling up the DagBag from /opt/airflow/dags/ETL.py
[2024-10-26 08:53:30,311] {scheduler_job.py:642} INFO - DAG(s) dict_keys(['ETL_task']) retrieved from /opt/airflow/dags/ETL.py
[2024-10-26 08:53:30,324] {logging_mixin.py:104} INFO - [2024-10-26 08:53:30,323] {dag.py:1833} INFO - Sync 1 DAGs
[2024-10-26 08:53:30,333] {logging_mixin.py:104} INFO - [2024-10-26 08:53:30,333] {dag.py:2306} INFO - Setting next_dagrun for ETL_task to None
[2024-10-26 08:53:30,341] {scheduler_job.py:189} INFO - Processing /opt/airflow/dags/ETL.py took 0.473 seconds
[2024-10-26 08:54:00,404] {scheduler_job.py:181} INFO - Started process (PID=606) to work on /opt/airflow/dags/ETL.py
[2024-10-26 08:54:00,404] {scheduler_job.py:632} INFO - Processing file /opt/airflow/dags/ETL.py for tasks to queue
[2024-10-26 08:54:00,405] {logging_mixin.py:104} INFO - [2024-10-26 08:54:00,405] {dagbag.py:496} INFO - Filling up the DagBag from /opt/airflow/dags/ETL.py
[2024-10-26 08:54:00,964] {scheduler_job.py:642} INFO - DAG(s) dict_keys(['ETL_task']) retrieved from /opt/airflow/dags/ETL.py
[2024-10-26 08:54:00,978] {logging_mixin.py:104} INFO - [2024-10-26 08:54:00,977] {dag.py:1833} INFO - Sync 1 DAGs
[2024-10-26 08:54:00,987] {logging_mixin.py:104} INFO - [2024-10-26 08:54:00,987] {dag.py:2306} INFO - Setting next_dagrun for ETL_task to None
[2024-10-26 08:54:00,994] {scheduler_job.py:189} INFO - Processing /opt/airflow/dags/ETL.py took 0.593 seconds
[2024-10-26 08:54:31,151] {scheduler_job.py:181} INFO - Started process (PID=679) to work on /opt/airflow/dags/ETL.py
[2024-10-26 08:54:31,152] {scheduler_job.py:632} INFO - Processing file /opt/airflow/dags/ETL.py for tasks to queue
[2024-10-26 08:54:31,153] {logging_mixin.py:104} INFO - [2024-10-26 08:54:31,153] {dagbag.py:496} INFO - Filling up the DagBag from /opt/airflow/dags/ETL.py
[2024-10-26 08:54:31,698] {scheduler_job.py:642} INFO - DAG(s) dict_keys(['ETL_task']) retrieved from /opt/airflow/dags/ETL.py
[2024-10-26 08:54:31,711] {logging_mixin.py:104} INFO - [2024-10-26 08:54:31,710] {dag.py:1833} INFO - Sync 1 DAGs
[2024-10-26 08:54:31,720] {logging_mixin.py:104} INFO - [2024-10-26 08:54:31,720] {dag.py:2306} INFO - Setting next_dagrun for ETL_task to None
[2024-10-26 08:54:31,726] {scheduler_job.py:189} INFO - Processing /opt/airflow/dags/ETL.py took 0.577 seconds
[2024-10-26 08:55:01,754] {scheduler_job.py:181} INFO - Started process (PID=752) to work on /opt/airflow/dags/ETL.py
[2024-10-26 08:55:01,755] {scheduler_job.py:632} INFO - Processing file /opt/airflow/dags/ETL.py for tasks to queue
[2024-10-26 08:55:01,756] {logging_mixin.py:104} INFO - [2024-10-26 08:55:01,756] {dagbag.py:496} INFO - Filling up the DagBag from /opt/airflow/dags/ETL.py
[2024-10-26 08:55:02,201] {scheduler_job.py:642} INFO - DAG(s) dict_keys(['ETL_task']) retrieved from /opt/airflow/dags/ETL.py
[2024-10-26 08:55:02,215] {logging_mixin.py:104} INFO - [2024-10-26 08:55:02,214] {dag.py:1833} INFO - Sync 1 DAGs
[2024-10-26 08:55:02,224] {logging_mixin.py:104} INFO - [2024-10-26 08:55:02,224] {dag.py:2306} INFO - Setting next_dagrun for ETL_task to None
[2024-10-26 08:55:02,232] {scheduler_job.py:189} INFO - Processing /opt/airflow/dags/ETL.py took 0.479 seconds
[2024-10-26 08:55:32,471] {scheduler_job.py:181} INFO - Started process (PID=815) to work on /opt/airflow/dags/ETL.py
[2024-10-26 08:55:32,472] {scheduler_job.py:632} INFO - Processing file /opt/airflow/dags/ETL.py for tasks to queue
[2024-10-26 08:55:32,472] {logging_mixin.py:104} INFO - [2024-10-26 08:55:32,472] {dagbag.py:496} INFO - Filling up the DagBag from /opt/airflow/dags/ETL.py
[2024-10-26 08:55:33,042] {scheduler_job.py:642} INFO - DAG(s) dict_keys(['ETL_task']) retrieved from /opt/airflow/dags/ETL.py
[2024-10-26 08:55:33,056] {logging_mixin.py:104} INFO - [2024-10-26 08:55:33,055] {dag.py:1833} INFO - Sync 1 DAGs
[2024-10-26 08:55:33,067] {logging_mixin.py:104} INFO - [2024-10-26 08:55:33,067] {dag.py:2306} INFO - Setting next_dagrun for ETL_task to None
[2024-10-26 08:55:33,078] {scheduler_job.py:189} INFO - Processing /opt/airflow/dags/ETL.py took 0.609 seconds
[2024-10-26 08:56:03,278] {scheduler_job.py:181} INFO - Started process (PID=888) to work on /opt/airflow/dags/ETL.py
[2024-10-26 08:56:03,279] {scheduler_job.py:632} INFO - Processing file /opt/airflow/dags/ETL.py for tasks to queue
[2024-10-26 08:56:03,280] {logging_mixin.py:104} INFO - [2024-10-26 08:56:03,280] {dagbag.py:496} INFO - Filling up the DagBag from /opt/airflow/dags/ETL.py
[2024-10-26 08:56:03,763] {scheduler_job.py:642} INFO - DAG(s) dict_keys(['ETL_task']) retrieved from /opt/airflow/dags/ETL.py
[2024-10-26 08:56:03,778] {logging_mixin.py:104} INFO - [2024-10-26 08:56:03,778] {dag.py:1833} INFO - Sync 1 DAGs
[2024-10-26 08:56:03,794] {logging_mixin.py:104} INFO - [2024-10-26 08:56:03,794] {dag.py:2306} INFO - Setting next_dagrun for ETL_task to None
[2024-10-26 08:56:03,804] {scheduler_job.py:189} INFO - Processing /opt/airflow/dags/ETL.py took 0.528 seconds
[2024-10-26 08:56:33,951] {scheduler_job.py:181} INFO - Started process (PID=961) to work on /opt/airflow/dags/ETL.py
[2024-10-26 08:56:33,952] {scheduler_job.py:632} INFO - Processing file /opt/airflow/dags/ETL.py for tasks to queue
[2024-10-26 08:56:33,953] {logging_mixin.py:104} INFO - [2024-10-26 08:56:33,953] {dagbag.py:496} INFO - Filling up the DagBag from /opt/airflow/dags/ETL.py
[2024-10-26 08:56:34,472] {scheduler_job.py:642} INFO - DAG(s) dict_keys(['ETL_task']) retrieved from /opt/airflow/dags/ETL.py
[2024-10-26 08:56:34,485] {logging_mixin.py:104} INFO - [2024-10-26 08:56:34,484] {dag.py:1833} INFO - Sync 1 DAGs
[2024-10-26 08:56:34,495] {logging_mixin.py:104} INFO - [2024-10-26 08:56:34,495] {dag.py:2306} INFO - Setting next_dagrun for ETL_task to None
[2024-10-26 08:56:34,501] {scheduler_job.py:189} INFO - Processing /opt/airflow/dags/ETL.py took 0.553 seconds
[2024-10-26 08:57:04,677] {scheduler_job.py:181} INFO - Started process (PID=1033) to work on /opt/airflow/dags/ETL.py
[2024-10-26 08:57:04,678] {scheduler_job.py:632} INFO - Processing file /opt/airflow/dags/ETL.py for tasks to queue
[2024-10-26 08:57:04,679] {logging_mixin.py:104} INFO - [2024-10-26 08:57:04,679] {dagbag.py:496} INFO - Filling up the DagBag from /opt/airflow/dags/ETL.py
[2024-10-26 08:57:05,162] {scheduler_job.py:642} INFO - DAG(s) dict_keys(['ETL_task']) retrieved from /opt/airflow/dags/ETL.py
[2024-10-26 08:57:05,174] {logging_mixin.py:104} INFO - [2024-10-26 08:57:05,174] {dag.py:1833} INFO - Sync 1 DAGs
[2024-10-26 08:57:05,183] {logging_mixin.py:104} INFO - [2024-10-26 08:57:05,183] {dag.py:2306} INFO - Setting next_dagrun for ETL_task to None
[2024-10-26 08:57:05,191] {scheduler_job.py:189} INFO - Processing /opt/airflow/dags/ETL.py took 0.516 seconds
[2024-10-26 08:57:35,227] {scheduler_job.py:181} INFO - Started process (PID=1097) to work on /opt/airflow/dags/ETL.py
[2024-10-26 08:57:35,228] {scheduler_job.py:632} INFO - Processing file /opt/airflow/dags/ETL.py for tasks to queue
[2024-10-26 08:57:35,229] {logging_mixin.py:104} INFO - [2024-10-26 08:57:35,229] {dagbag.py:496} INFO - Filling up the DagBag from /opt/airflow/dags/ETL.py
[2024-10-26 08:57:35,844] {scheduler_job.py:642} INFO - DAG(s) dict_keys(['ETL_task']) retrieved from /opt/airflow/dags/ETL.py
[2024-10-26 08:57:35,859] {logging_mixin.py:104} INFO - [2024-10-26 08:57:35,858] {dag.py:1833} INFO - Sync 1 DAGs
[2024-10-26 08:57:35,870] {logging_mixin.py:104} INFO - [2024-10-26 08:57:35,870] {dag.py:2306} INFO - Setting next_dagrun for ETL_task to None
[2024-10-26 08:57:35,878] {scheduler_job.py:189} INFO - Processing /opt/airflow/dags/ETL.py took 0.653 seconds
[2024-10-26 08:57:57,418] {scheduler_job.py:181} INFO - Started process (PID=1160) to work on /opt/airflow/dags/ETL.py
[2024-10-26 08:57:57,418] {scheduler_job.py:632} INFO - Processing file /opt/airflow/dags/ETL.py for tasks to queue
[2024-10-26 08:57:57,419] {logging_mixin.py:104} INFO - [2024-10-26 08:57:57,419] {dagbag.py:496} INFO - Filling up the DagBag from /opt/airflow/dags/ETL.py
[2024-10-26 08:57:57,819] {scheduler_job.py:642} INFO - DAG(s) dict_keys(['ETL_task']) retrieved from /opt/airflow/dags/ETL.py
[2024-10-26 08:57:57,951] {logging_mixin.py:104} WARNING - /home/airflow/.local/lib/python3.6/site-packages/airflow/utils/email.py:102 PendingDeprecationWarning: Fetching SMTP credentials from configuration variables will be deprecated in a future release. Please set credentials using a connection instead.
[2024-10-26 08:57:57,951] {logging_mixin.py:104} INFO - [2024-10-26 08:57:57,951] {configuration.py:365} WARNING - section/key [smtp/smtp_user] not found in config
[2024-10-26 08:57:57,952] {logging_mixin.py:104} INFO - [2024-10-26 08:57:57,952] {email.py:208} INFO - Email alerting: attempt 1
[2024-10-26 08:57:57,955] {logging_mixin.py:104} INFO - [2024-10-26 08:57:57,955] {configuration.py:365} WARNING - section/key [smtp/smtp_user] not found in config
[2024-10-26 08:57:57,955] {logging_mixin.py:104} INFO - [2024-10-26 08:57:57,955] {email.py:208} INFO - Email alerting: attempt 1
[2024-10-26 08:57:57,962] {scheduler_job.py:599} INFO - Executed failure callback for <TaskInstance: ETL_task.load_from_mysql 2024-10-26 08:51:20.322161+00:00 [failed]> in state failed
[2024-10-26 08:57:57,968] {logging_mixin.py:104} INFO - [2024-10-26 08:57:57,968] {dag.py:1833} INFO - Sync 1 DAGs
[2024-10-26 08:57:57,975] {logging_mixin.py:104} INFO - [2024-10-26 08:57:57,975] {dag.py:2306} INFO - Setting next_dagrun for ETL_task to None
[2024-10-26 08:57:57,981] {scheduler_job.py:189} INFO - Processing /opt/airflow/dags/ETL.py took 0.566 seconds
[2024-10-26 08:59:57,151] {scheduler_job.py:181} INFO - Started process (PID=52) to work on /opt/airflow/dags/ETL.py
[2024-10-26 08:59:57,152] {scheduler_job.py:632} INFO - Processing file /opt/airflow/dags/ETL.py for tasks to queue
[2024-10-26 08:59:57,153] {logging_mixin.py:104} INFO - [2024-10-26 08:59:57,153] {dagbag.py:496} INFO - Filling up the DagBag from /opt/airflow/dags/ETL.py
[2024-10-26 08:59:58,372] {scheduler_job.py:642} INFO - DAG(s) dict_keys(['ETL_task']) retrieved from /opt/airflow/dags/ETL.py
[2024-10-26 08:59:58,389] {logging_mixin.py:104} INFO - [2024-10-26 08:59:58,388] {dag.py:1833} INFO - Sync 1 DAGs
[2024-10-26 08:59:58,406] {logging_mixin.py:104} INFO - [2024-10-26 08:59:58,405] {dag.py:2306} INFO - Setting next_dagrun for ETL_task to None
[2024-10-26 08:59:58,415] {scheduler_job.py:189} INFO - Processing /opt/airflow/dags/ETL.py took 1.266 seconds
[2024-10-26 09:03:41,424] {scheduler_job.py:181} INFO - Started process (PID=52) to work on /opt/airflow/dags/ETL.py
[2024-10-26 09:03:41,425] {scheduler_job.py:632} INFO - Processing file /opt/airflow/dags/ETL.py for tasks to queue
[2024-10-26 09:03:41,426] {logging_mixin.py:104} INFO - [2024-10-26 09:03:41,426] {dagbag.py:496} INFO - Filling up the DagBag from /opt/airflow/dags/ETL.py
[2024-10-26 09:03:42,567] {scheduler_job.py:642} INFO - DAG(s) dict_keys(['ETL_task']) retrieved from /opt/airflow/dags/ETL.py
[2024-10-26 09:03:42,580] {logging_mixin.py:104} INFO - [2024-10-26 09:03:42,579] {dag.py:1833} INFO - Sync 1 DAGs
[2024-10-26 09:03:42,590] {logging_mixin.py:104} INFO - [2024-10-26 09:03:42,590] {dag.py:2306} INFO - Setting next_dagrun for ETL_task to None
[2024-10-26 09:03:42,600] {scheduler_job.py:189} INFO - Processing /opt/airflow/dags/ETL.py took 1.177 seconds
[2024-10-26 09:04:42,538] {scheduler_job.py:181} INFO - Started process (PID=105) to work on /opt/airflow/dags/ETL.py
[2024-10-26 09:04:42,543] {scheduler_job.py:632} INFO - Processing file /opt/airflow/dags/ETL.py for tasks to queue
[2024-10-26 09:04:42,545] {logging_mixin.py:104} INFO - [2024-10-26 09:04:42,545] {dagbag.py:496} INFO - Filling up the DagBag from /opt/airflow/dags/ETL.py
[2024-10-26 09:04:44,235] {scheduler_job.py:642} INFO - DAG(s) dict_keys(['ETL_task']) retrieved from /opt/airflow/dags/ETL.py
[2024-10-26 09:04:44,285] {logging_mixin.py:104} INFO - [2024-10-26 09:04:44,283] {dag.py:1833} INFO - Sync 1 DAGs
[2024-10-26 09:04:44,304] {logging_mixin.py:104} INFO - [2024-10-26 09:04:44,303] {dag.py:2306} INFO - Setting next_dagrun for ETL_task to None
[2024-10-26 09:04:44,322] {scheduler_job.py:189} INFO - Processing /opt/airflow/dags/ETL.py took 1.807 seconds
[2024-10-26 09:07:24,374] {scheduler_job.py:181} INFO - Started process (PID=168) to work on /opt/airflow/dags/ETL.py
[2024-10-26 09:07:24,380] {scheduler_job.py:632} INFO - Processing file /opt/airflow/dags/ETL.py for tasks to queue
[2024-10-26 09:07:24,383] {logging_mixin.py:104} INFO - [2024-10-26 09:07:24,383] {dagbag.py:496} INFO - Filling up the DagBag from /opt/airflow/dags/ETL.py
[2024-10-26 09:07:25,795] {scheduler_job.py:642} INFO - DAG(s) dict_keys(['ETL_task']) retrieved from /opt/airflow/dags/ETL.py
[2024-10-26 09:07:25,813] {logging_mixin.py:104} INFO - [2024-10-26 09:07:25,811] {dag.py:1833} INFO - Sync 1 DAGs
[2024-10-26 09:07:25,828] {logging_mixin.py:104} INFO - [2024-10-26 09:07:25,828] {dag.py:2306} INFO - Setting next_dagrun for ETL_task to None
[2024-10-26 09:07:25,839] {scheduler_job.py:189} INFO - Processing /opt/airflow/dags/ETL.py took 1.504 seconds
[2024-10-26 09:08:37,462] {scheduler_job.py:181} INFO - Started process (PID=227) to work on /opt/airflow/dags/ETL.py
[2024-10-26 09:08:37,474] {scheduler_job.py:632} INFO - Processing file /opt/airflow/dags/ETL.py for tasks to queue
[2024-10-26 09:08:37,490] {logging_mixin.py:104} INFO - [2024-10-26 09:08:37,485] {dagbag.py:496} INFO - Filling up the DagBag from /opt/airflow/dags/ETL.py
[2024-10-26 09:08:42,093] {scheduler_job.py:642} INFO - DAG(s) dict_keys(['ETL_task']) retrieved from /opt/airflow/dags/ETL.py
[2024-10-26 09:08:42,130] {logging_mixin.py:104} INFO - [2024-10-26 09:08:42,128] {dag.py:1833} INFO - Sync 1 DAGs
[2024-10-26 09:08:42,143] {logging_mixin.py:104} INFO - [2024-10-26 09:08:42,143] {dag.py:2306} INFO - Setting next_dagrun for ETL_task to None
[2024-10-26 09:08:42,373] {scheduler_job.py:189} INFO - Processing /opt/airflow/dags/ETL.py took 4.951 seconds
[2024-10-26 09:10:17,472] {scheduler_job.py:181} INFO - Started process (PID=311) to work on /opt/airflow/dags/ETL.py
[2024-10-26 09:10:17,474] {scheduler_job.py:632} INFO - Processing file /opt/airflow/dags/ETL.py for tasks to queue
[2024-10-26 09:10:17,475] {logging_mixin.py:104} INFO - [2024-10-26 09:10:17,474] {dagbag.py:496} INFO - Filling up the DagBag from /opt/airflow/dags/ETL.py
[2024-10-26 09:10:33,315] {scheduler_job.py:642} INFO - DAG(s) dict_keys(['ETL_task']) retrieved from /opt/airflow/dags/ETL.py
[2024-10-26 09:10:33,333] {logging_mixin.py:104} INFO - [2024-10-26 09:10:33,332] {dag.py:1833} INFO - Sync 1 DAGs
[2024-10-26 09:10:33,346] {logging_mixin.py:104} INFO - [2024-10-26 09:10:33,346] {dag.py:2306} INFO - Setting next_dagrun for ETL_task to None
[2024-10-26 09:10:33,358] {scheduler_job.py:189} INFO - Processing /opt/airflow/dags/ETL.py took 15.890 seconds
[2024-10-26 09:12:19,862] {scheduler_job.py:181} INFO - Started process (PID=374) to work on /opt/airflow/dags/ETL.py
[2024-10-26 09:12:19,867] {scheduler_job.py:632} INFO - Processing file /opt/airflow/dags/ETL.py for tasks to queue
[2024-10-26 09:12:19,870] {logging_mixin.py:104} INFO - [2024-10-26 09:12:19,869] {dagbag.py:496} INFO - Filling up the DagBag from /opt/airflow/dags/ETL.py
[2024-10-26 09:12:21,070] {scheduler_job.py:642} INFO - DAG(s) dict_keys(['ETL_task']) retrieved from /opt/airflow/dags/ETL.py
[2024-10-26 09:12:21,087] {logging_mixin.py:104} INFO - [2024-10-26 09:12:21,086] {dag.py:1833} INFO - Sync 1 DAGs
[2024-10-26 09:12:21,099] {logging_mixin.py:104} INFO - [2024-10-26 09:12:21,099] {dag.py:2306} INFO - Setting next_dagrun for ETL_task to None
[2024-10-26 09:12:21,109] {scheduler_job.py:189} INFO - Processing /opt/airflow/dags/ETL.py took 1.263 seconds
[2024-10-26 09:12:52,061] {scheduler_job.py:181} INFO - Started process (PID=451) to work on /opt/airflow/dags/ETL.py
[2024-10-26 09:12:52,062] {scheduler_job.py:632} INFO - Processing file /opt/airflow/dags/ETL.py for tasks to queue
[2024-10-26 09:12:52,063] {logging_mixin.py:104} INFO - [2024-10-26 09:12:52,062] {dagbag.py:496} INFO - Filling up the DagBag from /opt/airflow/dags/ETL.py
[2024-10-26 09:12:55,936] {scheduler_job.py:642} INFO - DAG(s) dict_keys(['ETL_task']) retrieved from /opt/airflow/dags/ETL.py
[2024-10-26 09:12:55,950] {logging_mixin.py:104} INFO - [2024-10-26 09:12:55,949] {dag.py:1833} INFO - Sync 1 DAGs
[2024-10-26 09:12:55,960] {logging_mixin.py:104} INFO - [2024-10-26 09:12:55,960] {dag.py:2306} INFO - Setting next_dagrun for ETL_task to None
[2024-10-26 09:12:55,968] {scheduler_job.py:189} INFO - Processing /opt/airflow/dags/ETL.py took 3.910 seconds
[2024-10-26 09:13:26,170] {scheduler_job.py:181} INFO - Started process (PID=528) to work on /opt/airflow/dags/ETL.py
[2024-10-26 09:13:26,171] {scheduler_job.py:632} INFO - Processing file /opt/airflow/dags/ETL.py for tasks to queue
[2024-10-26 09:13:26,172] {logging_mixin.py:104} INFO - [2024-10-26 09:13:26,172] {dagbag.py:496} INFO - Filling up the DagBag from /opt/airflow/dags/ETL.py
[2024-10-26 09:13:27,334] {scheduler_job.py:642} INFO - DAG(s) dict_keys(['ETL_task']) retrieved from /opt/airflow/dags/ETL.py
[2024-10-26 09:13:27,352] {logging_mixin.py:104} INFO - [2024-10-26 09:13:27,350] {dag.py:1833} INFO - Sync 1 DAGs
[2024-10-26 09:13:27,364] {logging_mixin.py:104} INFO - [2024-10-26 09:13:27,364] {dag.py:2306} INFO - Setting next_dagrun for ETL_task to None
[2024-10-26 09:13:27,372] {scheduler_job.py:189} INFO - Processing /opt/airflow/dags/ETL.py took 1.204 seconds
[2024-10-26 09:13:57,428] {scheduler_job.py:181} INFO - Started process (PID=587) to work on /opt/airflow/dags/ETL.py
[2024-10-26 09:13:57,429] {scheduler_job.py:632} INFO - Processing file /opt/airflow/dags/ETL.py for tasks to queue
[2024-10-26 09:13:57,429] {logging_mixin.py:104} INFO - [2024-10-26 09:13:57,429] {dagbag.py:496} INFO - Filling up the DagBag from /opt/airflow/dags/ETL.py
[2024-10-26 09:13:57,987] {scheduler_job.py:642} INFO - DAG(s) dict_keys(['ETL_task']) retrieved from /opt/airflow/dags/ETL.py
[2024-10-26 09:13:58,020] {logging_mixin.py:104} INFO - [2024-10-26 09:13:58,019] {dag.py:1833} INFO - Sync 1 DAGs
[2024-10-26 09:13:58,032] {logging_mixin.py:104} INFO - [2024-10-26 09:13:58,031] {dag.py:2306} INFO - Setting next_dagrun for ETL_task to None
[2024-10-26 09:13:58,048] {scheduler_job.py:189} INFO - Processing /opt/airflow/dags/ETL.py took 0.623 seconds
[2024-10-26 09:17:23,161] {scheduler_job.py:181} INFO - Started process (PID=667) to work on /opt/airflow/dags/ETL.py
[2024-10-26 09:17:23,162] {scheduler_job.py:632} INFO - Processing file /opt/airflow/dags/ETL.py for tasks to queue
[2024-10-26 09:17:23,164] {logging_mixin.py:104} INFO - [2024-10-26 09:17:23,163] {dagbag.py:496} INFO - Filling up the DagBag from /opt/airflow/dags/ETL.py
[2024-10-26 09:17:24,334] {scheduler_job.py:642} INFO - DAG(s) dict_keys(['ETL_task']) retrieved from /opt/airflow/dags/ETL.py
[2024-10-26 09:17:24,388] {logging_mixin.py:104} INFO - [2024-10-26 09:17:24,387] {dag.py:1833} INFO - Sync 1 DAGs
[2024-10-26 09:17:24,405] {logging_mixin.py:104} INFO - [2024-10-26 09:17:24,405] {dag.py:2306} INFO - Setting next_dagrun for ETL_task to None
[2024-10-26 09:17:24,422] {scheduler_job.py:189} INFO - Processing /opt/airflow/dags/ETL.py took 1.264 seconds
[2024-10-26 09:18:51,772] {scheduler_job.py:181} INFO - Started process (PID=694) to work on /opt/airflow/dags/ETL.py
[2024-10-26 09:18:51,773] {scheduler_job.py:632} INFO - Processing file /opt/airflow/dags/ETL.py for tasks to queue
[2024-10-26 09:18:51,774] {logging_mixin.py:104} INFO - [2024-10-26 09:18:51,774] {dagbag.py:496} INFO - Filling up the DagBag from /opt/airflow/dags/ETL.py
[2024-10-26 09:18:52,811] {scheduler_job.py:642} INFO - DAG(s) dict_keys(['ETL_task']) retrieved from /opt/airflow/dags/ETL.py
[2024-10-26 09:18:52,828] {logging_mixin.py:104} INFO - [2024-10-26 09:18:52,826] {dag.py:1833} INFO - Sync 1 DAGs
[2024-10-26 09:18:52,843] {logging_mixin.py:104} INFO - [2024-10-26 09:18:52,843] {dag.py:2306} INFO - Setting next_dagrun for ETL_task to None
[2024-10-26 09:18:52,851] {scheduler_job.py:189} INFO - Processing /opt/airflow/dags/ETL.py took 1.081 seconds
[2024-10-26 09:19:23,464] {scheduler_job.py:181} INFO - Started process (PID=757) to work on /opt/airflow/dags/ETL.py
[2024-10-26 09:19:23,466] {scheduler_job.py:632} INFO - Processing file /opt/airflow/dags/ETL.py for tasks to queue
[2024-10-26 09:19:23,466] {logging_mixin.py:104} INFO - [2024-10-26 09:19:23,466] {dagbag.py:496} INFO - Filling up the DagBag from /opt/airflow/dags/ETL.py
[2024-10-26 09:19:24,490] {scheduler_job.py:642} INFO - DAG(s) dict_keys(['ETL_task']) retrieved from /opt/airflow/dags/ETL.py
[2024-10-26 09:19:24,536] {logging_mixin.py:104} INFO - [2024-10-26 09:19:24,535] {dag.py:1833} INFO - Sync 1 DAGs
[2024-10-26 09:19:24,564] {logging_mixin.py:104} INFO - [2024-10-26 09:19:24,562] {dag.py:2306} INFO - Setting next_dagrun for ETL_task to None
[2024-10-26 09:19:24,590] {scheduler_job.py:189} INFO - Processing /opt/airflow/dags/ETL.py took 1.129 seconds
[2024-10-26 09:19:54,786] {scheduler_job.py:181} INFO - Started process (PID=798) to work on /opt/airflow/dags/ETL.py
[2024-10-26 09:19:54,787] {scheduler_job.py:632} INFO - Processing file /opt/airflow/dags/ETL.py for tasks to queue
[2024-10-26 09:19:54,788] {logging_mixin.py:104} INFO - [2024-10-26 09:19:54,788] {dagbag.py:496} INFO - Filling up the DagBag from /opt/airflow/dags/ETL.py
[2024-10-26 09:19:55,488] {scheduler_job.py:642} INFO - DAG(s) dict_keys(['ETL_task']) retrieved from /opt/airflow/dags/ETL.py
[2024-10-26 09:19:55,507] {logging_mixin.py:104} INFO - [2024-10-26 09:19:55,505] {dag.py:1833} INFO - Sync 1 DAGs
[2024-10-26 09:19:55,521] {logging_mixin.py:104} INFO - [2024-10-26 09:19:55,520] {dag.py:2306} INFO - Setting next_dagrun for ETL_task to None
[2024-10-26 09:19:55,531] {scheduler_job.py:189} INFO - Processing /opt/airflow/dags/ETL.py took 0.747 seconds
[2024-10-26 09:20:25,829] {scheduler_job.py:181} INFO - Started process (PID=862) to work on /opt/airflow/dags/ETL.py
[2024-10-26 09:20:25,830] {scheduler_job.py:632} INFO - Processing file /opt/airflow/dags/ETL.py for tasks to queue
[2024-10-26 09:20:25,831] {logging_mixin.py:104} INFO - [2024-10-26 09:20:25,831] {dagbag.py:496} INFO - Filling up the DagBag from /opt/airflow/dags/ETL.py
[2024-10-26 09:21:13,589] {logging_mixin.py:104} INFO - [2024-10-26 09:21:12,221] {timeout.py:36} ERROR - Process timed out, PID: 862
[2024-10-26 09:21:29,656] {scheduler_job.py:181} INFO - Started process (PID=877) to work on /opt/airflow/dags/ETL.py
[2024-10-26 09:21:29,657] {scheduler_job.py:632} INFO - Processing file /opt/airflow/dags/ETL.py for tasks to queue
[2024-10-26 09:21:29,657] {logging_mixin.py:104} INFO - [2024-10-26 09:21:29,657] {dagbag.py:496} INFO - Filling up the DagBag from /opt/airflow/dags/ETL.py
[2024-10-26 09:21:30,690] {scheduler_job.py:642} INFO - DAG(s) dict_keys(['ETL_task']) retrieved from /opt/airflow/dags/ETL.py
[2024-10-26 09:21:30,711] {logging_mixin.py:104} INFO - [2024-10-26 09:21:30,710] {dag.py:1833} INFO - Sync 1 DAGs
[2024-10-26 09:21:30,723] {logging_mixin.py:104} INFO - [2024-10-26 09:21:30,723] {dag.py:2306} INFO - Setting next_dagrun for ETL_task to None
[2024-10-26 09:21:30,731] {scheduler_job.py:189} INFO - Processing /opt/airflow/dags/ETL.py took 1.078 seconds
[2024-10-26 09:22:00,824] {scheduler_job.py:181} INFO - Started process (PID=940) to work on /opt/airflow/dags/ETL.py
[2024-10-26 09:22:00,825] {scheduler_job.py:632} INFO - Processing file /opt/airflow/dags/ETL.py for tasks to queue
[2024-10-26 09:22:00,826] {logging_mixin.py:104} INFO - [2024-10-26 09:22:00,826] {dagbag.py:496} INFO - Filling up the DagBag from /opt/airflow/dags/ETL.py
[2024-10-26 09:22:01,782] {scheduler_job.py:642} INFO - DAG(s) dict_keys(['ETL_task']) retrieved from /opt/airflow/dags/ETL.py
[2024-10-26 09:22:01,798] {logging_mixin.py:104} INFO - [2024-10-26 09:22:01,796] {dag.py:1833} INFO - Sync 1 DAGs
[2024-10-26 09:22:01,810] {logging_mixin.py:104} INFO - [2024-10-26 09:22:01,809] {dag.py:2306} INFO - Setting next_dagrun for ETL_task to None
[2024-10-26 09:22:01,817] {scheduler_job.py:189} INFO - Processing /opt/airflow/dags/ETL.py took 0.996 seconds
[2024-10-26 09:22:31,924] {scheduler_job.py:181} INFO - Started process (PID=1016) to work on /opt/airflow/dags/ETL.py
[2024-10-26 09:22:31,925] {scheduler_job.py:632} INFO - Processing file /opt/airflow/dags/ETL.py for tasks to queue
[2024-10-26 09:22:31,926] {logging_mixin.py:104} INFO - [2024-10-26 09:22:31,926] {dagbag.py:496} INFO - Filling up the DagBag from /opt/airflow/dags/ETL.py
[2024-10-26 09:23:07,412] {logging_mixin.py:104} INFO - [2024-10-26 09:23:04,435] {timeout.py:36} ERROR - Process timed out, PID: 1016
[2024-10-26 09:25:12,030] {logging_mixin.py:104} INFO - [2024-10-26 09:23:21,903] {dagbag.py:329} ERROR - Failed to import: /opt/airflow/dags/ETL.py
Traceback (most recent call last):
  File "/home/airflow/.local/lib/python3.6/site-packages/airflow/models/dagbag.py", line 326, in _load_modules_from_file
    loader.exec_module(new_module)
  File "<frozen importlib._bootstrap_external>", line 678, in exec_module
  File "<frozen importlib._bootstrap>", line 219, in _call_with_frames_removed
  File "/opt/airflow/dags/ETL.py", line 5, in <module>
    import pandas as pd
  File "/home/airflow/.local/lib/python3.6/site-packages/pandas/__init__.py", line 11, in <module>
    __import__(dependency)
  File "/home/airflow/.local/lib/python3.6/site-packages/numpy/__init__.py", line 151, in <module>
    from . import random
  File "/home/airflow/.local/lib/python3.6/site-packages/numpy/random/__init__.py", line 179, in <module>
    from . import _pickle
  File "/home/airflow/.local/lib/python3.6/site-packages/numpy/random/_pickle.py", line 4, in <module>
    from ._sfc64 import SFC64
  File "_sfc64.pyx", line 1, in init numpy.random._sfc64
  File "<frozen importlib._bootstrap>", line 200, in _lock_unlock_module
  File "<frozen importlib._bootstrap>", line 166, in _get_module_lock
  File "/home/airflow/.local/lib/python3.6/site-packages/airflow/utils/timeout.py", line 37, in handle_timeout
    raise AirflowTaskTimeout(self.error_message)
airflow.exceptions.AirflowTaskTimeout: DagBag import timeout for /opt/airflow/dags/ETL.py after 30.0s, PID: 1016
[2024-10-26 09:25:12,042] {scheduler_job.py:644} WARNING - No viable dags retrieved from /opt/airflow/dags/ETL.py
[2024-10-26 09:25:12,233] {scheduler_job.py:181} INFO - Started process (PID=1029) to work on /opt/airflow/dags/ETL.py
[2024-10-26 09:25:12,234] {scheduler_job.py:632} INFO - Processing file /opt/airflow/dags/ETL.py for tasks to queue
[2024-10-26 09:25:12,234] {logging_mixin.py:104} INFO - [2024-10-26 09:25:12,234] {dagbag.py:496} INFO - Filling up the DagBag from /opt/airflow/dags/ETL.py
[2024-10-26 09:25:12,975] {scheduler_job.py:642} INFO - DAG(s) dict_keys(['ETL_task']) retrieved from /opt/airflow/dags/ETL.py
[2024-10-26 09:25:13,013] {logging_mixin.py:104} INFO - [2024-10-26 09:25:13,011] {dag.py:1833} INFO - Sync 1 DAGs
[2024-10-26 09:25:13,033] {logging_mixin.py:104} INFO - [2024-10-26 09:25:13,033] {dag.py:2306} INFO - Setting next_dagrun for ETL_task to None
[2024-10-26 09:25:13,050] {scheduler_job.py:189} INFO - Processing /opt/airflow/dags/ETL.py took 0.820 seconds
[2024-10-26 09:25:43,225] {scheduler_job.py:181} INFO - Started process (PID=1092) to work on /opt/airflow/dags/ETL.py
[2024-10-26 09:25:43,227] {scheduler_job.py:632} INFO - Processing file /opt/airflow/dags/ETL.py for tasks to queue
[2024-10-26 09:25:43,228] {logging_mixin.py:104} INFO - [2024-10-26 09:25:43,228] {dagbag.py:496} INFO - Filling up the DagBag from /opt/airflow/dags/ETL.py
[2024-10-26 09:25:46,822] {scheduler_job.py:642} INFO - DAG(s) dict_keys(['ETL_task']) retrieved from /opt/airflow/dags/ETL.py
[2024-10-26 09:25:46,839] {logging_mixin.py:104} INFO - [2024-10-26 09:25:46,838] {dag.py:1833} INFO - Sync 1 DAGs
[2024-10-26 09:25:46,850] {logging_mixin.py:104} INFO - [2024-10-26 09:25:46,850] {dag.py:2306} INFO - Setting next_dagrun for ETL_task to None
[2024-10-26 09:25:46,859] {scheduler_job.py:189} INFO - Processing /opt/airflow/dags/ETL.py took 3.637 seconds
[2024-10-26 09:26:16,884] {scheduler_job.py:181} INFO - Started process (PID=1165) to work on /opt/airflow/dags/ETL.py
[2024-10-26 09:26:16,884] {scheduler_job.py:632} INFO - Processing file /opt/airflow/dags/ETL.py for tasks to queue
[2024-10-26 09:26:16,885] {logging_mixin.py:104} INFO - [2024-10-26 09:26:16,885] {dagbag.py:496} INFO - Filling up the DagBag from /opt/airflow/dags/ETL.py
[2024-10-26 09:26:47,453] {logging_mixin.py:104} INFO - [2024-10-26 09:26:47,413] {timeout.py:36} ERROR - Process timed out, PID: 1165
[2024-10-26 09:26:47,873] {logging_mixin.py:104} INFO - [2024-10-26 09:26:47,642] {dagbag.py:329} ERROR - Failed to import: /opt/airflow/dags/ETL.py
Traceback (most recent call last):
  File "/home/airflow/.local/lib/python3.6/site-packages/airflow/models/dagbag.py", line 326, in _load_modules_from_file
    loader.exec_module(new_module)
  File "<frozen importlib._bootstrap_external>", line 678, in exec_module
  File "<frozen importlib._bootstrap>", line 219, in _call_with_frames_removed
  File "/opt/airflow/dags/ETL.py", line 5, in <module>
    import pandas as pd
  File "/home/airflow/.local/lib/python3.6/site-packages/pandas/__init__.py", line 30, in <module>
    from pandas._libs import hashtable as _hashtable, lib as _lib, tslib as _tslib
  File "/home/airflow/.local/lib/python3.6/site-packages/pandas/_libs/__init__.py", line 13, in <module>
    from pandas._libs.interval import Interval
  File "pandas/_libs/interval.pyx", line 1, in init pandas._libs.interval
  File "pandas/_libs/hashtable.pyx", line 1, in init pandas._libs.hashtable
  File "pandas/_libs/missing.pyx", line 1, in init pandas._libs.missing
  File "/home/airflow/.local/lib/python3.6/site-packages/pandas/_libs/tslibs/__init__.py", line 30, in <module>
    from .conversion import OutOfBoundsTimedelta, localize_pydatetime
  File "pandas/_libs/tslibs/conversion.pyx", line 58, in init pandas._libs.tslibs.conversion
  File "<frozen importlib._bootstrap>", line 416, in parent
  File "/home/airflow/.local/lib/python3.6/site-packages/airflow/utils/timeout.py", line 37, in handle_timeout
    raise AirflowTaskTimeout(self.error_message)
airflow.exceptions.AirflowTaskTimeout: DagBag import timeout for /opt/airflow/dags/ETL.py after 30.0s, PID: 1165
[2024-10-26 09:26:48,006] {scheduler_job.py:644} WARNING - No viable dags retrieved from /opt/airflow/dags/ETL.py
[2024-10-26 09:28:05,437] {scheduler_job.py:181} INFO - Started process (PID=1179) to work on /opt/airflow/dags/ETL.py
[2024-10-26 09:28:05,439] {scheduler_job.py:632} INFO - Processing file /opt/airflow/dags/ETL.py for tasks to queue
[2024-10-26 09:28:05,440] {logging_mixin.py:104} INFO - [2024-10-26 09:28:05,440] {dagbag.py:496} INFO - Filling up the DagBag from /opt/airflow/dags/ETL.py
[2024-10-26 09:28:07,625] {scheduler_job.py:642} INFO - DAG(s) dict_keys(['ETL_task']) retrieved from /opt/airflow/dags/ETL.py
[2024-10-26 09:28:07,640] {logging_mixin.py:104} INFO - [2024-10-26 09:28:07,639] {dag.py:1833} INFO - Sync 1 DAGs
[2024-10-26 09:28:07,652] {logging_mixin.py:104} INFO - [2024-10-26 09:28:07,651] {dag.py:2306} INFO - Setting next_dagrun for ETL_task to None
[2024-10-26 09:28:07,660] {scheduler_job.py:189} INFO - Processing /opt/airflow/dags/ETL.py took 2.226 seconds
[2024-10-26 09:28:38,144] {scheduler_job.py:181} INFO - Started process (PID=1232) to work on /opt/airflow/dags/ETL.py
[2024-10-26 09:28:38,145] {scheduler_job.py:632} INFO - Processing file /opt/airflow/dags/ETL.py for tasks to queue
[2024-10-26 09:28:38,146] {logging_mixin.py:104} INFO - [2024-10-26 09:28:38,146] {dagbag.py:496} INFO - Filling up the DagBag from /opt/airflow/dags/ETL.py
[2024-10-26 09:28:40,194] {scheduler_job.py:642} INFO - DAG(s) dict_keys(['ETL_task']) retrieved from /opt/airflow/dags/ETL.py
[2024-10-26 09:28:40,214] {logging_mixin.py:104} INFO - [2024-10-26 09:28:40,212] {dag.py:1833} INFO - Sync 1 DAGs
[2024-10-26 09:28:40,228] {logging_mixin.py:104} INFO - [2024-10-26 09:28:40,228] {dag.py:2306} INFO - Setting next_dagrun for ETL_task to None
[2024-10-26 09:28:40,242] {scheduler_job.py:189} INFO - Processing /opt/airflow/dags/ETL.py took 2.101 seconds
[2024-10-26 09:29:10,865] {scheduler_job.py:181} INFO - Started process (PID=1295) to work on /opt/airflow/dags/ETL.py
[2024-10-26 09:29:10,866] {scheduler_job.py:632} INFO - Processing file /opt/airflow/dags/ETL.py for tasks to queue
[2024-10-26 09:29:10,866] {logging_mixin.py:104} INFO - [2024-10-26 09:29:10,866] {dagbag.py:496} INFO - Filling up the DagBag from /opt/airflow/dags/ETL.py
[2024-10-26 09:29:11,706] {scheduler_job.py:642} INFO - DAG(s) dict_keys(['ETL_task']) retrieved from /opt/airflow/dags/ETL.py
[2024-10-26 09:29:11,739] {logging_mixin.py:104} INFO - [2024-10-26 09:29:11,737] {dag.py:1833} INFO - Sync 1 DAGs
[2024-10-26 09:29:11,761] {logging_mixin.py:104} INFO - [2024-10-26 09:29:11,760] {dag.py:2306} INFO - Setting next_dagrun for ETL_task to None
[2024-10-26 09:29:11,784] {scheduler_job.py:189} INFO - Processing /opt/airflow/dags/ETL.py took 0.922 seconds
[2024-10-26 09:29:54,020] {scheduler_job.py:181} INFO - Started process (PID=1357) to work on /opt/airflow/dags/ETL.py
[2024-10-26 09:29:54,022] {scheduler_job.py:632} INFO - Processing file /opt/airflow/dags/ETL.py for tasks to queue
[2024-10-26 09:29:54,023] {logging_mixin.py:104} INFO - [2024-10-26 09:29:54,023] {dagbag.py:496} INFO - Filling up the DagBag from /opt/airflow/dags/ETL.py
[2024-10-26 09:29:54,855] {scheduler_job.py:642} INFO - DAG(s) dict_keys(['ETL_task']) retrieved from /opt/airflow/dags/ETL.py
[2024-10-26 09:29:54,902] {logging_mixin.py:104} INFO - [2024-10-26 09:29:54,900] {dag.py:1833} INFO - Sync 1 DAGs
[2024-10-26 09:29:54,970] {logging_mixin.py:104} INFO - [2024-10-26 09:29:54,968] {dag.py:2306} INFO - Setting next_dagrun for ETL_task to None
[2024-10-26 09:29:55,713] {scheduler_job.py:189} INFO - Processing /opt/airflow/dags/ETL.py took 1.696 seconds
[2024-10-26 09:31:11,973] {scheduler_job.py:181} INFO - Started process (PID=1418) to work on /opt/airflow/dags/ETL.py
[2024-10-26 09:31:11,974] {scheduler_job.py:632} INFO - Processing file /opt/airflow/dags/ETL.py for tasks to queue
[2024-10-26 09:31:11,975] {logging_mixin.py:104} INFO - [2024-10-26 09:31:11,975] {dagbag.py:496} INFO - Filling up the DagBag from /opt/airflow/dags/ETL.py
[2024-10-26 09:31:12,602] {scheduler_job.py:642} INFO - DAG(s) dict_keys(['ETL_task']) retrieved from /opt/airflow/dags/ETL.py
[2024-10-26 09:31:12,617] {logging_mixin.py:104} INFO - [2024-10-26 09:31:12,616] {dag.py:1833} INFO - Sync 1 DAGs
[2024-10-26 09:31:12,628] {logging_mixin.py:104} INFO - [2024-10-26 09:31:12,628] {dag.py:2306} INFO - Setting next_dagrun for ETL_task to None
[2024-10-26 09:31:12,638] {scheduler_job.py:189} INFO - Processing /opt/airflow/dags/ETL.py took 0.667 seconds
[2024-10-26 09:32:27,076] {scheduler_job.py:181} INFO - Started process (PID=1442) to work on /opt/airflow/dags/ETL.py
[2024-10-26 09:32:27,077] {scheduler_job.py:632} INFO - Processing file /opt/airflow/dags/ETL.py for tasks to queue
[2024-10-26 09:32:27,078] {logging_mixin.py:104} INFO - [2024-10-26 09:32:27,078] {dagbag.py:496} INFO - Filling up the DagBag from /opt/airflow/dags/ETL.py
[2024-10-26 09:32:27,830] {scheduler_job.py:642} INFO - DAG(s) dict_keys(['ETL_task']) retrieved from /opt/airflow/dags/ETL.py
[2024-10-26 09:32:27,849] {logging_mixin.py:104} INFO - [2024-10-26 09:32:27,847] {dag.py:1833} INFO - Sync 1 DAGs
[2024-10-26 09:32:27,864] {logging_mixin.py:104} INFO - [2024-10-26 09:32:27,864] {dag.py:2306} INFO - Setting next_dagrun for ETL_task to None
[2024-10-26 09:32:27,878] {scheduler_job.py:189} INFO - Processing /opt/airflow/dags/ETL.py took 0.805 seconds
[2024-10-26 09:34:23,869] {scheduler_job.py:181} INFO - Started process (PID=1495) to work on /opt/airflow/dags/ETL.py
[2024-10-26 09:34:23,871] {scheduler_job.py:632} INFO - Processing file /opt/airflow/dags/ETL.py for tasks to queue
[2024-10-26 09:34:23,876] {logging_mixin.py:104} INFO - [2024-10-26 09:34:23,876] {dagbag.py:496} INFO - Filling up the DagBag from /opt/airflow/dags/ETL.py
[2024-10-26 09:34:24,854] {scheduler_job.py:642} INFO - DAG(s) dict_keys(['ETL_task']) retrieved from /opt/airflow/dags/ETL.py
[2024-10-26 09:34:24,878] {logging_mixin.py:104} INFO - [2024-10-26 09:34:24,876] {dag.py:1833} INFO - Sync 1 DAGs
[2024-10-26 09:34:24,974] {logging_mixin.py:104} INFO - [2024-10-26 09:34:24,974] {dag.py:2306} INFO - Setting next_dagrun for ETL_task to None
[2024-10-26 09:34:24,983] {scheduler_job.py:189} INFO - Processing /opt/airflow/dags/ETL.py took 1.123 seconds
[2024-10-26 09:35:52,181] {scheduler_job.py:181} INFO - Started process (PID=1548) to work on /opt/airflow/dags/ETL.py
[2024-10-26 09:35:52,186] {scheduler_job.py:632} INFO - Processing file /opt/airflow/dags/ETL.py for tasks to queue
[2024-10-26 09:35:52,187] {logging_mixin.py:104} INFO - [2024-10-26 09:35:52,187] {dagbag.py:496} INFO - Filling up the DagBag from /opt/airflow/dags/ETL.py
[2024-10-26 09:35:53,095] {scheduler_job.py:642} INFO - DAG(s) dict_keys(['ETL_task']) retrieved from /opt/airflow/dags/ETL.py
[2024-10-26 09:35:53,121] {logging_mixin.py:104} INFO - [2024-10-26 09:35:53,120] {dag.py:1833} INFO - Sync 1 DAGs
[2024-10-26 09:35:53,219] {logging_mixin.py:104} INFO - [2024-10-26 09:35:53,219] {dag.py:2306} INFO - Setting next_dagrun for ETL_task to None
[2024-10-26 09:35:53,229] {scheduler_job.py:189} INFO - Processing /opt/airflow/dags/ETL.py took 1.063 seconds
[2024-10-26 09:36:23,292] {scheduler_job.py:181} INFO - Started process (PID=1611) to work on /opt/airflow/dags/ETL.py
[2024-10-26 09:36:23,293] {scheduler_job.py:632} INFO - Processing file /opt/airflow/dags/ETL.py for tasks to queue
[2024-10-26 09:36:23,293] {logging_mixin.py:104} INFO - [2024-10-26 09:36:23,293] {dagbag.py:496} INFO - Filling up the DagBag from /opt/airflow/dags/ETL.py
[2024-10-26 09:37:24,638] {logging_mixin.py:104} INFO - [2024-10-26 09:37:01,679] {timeout.py:36} ERROR - Process timed out, PID: 1611
[2024-10-26 09:37:24,814] {scheduler_job.py:181} INFO - Started process (PID=1628) to work on /opt/airflow/dags/ETL.py
[2024-10-26 09:37:24,815] {scheduler_job.py:632} INFO - Processing file /opt/airflow/dags/ETL.py for tasks to queue
[2024-10-26 09:37:24,817] {logging_mixin.py:104} INFO - [2024-10-26 09:37:24,817] {dagbag.py:496} INFO - Filling up the DagBag from /opt/airflow/dags/ETL.py
[2024-10-26 09:37:25,585] {scheduler_job.py:642} INFO - DAG(s) dict_keys(['ETL_task']) retrieved from /opt/airflow/dags/ETL.py
[2024-10-26 09:37:25,603] {logging_mixin.py:104} INFO - [2024-10-26 09:37:25,602] {dag.py:1833} INFO - Sync 1 DAGs
[2024-10-26 09:37:25,616] {logging_mixin.py:104} INFO - [2024-10-26 09:37:25,616] {dag.py:2306} INFO - Setting next_dagrun for ETL_task to None
[2024-10-26 09:37:25,625] {scheduler_job.py:189} INFO - Processing /opt/airflow/dags/ETL.py took 0.814 seconds
[2024-10-26 09:38:42,463] {scheduler_job.py:181} INFO - Started process (PID=1681) to work on /opt/airflow/dags/ETL.py
[2024-10-26 09:38:42,465] {scheduler_job.py:632} INFO - Processing file /opt/airflow/dags/ETL.py for tasks to queue
[2024-10-26 09:38:42,466] {logging_mixin.py:104} INFO - [2024-10-26 09:38:42,465] {dagbag.py:496} INFO - Filling up the DagBag from /opt/airflow/dags/ETL.py
[2024-10-26 09:38:43,167] {scheduler_job.py:642} INFO - DAG(s) dict_keys(['ETL_task']) retrieved from /opt/airflow/dags/ETL.py
[2024-10-26 09:38:43,181] {logging_mixin.py:104} INFO - [2024-10-26 09:38:43,180] {dag.py:1833} INFO - Sync 1 DAGs
[2024-10-26 09:38:43,191] {logging_mixin.py:104} INFO - [2024-10-26 09:38:43,190] {dag.py:2306} INFO - Setting next_dagrun for ETL_task to None
[2024-10-26 09:38:43,198] {scheduler_job.py:189} INFO - Processing /opt/airflow/dags/ETL.py took 0.740 seconds
[2024-10-26 09:40:52,580] {scheduler_job.py:181} INFO - Started process (PID=1734) to work on /opt/airflow/dags/ETL.py
[2024-10-26 09:40:52,588] {scheduler_job.py:632} INFO - Processing file /opt/airflow/dags/ETL.py for tasks to queue
[2024-10-26 09:40:52,589] {logging_mixin.py:104} INFO - [2024-10-26 09:40:52,589] {dagbag.py:496} INFO - Filling up the DagBag from /opt/airflow/dags/ETL.py
[2024-10-26 09:40:53,631] {scheduler_job.py:642} INFO - DAG(s) dict_keys(['ETL_task']) retrieved from /opt/airflow/dags/ETL.py
[2024-10-26 09:40:53,668] {logging_mixin.py:104} INFO - [2024-10-26 09:40:53,665] {dag.py:1833} INFO - Sync 1 DAGs
[2024-10-26 09:40:53,689] {logging_mixin.py:104} INFO - [2024-10-26 09:40:53,688] {dag.py:2306} INFO - Setting next_dagrun for ETL_task to None
[2024-10-26 09:40:53,713] {scheduler_job.py:189} INFO - Processing /opt/airflow/dags/ETL.py took 1.137 seconds
[2024-10-26 09:41:41,291] {scheduler_job.py:181} INFO - Started process (PID=1787) to work on /opt/airflow/dags/ETL.py
[2024-10-26 09:41:41,292] {scheduler_job.py:632} INFO - Processing file /opt/airflow/dags/ETL.py for tasks to queue
[2024-10-26 09:41:41,293] {logging_mixin.py:104} INFO - [2024-10-26 09:41:41,293] {dagbag.py:496} INFO - Filling up the DagBag from /opt/airflow/dags/ETL.py
[2024-10-26 09:41:42,132] {scheduler_job.py:642} INFO - DAG(s) dict_keys(['ETL_task']) retrieved from /opt/airflow/dags/ETL.py
[2024-10-26 09:41:42,169] {logging_mixin.py:104} INFO - [2024-10-26 09:41:42,167] {dag.py:1833} INFO - Sync 1 DAGs
[2024-10-26 09:41:42,183] {logging_mixin.py:104} INFO - [2024-10-26 09:41:42,183] {dag.py:2306} INFO - Setting next_dagrun for ETL_task to None
[2024-10-26 09:41:42,194] {scheduler_job.py:189} INFO - Processing /opt/airflow/dags/ETL.py took 0.906 seconds
[2024-10-26 09:42:53,565] {scheduler_job.py:181} INFO - Started process (PID=1817) to work on /opt/airflow/dags/ETL.py
[2024-10-26 09:42:53,568] {scheduler_job.py:632} INFO - Processing file /opt/airflow/dags/ETL.py for tasks to queue
[2024-10-26 09:42:53,569] {logging_mixin.py:104} INFO - [2024-10-26 09:42:53,569] {dagbag.py:496} INFO - Filling up the DagBag from /opt/airflow/dags/ETL.py
[2024-10-26 09:42:54,316] {scheduler_job.py:642} INFO - DAG(s) dict_keys(['ETL_task']) retrieved from /opt/airflow/dags/ETL.py
[2024-10-26 09:42:54,331] {logging_mixin.py:104} INFO - [2024-10-26 09:42:54,330] {dag.py:1833} INFO - Sync 1 DAGs
[2024-10-26 09:42:54,341] {logging_mixin.py:104} INFO - [2024-10-26 09:42:54,341] {dag.py:2306} INFO - Setting next_dagrun for ETL_task to None
[2024-10-26 09:42:54,349] {scheduler_job.py:189} INFO - Processing /opt/airflow/dags/ETL.py took 0.789 seconds
[2024-10-26 09:43:35,508] {scheduler_job.py:181} INFO - Started process (PID=1870) to work on /opt/airflow/dags/ETL.py
[2024-10-26 09:43:35,511] {scheduler_job.py:632} INFO - Processing file /opt/airflow/dags/ETL.py for tasks to queue
[2024-10-26 09:43:35,512] {logging_mixin.py:104} INFO - [2024-10-26 09:43:35,512] {dagbag.py:496} INFO - Filling up the DagBag from /opt/airflow/dags/ETL.py
[2024-10-26 09:43:36,397] {scheduler_job.py:642} INFO - DAG(s) dict_keys(['ETL_task']) retrieved from /opt/airflow/dags/ETL.py
[2024-10-26 09:43:36,417] {logging_mixin.py:104} INFO - [2024-10-26 09:43:36,416] {dag.py:1833} INFO - Sync 1 DAGs
[2024-10-26 09:43:36,429] {logging_mixin.py:104} INFO - [2024-10-26 09:43:36,429] {dag.py:2306} INFO - Setting next_dagrun for ETL_task to None
[2024-10-26 09:43:36,438] {scheduler_job.py:189} INFO - Processing /opt/airflow/dags/ETL.py took 0.938 seconds
[2024-10-26 09:44:25,059] {scheduler_job.py:181} INFO - Started process (PID=1913) to work on /opt/airflow/dags/ETL.py
[2024-10-26 09:44:25,062] {scheduler_job.py:632} INFO - Processing file /opt/airflow/dags/ETL.py for tasks to queue
[2024-10-26 09:44:25,063] {logging_mixin.py:104} INFO - [2024-10-26 09:44:25,063] {dagbag.py:496} INFO - Filling up the DagBag from /opt/airflow/dags/ETL.py
[2024-10-26 09:44:25,777] {scheduler_job.py:642} INFO - DAG(s) dict_keys(['ETL_task']) retrieved from /opt/airflow/dags/ETL.py
[2024-10-26 09:44:25,795] {logging_mixin.py:104} INFO - [2024-10-26 09:44:25,794] {dag.py:1833} INFO - Sync 1 DAGs
[2024-10-26 09:44:25,805] {logging_mixin.py:104} INFO - [2024-10-26 09:44:25,805] {dag.py:2306} INFO - Setting next_dagrun for ETL_task to None
[2024-10-26 09:44:25,816] {scheduler_job.py:189} INFO - Processing /opt/airflow/dags/ETL.py took 0.762 seconds
[2024-10-26 09:46:37,853] {scheduler_job.py:181} INFO - Started process (PID=1966) to work on /opt/airflow/dags/ETL.py
[2024-10-26 09:46:37,856] {scheduler_job.py:632} INFO - Processing file /opt/airflow/dags/ETL.py for tasks to queue
[2024-10-26 09:46:37,859] {logging_mixin.py:104} INFO - [2024-10-26 09:46:37,859] {dagbag.py:496} INFO - Filling up the DagBag from /opt/airflow/dags/ETL.py
[2024-10-26 09:46:38,939] {scheduler_job.py:642} INFO - DAG(s) dict_keys(['ETL_task']) retrieved from /opt/airflow/dags/ETL.py
[2024-10-26 09:46:38,958] {logging_mixin.py:104} INFO - [2024-10-26 09:46:38,957] {dag.py:1833} INFO - Sync 1 DAGs
[2024-10-26 09:46:38,972] {logging_mixin.py:104} INFO - [2024-10-26 09:46:38,972] {dag.py:2306} INFO - Setting next_dagrun for ETL_task to None
[2024-10-26 09:46:38,981] {scheduler_job.py:189} INFO - Processing /opt/airflow/dags/ETL.py took 1.145 seconds
[2024-10-26 09:47:35,019] {scheduler_job.py:181} INFO - Started process (PID=2019) to work on /opt/airflow/dags/ETL.py
[2024-10-26 09:47:35,021] {scheduler_job.py:632} INFO - Processing file /opt/airflow/dags/ETL.py for tasks to queue
[2024-10-26 09:47:35,023] {logging_mixin.py:104} INFO - [2024-10-26 09:47:35,023] {dagbag.py:496} INFO - Filling up the DagBag from /opt/airflow/dags/ETL.py
[2024-10-26 09:47:35,736] {scheduler_job.py:642} INFO - DAG(s) dict_keys(['ETL_task']) retrieved from /opt/airflow/dags/ETL.py
[2024-10-26 09:47:35,756] {logging_mixin.py:104} INFO - [2024-10-26 09:47:35,755] {dag.py:1833} INFO - Sync 1 DAGs
[2024-10-26 09:47:35,772] {logging_mixin.py:104} INFO - [2024-10-26 09:47:35,771] {dag.py:2306} INFO - Setting next_dagrun for ETL_task to None
[2024-10-26 09:47:35,783] {scheduler_job.py:189} INFO - Processing /opt/airflow/dags/ETL.py took 0.768 seconds
[2024-10-26 09:48:22,132] {scheduler_job.py:181} INFO - Started process (PID=2082) to work on /opt/airflow/dags/ETL.py
[2024-10-26 09:48:22,134] {scheduler_job.py:632} INFO - Processing file /opt/airflow/dags/ETL.py for tasks to queue
[2024-10-26 09:48:22,135] {logging_mixin.py:104} INFO - [2024-10-26 09:48:22,134] {dagbag.py:496} INFO - Filling up the DagBag from /opt/airflow/dags/ETL.py
[2024-10-26 09:48:22,828] {scheduler_job.py:642} INFO - DAG(s) dict_keys(['ETL_task']) retrieved from /opt/airflow/dags/ETL.py
[2024-10-26 09:48:22,845] {logging_mixin.py:104} INFO - [2024-10-26 09:48:22,843] {dag.py:1833} INFO - Sync 1 DAGs
[2024-10-26 09:48:22,857] {logging_mixin.py:104} INFO - [2024-10-26 09:48:22,857] {dag.py:2306} INFO - Setting next_dagrun for ETL_task to None
[2024-10-26 09:48:22,865] {scheduler_job.py:189} INFO - Processing /opt/airflow/dags/ETL.py took 0.737 seconds
[2024-10-26 09:49:23,826] {scheduler_job.py:181} INFO - Started process (PID=2125) to work on /opt/airflow/dags/ETL.py
[2024-10-26 09:49:23,827] {scheduler_job.py:632} INFO - Processing file /opt/airflow/dags/ETL.py for tasks to queue
[2024-10-26 09:49:23,828] {logging_mixin.py:104} INFO - [2024-10-26 09:49:23,828] {dagbag.py:496} INFO - Filling up the DagBag from /opt/airflow/dags/ETL.py
[2024-10-26 09:49:24,497] {scheduler_job.py:642} INFO - DAG(s) dict_keys(['ETL_task']) retrieved from /opt/airflow/dags/ETL.py
[2024-10-26 09:49:24,510] {logging_mixin.py:104} INFO - [2024-10-26 09:49:24,509] {dag.py:1833} INFO - Sync 1 DAGs
[2024-10-26 09:49:24,521] {logging_mixin.py:104} INFO - [2024-10-26 09:49:24,521] {dag.py:2306} INFO - Setting next_dagrun for ETL_task to None
[2024-10-26 09:49:24,529] {scheduler_job.py:189} INFO - Processing /opt/airflow/dags/ETL.py took 0.705 seconds
[2024-10-26 09:50:00,963] {scheduler_job.py:181} INFO - Started process (PID=2178) to work on /opt/airflow/dags/ETL.py
[2024-10-26 09:50:00,964] {scheduler_job.py:632} INFO - Processing file /opt/airflow/dags/ETL.py for tasks to queue
[2024-10-26 09:50:00,965] {logging_mixin.py:104} INFO - [2024-10-26 09:50:00,965] {dagbag.py:496} INFO - Filling up the DagBag from /opt/airflow/dags/ETL.py
[2024-10-26 09:50:01,356] {scheduler_job.py:642} INFO - DAG(s) dict_keys(['ETL_task']) retrieved from /opt/airflow/dags/ETL.py
[2024-10-26 09:50:01,372] {logging_mixin.py:104} INFO - [2024-10-26 09:50:01,371] {dag.py:1833} INFO - Sync 1 DAGs
[2024-10-26 09:50:01,383] {logging_mixin.py:104} INFO - [2024-10-26 09:50:01,383] {dag.py:2306} INFO - Setting next_dagrun for ETL_task to None
[2024-10-26 09:50:01,394] {scheduler_job.py:189} INFO - Processing /opt/airflow/dags/ETL.py took 0.856 seconds
[2024-10-26 09:51:22,319] {scheduler_job.py:181} INFO - Started process (PID=2241) to work on /opt/airflow/dags/ETL.py
[2024-10-26 09:51:22,323] {scheduler_job.py:632} INFO - Processing file /opt/airflow/dags/ETL.py for tasks to queue
[2024-10-26 09:51:22,324] {logging_mixin.py:104} INFO - [2024-10-26 09:51:22,324] {dagbag.py:496} INFO - Filling up the DagBag from /opt/airflow/dags/ETL.py
[2024-10-26 09:51:23,082] {scheduler_job.py:642} INFO - DAG(s) dict_keys(['ETL_task']) retrieved from /opt/airflow/dags/ETL.py
[2024-10-26 09:51:23,096] {logging_mixin.py:104} INFO - [2024-10-26 09:51:23,095] {dag.py:1833} INFO - Sync 1 DAGs
[2024-10-26 09:51:23,106] {logging_mixin.py:104} INFO - [2024-10-26 09:51:23,106] {dag.py:2306} INFO - Setting next_dagrun for ETL_task to None
[2024-10-26 09:51:23,115] {scheduler_job.py:189} INFO - Processing /opt/airflow/dags/ETL.py took 0.801 seconds
[2024-10-26 09:51:53,542] {scheduler_job.py:181} INFO - Started process (PID=2294) to work on /opt/airflow/dags/ETL.py
[2024-10-26 09:51:53,544] {scheduler_job.py:632} INFO - Processing file /opt/airflow/dags/ETL.py for tasks to queue
[2024-10-26 09:51:53,544] {logging_mixin.py:104} INFO - [2024-10-26 09:51:53,544] {dagbag.py:496} INFO - Filling up the DagBag from /opt/airflow/dags/ETL.py
[2024-10-26 09:51:54,476] {scheduler_job.py:642} INFO - DAG(s) dict_keys(['ETL_task']) retrieved from /opt/airflow/dags/ETL.py
[2024-10-26 09:51:54,494] {logging_mixin.py:104} INFO - [2024-10-26 09:51:54,492] {dag.py:1833} INFO - Sync 1 DAGs
[2024-10-26 09:51:54,508] {logging_mixin.py:104} INFO - [2024-10-26 09:51:54,507] {dag.py:2306} INFO - Setting next_dagrun for ETL_task to None
[2024-10-26 09:51:54,517] {scheduler_job.py:189} INFO - Processing /opt/airflow/dags/ETL.py took 0.978 seconds
[2024-10-26 09:52:40,179] {scheduler_job.py:181} INFO - Started process (PID=2347) to work on /opt/airflow/dags/ETL.py
[2024-10-26 09:52:40,185] {scheduler_job.py:632} INFO - Processing file /opt/airflow/dags/ETL.py for tasks to queue
[2024-10-26 09:52:40,187] {logging_mixin.py:104} INFO - [2024-10-26 09:52:40,186] {dagbag.py:496} INFO - Filling up the DagBag from /opt/airflow/dags/ETL.py
[2024-10-26 09:52:41,039] {scheduler_job.py:642} INFO - DAG(s) dict_keys(['ETL_task']) retrieved from /opt/airflow/dags/ETL.py
[2024-10-26 09:52:41,060] {logging_mixin.py:104} INFO - [2024-10-26 09:52:41,058] {dag.py:1833} INFO - Sync 1 DAGs
[2024-10-26 09:52:41,076] {logging_mixin.py:104} INFO - [2024-10-26 09:52:41,076] {dag.py:2306} INFO - Setting next_dagrun for ETL_task to None
[2024-10-26 09:52:41,090] {scheduler_job.py:189} INFO - Processing /opt/airflow/dags/ETL.py took 0.916 seconds
[2024-10-26 09:54:03,558] {scheduler_job.py:181} INFO - Started process (PID=2400) to work on /opt/airflow/dags/ETL.py
[2024-10-26 09:54:03,560] {scheduler_job.py:632} INFO - Processing file /opt/airflow/dags/ETL.py for tasks to queue
[2024-10-26 09:54:03,561] {logging_mixin.py:104} INFO - [2024-10-26 09:54:03,561] {dagbag.py:496} INFO - Filling up the DagBag from /opt/airflow/dags/ETL.py
[2024-10-26 09:54:04,442] {scheduler_job.py:642} INFO - DAG(s) dict_keys(['ETL_task']) retrieved from /opt/airflow/dags/ETL.py
[2024-10-26 09:54:04,459] {logging_mixin.py:104} INFO - [2024-10-26 09:54:04,458] {dag.py:1833} INFO - Sync 1 DAGs
[2024-10-26 09:54:04,474] {logging_mixin.py:104} INFO - [2024-10-26 09:54:04,474] {dag.py:2306} INFO - Setting next_dagrun for ETL_task to None
[2024-10-26 09:54:04,484] {scheduler_job.py:189} INFO - Processing /opt/airflow/dags/ETL.py took 0.931 seconds
[2024-10-26 09:55:23,881] {scheduler_job.py:181} INFO - Started process (PID=2463) to work on /opt/airflow/dags/ETL.py
[2024-10-26 09:55:23,885] {scheduler_job.py:632} INFO - Processing file /opt/airflow/dags/ETL.py for tasks to queue
[2024-10-26 09:55:23,891] {logging_mixin.py:104} INFO - [2024-10-26 09:55:23,889] {dagbag.py:496} INFO - Filling up the DagBag from /opt/airflow/dags/ETL.py
[2024-10-26 09:55:25,299] {scheduler_job.py:642} INFO - DAG(s) dict_keys(['ETL_task']) retrieved from /opt/airflow/dags/ETL.py
[2024-10-26 09:55:25,329] {logging_mixin.py:104} INFO - [2024-10-26 09:55:25,327] {dag.py:1833} INFO - Sync 1 DAGs
[2024-10-26 09:55:25,348] {logging_mixin.py:104} INFO - [2024-10-26 09:55:25,348] {dag.py:2306} INFO - Setting next_dagrun for ETL_task to None
[2024-10-26 09:55:25,363] {scheduler_job.py:189} INFO - Processing /opt/airflow/dags/ETL.py took 1.516 seconds
[2024-10-26 09:58:20,160] {scheduler_job.py:181} INFO - Started process (PID=2532) to work on /opt/airflow/dags/ETL.py
[2024-10-26 09:58:20,161] {scheduler_job.py:632} INFO - Processing file /opt/airflow/dags/ETL.py for tasks to queue
[2024-10-26 09:58:20,161] {logging_mixin.py:104} INFO - [2024-10-26 09:58:20,161] {dagbag.py:496} INFO - Filling up the DagBag from /opt/airflow/dags/ETL.py
[2024-10-26 09:58:21,065] {scheduler_job.py:642} INFO - DAG(s) dict_keys(['ETL_task']) retrieved from /opt/airflow/dags/ETL.py
[2024-10-26 09:58:21,109] {logging_mixin.py:104} INFO - [2024-10-26 09:58:21,107] {dag.py:1833} INFO - Sync 1 DAGs
[2024-10-26 09:58:21,137] {logging_mixin.py:104} INFO - [2024-10-26 09:58:21,136] {dag.py:2306} INFO - Setting next_dagrun for ETL_task to None
[2024-10-26 09:58:21,187] {scheduler_job.py:189} INFO - Processing /opt/airflow/dags/ETL.py took 1.030 seconds
[2024-10-26 09:58:51,235] {scheduler_job.py:181} INFO - Started process (PID=2599) to work on /opt/airflow/dags/ETL.py
[2024-10-26 09:58:51,236] {scheduler_job.py:632} INFO - Processing file /opt/airflow/dags/ETL.py for tasks to queue
[2024-10-26 09:58:51,237] {logging_mixin.py:104} INFO - [2024-10-26 09:58:51,237] {dagbag.py:496} INFO - Filling up the DagBag from /opt/airflow/dags/ETL.py
[2024-10-26 09:58:51,816] {scheduler_job.py:642} INFO - DAG(s) dict_keys(['ETL_task']) retrieved from /opt/airflow/dags/ETL.py
[2024-10-26 09:58:51,833] {logging_mixin.py:104} INFO - [2024-10-26 09:58:51,832] {dag.py:1833} INFO - Sync 1 DAGs
[2024-10-26 09:58:51,844] {logging_mixin.py:104} INFO - [2024-10-26 09:58:51,844] {dag.py:2306} INFO - Setting next_dagrun for ETL_task to None
[2024-10-26 09:58:51,852] {scheduler_job.py:189} INFO - Processing /opt/airflow/dags/ETL.py took 0.620 seconds
[2024-10-26 09:59:21,927] {scheduler_job.py:181} INFO - Started process (PID=2668) to work on /opt/airflow/dags/ETL.py
[2024-10-26 09:59:21,928] {scheduler_job.py:632} INFO - Processing file /opt/airflow/dags/ETL.py for tasks to queue
[2024-10-26 09:59:21,928] {logging_mixin.py:104} INFO - [2024-10-26 09:59:21,928] {dagbag.py:496} INFO - Filling up the DagBag from /opt/airflow/dags/ETL.py
[2024-10-26 09:59:22,558] {scheduler_job.py:642} INFO - DAG(s) dict_keys(['ETL_task']) retrieved from /opt/airflow/dags/ETL.py
[2024-10-26 09:59:22,588] {logging_mixin.py:104} INFO - [2024-10-26 09:59:22,587] {dag.py:1833} INFO - Sync 1 DAGs
[2024-10-26 09:59:22,605] {logging_mixin.py:104} INFO - [2024-10-26 09:59:22,605] {dag.py:2306} INFO - Setting next_dagrun for ETL_task to None
[2024-10-26 09:59:22,616] {scheduler_job.py:189} INFO - Processing /opt/airflow/dags/ETL.py took 0.692 seconds
[2024-10-26 09:59:52,750] {scheduler_job.py:181} INFO - Started process (PID=2731) to work on /opt/airflow/dags/ETL.py
[2024-10-26 09:59:52,751] {scheduler_job.py:632} INFO - Processing file /opt/airflow/dags/ETL.py for tasks to queue
[2024-10-26 09:59:52,752] {logging_mixin.py:104} INFO - [2024-10-26 09:59:52,751] {dagbag.py:496} INFO - Filling up the DagBag from /opt/airflow/dags/ETL.py
[2024-10-26 09:59:53,389] {scheduler_job.py:642} INFO - DAG(s) dict_keys(['ETL_task']) retrieved from /opt/airflow/dags/ETL.py
[2024-10-26 09:59:53,426] {logging_mixin.py:104} INFO - [2024-10-26 09:59:53,425] {dag.py:1833} INFO - Sync 1 DAGs
[2024-10-26 09:59:53,440] {logging_mixin.py:104} INFO - [2024-10-26 09:59:53,440] {dag.py:2306} INFO - Setting next_dagrun for ETL_task to None
[2024-10-26 09:59:53,451] {scheduler_job.py:189} INFO - Processing /opt/airflow/dags/ETL.py took 0.703 seconds
[2024-10-26 10:00:23,638] {scheduler_job.py:181} INFO - Started process (PID=2804) to work on /opt/airflow/dags/ETL.py
[2024-10-26 10:00:23,638] {scheduler_job.py:632} INFO - Processing file /opt/airflow/dags/ETL.py for tasks to queue
[2024-10-26 10:00:23,639] {logging_mixin.py:104} INFO - [2024-10-26 10:00:23,639] {dagbag.py:496} INFO - Filling up the DagBag from /opt/airflow/dags/ETL.py
[2024-10-26 10:00:24,259] {scheduler_job.py:642} INFO - DAG(s) dict_keys(['ETL_task']) retrieved from /opt/airflow/dags/ETL.py
[2024-10-26 10:00:24,270] {logging_mixin.py:104} INFO - [2024-10-26 10:00:24,269] {dag.py:1833} INFO - Sync 1 DAGs
[2024-10-26 10:00:24,279] {logging_mixin.py:104} INFO - [2024-10-26 10:00:24,278] {dag.py:2306} INFO - Setting next_dagrun for ETL_task to None
[2024-10-26 10:00:24,286] {scheduler_job.py:189} INFO - Processing /opt/airflow/dags/ETL.py took 0.651 seconds
[2024-10-26 10:00:54,445] {scheduler_job.py:181} INFO - Started process (PID=2877) to work on /opt/airflow/dags/ETL.py
[2024-10-26 10:00:54,446] {scheduler_job.py:632} INFO - Processing file /opt/airflow/dags/ETL.py for tasks to queue
[2024-10-26 10:00:54,447] {logging_mixin.py:104} INFO - [2024-10-26 10:00:54,446] {dagbag.py:496} INFO - Filling up the DagBag from /opt/airflow/dags/ETL.py
[2024-10-26 10:00:54,964] {scheduler_job.py:642} INFO - DAG(s) dict_keys(['ETL_task']) retrieved from /opt/airflow/dags/ETL.py
[2024-10-26 10:00:54,977] {logging_mixin.py:104} INFO - [2024-10-26 10:00:54,976] {dag.py:1833} INFO - Sync 1 DAGs
[2024-10-26 10:00:54,988] {logging_mixin.py:104} INFO - [2024-10-26 10:00:54,988] {dag.py:2306} INFO - Setting next_dagrun for ETL_task to None
[2024-10-26 10:00:54,995] {scheduler_job.py:189} INFO - Processing /opt/airflow/dags/ETL.py took 0.552 seconds
[2024-10-26 10:01:25,240] {scheduler_job.py:181} INFO - Started process (PID=2945) to work on /opt/airflow/dags/ETL.py
[2024-10-26 10:01:25,241] {scheduler_job.py:632} INFO - Processing file /opt/airflow/dags/ETL.py for tasks to queue
[2024-10-26 10:01:25,242] {logging_mixin.py:104} INFO - [2024-10-26 10:01:25,242] {dagbag.py:496} INFO - Filling up the DagBag from /opt/airflow/dags/ETL.py
[2024-10-26 10:01:25,765] {scheduler_job.py:642} INFO - DAG(s) dict_keys(['ETL_task']) retrieved from /opt/airflow/dags/ETL.py
[2024-10-26 10:01:25,778] {logging_mixin.py:104} INFO - [2024-10-26 10:01:25,777] {dag.py:1833} INFO - Sync 1 DAGs
[2024-10-26 10:01:25,786] {logging_mixin.py:104} INFO - [2024-10-26 10:01:25,786] {dag.py:2306} INFO - Setting next_dagrun for ETL_task to None
[2024-10-26 10:01:25,794] {scheduler_job.py:189} INFO - Processing /opt/airflow/dags/ETL.py took 0.556 seconds
[2024-10-26 10:01:56,132] {scheduler_job.py:181} INFO - Started process (PID=3021) to work on /opt/airflow/dags/ETL.py
[2024-10-26 10:01:56,132] {scheduler_job.py:632} INFO - Processing file /opt/airflow/dags/ETL.py for tasks to queue
[2024-10-26 10:01:56,133] {logging_mixin.py:104} INFO - [2024-10-26 10:01:56,133] {dagbag.py:496} INFO - Filling up the DagBag from /opt/airflow/dags/ETL.py
[2024-10-26 10:01:56,658] {scheduler_job.py:642} INFO - DAG(s) dict_keys(['ETL_task']) retrieved from /opt/airflow/dags/ETL.py
[2024-10-26 10:01:56,671] {logging_mixin.py:104} INFO - [2024-10-26 10:01:56,670] {dag.py:1833} INFO - Sync 1 DAGs
[2024-10-26 10:01:56,682] {logging_mixin.py:104} INFO - [2024-10-26 10:01:56,682] {dag.py:2306} INFO - Setting next_dagrun for ETL_task to None
[2024-10-26 10:01:56,689] {scheduler_job.py:189} INFO - Processing /opt/airflow/dags/ETL.py took 0.559 seconds
[2024-10-26 10:02:27,086] {scheduler_job.py:181} INFO - Started process (PID=3092) to work on /opt/airflow/dags/ETL.py
[2024-10-26 10:02:27,087] {scheduler_job.py:632} INFO - Processing file /opt/airflow/dags/ETL.py for tasks to queue
[2024-10-26 10:02:27,088] {logging_mixin.py:104} INFO - [2024-10-26 10:02:27,088] {dagbag.py:496} INFO - Filling up the DagBag from /opt/airflow/dags/ETL.py
[2024-10-26 10:02:27,615] {scheduler_job.py:642} INFO - DAG(s) dict_keys(['ETL_task']) retrieved from /opt/airflow/dags/ETL.py
[2024-10-26 10:02:27,630] {logging_mixin.py:104} INFO - [2024-10-26 10:02:27,629] {dag.py:1833} INFO - Sync 1 DAGs
[2024-10-26 10:02:27,638] {logging_mixin.py:104} INFO - [2024-10-26 10:02:27,638] {dag.py:2306} INFO - Setting next_dagrun for ETL_task to None
[2024-10-26 10:02:27,646] {scheduler_job.py:189} INFO - Processing /opt/airflow/dags/ETL.py took 0.562 seconds
[2024-10-26 10:02:57,751] {scheduler_job.py:181} INFO - Started process (PID=3164) to work on /opt/airflow/dags/ETL.py
[2024-10-26 10:02:57,752] {scheduler_job.py:632} INFO - Processing file /opt/airflow/dags/ETL.py for tasks to queue
[2024-10-26 10:02:57,752] {logging_mixin.py:104} INFO - [2024-10-26 10:02:57,752] {dagbag.py:496} INFO - Filling up the DagBag from /opt/airflow/dags/ETL.py
[2024-10-26 10:02:58,256] {scheduler_job.py:642} INFO - DAG(s) dict_keys(['ETL_task']) retrieved from /opt/airflow/dags/ETL.py
[2024-10-26 10:02:58,273] {logging_mixin.py:104} INFO - [2024-10-26 10:02:58,272] {dag.py:1833} INFO - Sync 1 DAGs
[2024-10-26 10:02:58,288] {logging_mixin.py:104} INFO - [2024-10-26 10:02:58,287] {dag.py:2306} INFO - Setting next_dagrun for ETL_task to None
[2024-10-26 10:02:58,296] {scheduler_job.py:189} INFO - Processing /opt/airflow/dags/ETL.py took 0.546 seconds
[2024-10-26 10:03:29,186] {scheduler_job.py:181} INFO - Started process (PID=3237) to work on /opt/airflow/dags/ETL.py
[2024-10-26 10:03:29,187] {scheduler_job.py:632} INFO - Processing file /opt/airflow/dags/ETL.py for tasks to queue
[2024-10-26 10:03:29,187] {logging_mixin.py:104} INFO - [2024-10-26 10:03:29,187] {dagbag.py:496} INFO - Filling up the DagBag from /opt/airflow/dags/ETL.py
[2024-10-26 10:03:29,753] {scheduler_job.py:642} INFO - DAG(s) dict_keys(['ETL_task']) retrieved from /opt/airflow/dags/ETL.py
[2024-10-26 10:03:29,772] {logging_mixin.py:104} INFO - [2024-10-26 10:03:29,770] {dag.py:1833} INFO - Sync 1 DAGs
[2024-10-26 10:03:29,784] {logging_mixin.py:104} INFO - [2024-10-26 10:03:29,784] {dag.py:2306} INFO - Setting next_dagrun for ETL_task to None
[2024-10-26 10:03:29,793] {scheduler_job.py:189} INFO - Processing /opt/airflow/dags/ETL.py took 0.609 seconds
[2024-10-26 10:04:02,029] {scheduler_job.py:181} INFO - Started process (PID=3308) to work on /opt/airflow/dags/ETL.py
[2024-10-26 10:04:02,030] {scheduler_job.py:632} INFO - Processing file /opt/airflow/dags/ETL.py for tasks to queue
[2024-10-26 10:04:02,031] {logging_mixin.py:104} INFO - [2024-10-26 10:04:02,030] {dagbag.py:496} INFO - Filling up the DagBag from /opt/airflow/dags/ETL.py
[2024-10-26 10:04:29,969] {scheduler_job.py:642} INFO - DAG(s) dict_keys(['ETL_task']) retrieved from /opt/airflow/dags/ETL.py
[2024-10-26 10:04:30,017] {logging_mixin.py:104} INFO - [2024-10-26 10:04:30,015] {dag.py:1833} INFO - Sync 1 DAGs
[2024-10-26 10:04:30,034] {logging_mixin.py:104} INFO - [2024-10-26 10:04:30,034] {dag.py:2306} INFO - Setting next_dagrun for ETL_task to None
[2024-10-26 10:04:30,053] {scheduler_job.py:189} INFO - Processing /opt/airflow/dags/ETL.py took 28.026 seconds
[2024-10-26 10:05:00,803] {scheduler_job.py:181} INFO - Started process (PID=3374) to work on /opt/airflow/dags/ETL.py
[2024-10-26 10:05:00,804] {scheduler_job.py:632} INFO - Processing file /opt/airflow/dags/ETL.py for tasks to queue
[2024-10-26 10:05:00,805] {logging_mixin.py:104} INFO - [2024-10-26 10:05:00,805] {dagbag.py:496} INFO - Filling up the DagBag from /opt/airflow/dags/ETL.py
[2024-10-26 10:05:01,555] {scheduler_job.py:642} INFO - DAG(s) dict_keys(['ETL_task']) retrieved from /opt/airflow/dags/ETL.py
[2024-10-26 10:05:01,592] {logging_mixin.py:104} INFO - [2024-10-26 10:05:01,590] {dag.py:1833} INFO - Sync 1 DAGs
[2024-10-26 10:05:01,611] {logging_mixin.py:104} INFO - [2024-10-26 10:05:01,611] {dag.py:2306} INFO - Setting next_dagrun for ETL_task to None
[2024-10-26 10:05:01,623] {scheduler_job.py:189} INFO - Processing /opt/airflow/dags/ETL.py took 0.823 seconds
[2024-10-26 10:05:31,839] {scheduler_job.py:181} INFO - Started process (PID=3447) to work on /opt/airflow/dags/ETL.py
[2024-10-26 10:05:31,839] {scheduler_job.py:632} INFO - Processing file /opt/airflow/dags/ETL.py for tasks to queue
[2024-10-26 10:05:31,840] {logging_mixin.py:104} INFO - [2024-10-26 10:05:31,840] {dagbag.py:496} INFO - Filling up the DagBag from /opt/airflow/dags/ETL.py
[2024-10-26 10:05:32,473] {scheduler_job.py:642} INFO - DAG(s) dict_keys(['ETL_task']) retrieved from /opt/airflow/dags/ETL.py
[2024-10-26 10:05:32,490] {logging_mixin.py:104} INFO - [2024-10-26 10:05:32,488] {dag.py:1833} INFO - Sync 1 DAGs
[2024-10-26 10:05:32,502] {logging_mixin.py:104} INFO - [2024-10-26 10:05:32,502] {dag.py:2306} INFO - Setting next_dagrun for ETL_task to None
[2024-10-26 10:05:32,511] {scheduler_job.py:189} INFO - Processing /opt/airflow/dags/ETL.py took 0.674 seconds
[2024-10-26 10:06:02,731] {scheduler_job.py:181} INFO - Started process (PID=3528) to work on /opt/airflow/dags/ETL.py
[2024-10-26 10:06:02,732] {scheduler_job.py:632} INFO - Processing file /opt/airflow/dags/ETL.py for tasks to queue
[2024-10-26 10:06:02,733] {logging_mixin.py:104} INFO - [2024-10-26 10:06:02,733] {dagbag.py:496} INFO - Filling up the DagBag from /opt/airflow/dags/ETL.py
[2024-10-26 10:06:03,158] {scheduler_job.py:642} INFO - DAG(s) dict_keys(['ETL_task']) retrieved from /opt/airflow/dags/ETL.py
[2024-10-26 10:06:03,169] {logging_mixin.py:104} INFO - [2024-10-26 10:06:03,168] {dag.py:1833} INFO - Sync 1 DAGs
[2024-10-26 10:06:03,177] {logging_mixin.py:104} INFO - [2024-10-26 10:06:03,177] {dag.py:2306} INFO - Setting next_dagrun for ETL_task to None
[2024-10-26 10:06:03,185] {scheduler_job.py:189} INFO - Processing /opt/airflow/dags/ETL.py took 0.455 seconds
[2024-10-26 10:06:33,320] {scheduler_job.py:181} INFO - Started process (PID=3597) to work on /opt/airflow/dags/ETL.py
[2024-10-26 10:06:33,321] {scheduler_job.py:632} INFO - Processing file /opt/airflow/dags/ETL.py for tasks to queue
[2024-10-26 10:06:33,321] {logging_mixin.py:104} INFO - [2024-10-26 10:06:33,321] {dagbag.py:496} INFO - Filling up the DagBag from /opt/airflow/dags/ETL.py
[2024-10-26 10:06:33,712] {scheduler_job.py:642} INFO - DAG(s) dict_keys(['ETL_task']) retrieved from /opt/airflow/dags/ETL.py
[2024-10-26 10:06:33,724] {logging_mixin.py:104} INFO - [2024-10-26 10:06:33,723] {dag.py:1833} INFO - Sync 1 DAGs
[2024-10-26 10:06:33,732] {logging_mixin.py:104} INFO - [2024-10-26 10:06:33,731] {dag.py:2306} INFO - Setting next_dagrun for ETL_task to None
[2024-10-26 10:06:33,739] {scheduler_job.py:189} INFO - Processing /opt/airflow/dags/ETL.py took 0.420 seconds
[2024-10-26 10:07:03,871] {scheduler_job.py:181} INFO - Started process (PID=3670) to work on /opt/airflow/dags/ETL.py
[2024-10-26 10:07:03,873] {scheduler_job.py:632} INFO - Processing file /opt/airflow/dags/ETL.py for tasks to queue
[2024-10-26 10:07:03,873] {logging_mixin.py:104} INFO - [2024-10-26 10:07:03,873] {dagbag.py:496} INFO - Filling up the DagBag from /opt/airflow/dags/ETL.py
[2024-10-26 10:07:04,280] {scheduler_job.py:642} INFO - DAG(s) dict_keys(['ETL_task']) retrieved from /opt/airflow/dags/ETL.py
[2024-10-26 10:07:04,292] {logging_mixin.py:104} INFO - [2024-10-26 10:07:04,291] {dag.py:1833} INFO - Sync 1 DAGs
[2024-10-26 10:07:04,299] {logging_mixin.py:104} INFO - [2024-10-26 10:07:04,299] {dag.py:2306} INFO - Setting next_dagrun for ETL_task to None
[2024-10-26 10:07:04,308] {scheduler_job.py:189} INFO - Processing /opt/airflow/dags/ETL.py took 0.440 seconds
[2024-10-26 10:07:34,404] {scheduler_job.py:181} INFO - Started process (PID=3743) to work on /opt/airflow/dags/ETL.py
[2024-10-26 10:07:34,404] {scheduler_job.py:632} INFO - Processing file /opt/airflow/dags/ETL.py for tasks to queue
[2024-10-26 10:07:34,405] {logging_mixin.py:104} INFO - [2024-10-26 10:07:34,405] {dagbag.py:496} INFO - Filling up the DagBag from /opt/airflow/dags/ETL.py
[2024-10-26 10:07:34,803] {scheduler_job.py:642} INFO - DAG(s) dict_keys(['ETL_task']) retrieved from /opt/airflow/dags/ETL.py
[2024-10-26 10:07:34,815] {logging_mixin.py:104} INFO - [2024-10-26 10:07:34,814] {dag.py:1833} INFO - Sync 1 DAGs
[2024-10-26 10:07:34,823] {logging_mixin.py:104} INFO - [2024-10-26 10:07:34,822] {dag.py:2306} INFO - Setting next_dagrun for ETL_task to None
[2024-10-26 10:07:34,830] {scheduler_job.py:189} INFO - Processing /opt/airflow/dags/ETL.py took 0.428 seconds
