[2024-10-26 08:39:13,212] {scheduler_job.py:181} INFO - Started process (PID=570) to work on /home/airflow/.local/lib/python3.6/site-packages/airflow/example_dags/tutorial_etl_dag.py
[2024-10-26 08:39:13,213] {scheduler_job.py:632} INFO - Processing file /home/airflow/.local/lib/python3.6/site-packages/airflow/example_dags/tutorial_etl_dag.py for tasks to queue
[2024-10-26 08:39:13,214] {logging_mixin.py:104} INFO - [2024-10-26 08:39:13,214] {dagbag.py:496} INFO - Filling up the DagBag from /home/airflow/.local/lib/python3.6/site-packages/airflow/example_dags/tutorial_etl_dag.py
[2024-10-26 08:39:13,223] {scheduler_job.py:642} INFO - DAG(s) dict_keys(['tutorial_etl_dag']) retrieved from /home/airflow/.local/lib/python3.6/site-packages/airflow/example_dags/tutorial_etl_dag.py
[2024-10-26 08:39:14,968] {logging_mixin.py:104} INFO - [2024-10-26 08:39:14,967] {dag.py:1833} INFO - Sync 1 DAGs
[2024-10-26 08:39:14,979] {logging_mixin.py:104} INFO - [2024-10-26 08:39:14,978] {dag.py:1852} INFO - Creating ORM DAG for tutorial_etl_dag
[2024-10-26 08:39:14,984] {logging_mixin.py:104} INFO - [2024-10-26 08:39:14,984] {dag.py:2306} INFO - Setting next_dagrun for tutorial_etl_dag to None
[2024-10-26 08:39:14,995] {scheduler_job.py:189} INFO - Processing /home/airflow/.local/lib/python3.6/site-packages/airflow/example_dags/tutorial_etl_dag.py took 1.785 seconds
[2024-10-26 08:42:46,400] {scheduler_job.py:181} INFO - Started process (PID=787) to work on /home/airflow/.local/lib/python3.6/site-packages/airflow/example_dags/tutorial_etl_dag.py
[2024-10-26 08:42:46,401] {scheduler_job.py:632} INFO - Processing file /home/airflow/.local/lib/python3.6/site-packages/airflow/example_dags/tutorial_etl_dag.py for tasks to queue
[2024-10-26 08:42:46,402] {logging_mixin.py:104} INFO - [2024-10-26 08:42:46,402] {dagbag.py:496} INFO - Filling up the DagBag from /home/airflow/.local/lib/python3.6/site-packages/airflow/example_dags/tutorial_etl_dag.py
[2024-10-26 08:42:46,412] {scheduler_job.py:642} INFO - DAG(s) dict_keys(['tutorial_etl_dag']) retrieved from /home/airflow/.local/lib/python3.6/site-packages/airflow/example_dags/tutorial_etl_dag.py
[2024-10-26 08:42:46,429] {logging_mixin.py:104} INFO - [2024-10-26 08:42:46,429] {dag.py:1833} INFO - Sync 1 DAGs
[2024-10-26 08:42:46,438] {logging_mixin.py:104} INFO - [2024-10-26 08:42:46,438] {dag.py:2306} INFO - Setting next_dagrun for tutorial_etl_dag to None
[2024-10-26 08:42:46,448] {scheduler_job.py:189} INFO - Processing /home/airflow/.local/lib/python3.6/site-packages/airflow/example_dags/tutorial_etl_dag.py took 0.050 seconds
[2024-10-26 08:46:26,213] {scheduler_job.py:181} INFO - Started process (PID=871) to work on /home/airflow/.local/lib/python3.6/site-packages/airflow/example_dags/tutorial_etl_dag.py
[2024-10-26 08:46:26,214] {scheduler_job.py:632} INFO - Processing file /home/airflow/.local/lib/python3.6/site-packages/airflow/example_dags/tutorial_etl_dag.py for tasks to queue
[2024-10-26 08:46:26,215] {logging_mixin.py:104} INFO - [2024-10-26 08:46:26,215] {dagbag.py:496} INFO - Filling up the DagBag from /home/airflow/.local/lib/python3.6/site-packages/airflow/example_dags/tutorial_etl_dag.py
[2024-10-26 08:46:26,230] {scheduler_job.py:642} INFO - DAG(s) dict_keys(['tutorial_etl_dag']) retrieved from /home/airflow/.local/lib/python3.6/site-packages/airflow/example_dags/tutorial_etl_dag.py
[2024-10-26 08:46:26,256] {logging_mixin.py:104} INFO - [2024-10-26 08:46:26,256] {dag.py:1833} INFO - Sync 1 DAGs
[2024-10-26 08:46:26,270] {logging_mixin.py:104} INFO - [2024-10-26 08:46:26,269] {dag.py:2306} INFO - Setting next_dagrun for tutorial_etl_dag to None
[2024-10-26 08:46:26,280] {scheduler_job.py:189} INFO - Processing /home/airflow/.local/lib/python3.6/site-packages/airflow/example_dags/tutorial_etl_dag.py took 0.071 seconds
[2024-10-26 08:46:57,151] {scheduler_job.py:181} INFO - Started process (PID=944) to work on /home/airflow/.local/lib/python3.6/site-packages/airflow/example_dags/tutorial_etl_dag.py
[2024-10-26 08:46:57,152] {scheduler_job.py:632} INFO - Processing file /home/airflow/.local/lib/python3.6/site-packages/airflow/example_dags/tutorial_etl_dag.py for tasks to queue
[2024-10-26 08:46:57,153] {logging_mixin.py:104} INFO - [2024-10-26 08:46:57,152] {dagbag.py:496} INFO - Filling up the DagBag from /home/airflow/.local/lib/python3.6/site-packages/airflow/example_dags/tutorial_etl_dag.py
[2024-10-26 08:46:57,161] {scheduler_job.py:642} INFO - DAG(s) dict_keys(['tutorial_etl_dag']) retrieved from /home/airflow/.local/lib/python3.6/site-packages/airflow/example_dags/tutorial_etl_dag.py
[2024-10-26 08:46:57,174] {logging_mixin.py:104} INFO - [2024-10-26 08:46:57,174] {dag.py:1833} INFO - Sync 1 DAGs
[2024-10-26 08:46:57,181] {logging_mixin.py:104} INFO - [2024-10-26 08:46:57,181] {dag.py:2306} INFO - Setting next_dagrun for tutorial_etl_dag to None
[2024-10-26 08:46:57,188] {scheduler_job.py:189} INFO - Processing /home/airflow/.local/lib/python3.6/site-packages/airflow/example_dags/tutorial_etl_dag.py took 0.038 seconds
[2024-10-26 08:47:27,789] {scheduler_job.py:181} INFO - Started process (PID=1016) to work on /home/airflow/.local/lib/python3.6/site-packages/airflow/example_dags/tutorial_etl_dag.py
[2024-10-26 08:47:27,790] {scheduler_job.py:632} INFO - Processing file /home/airflow/.local/lib/python3.6/site-packages/airflow/example_dags/tutorial_etl_dag.py for tasks to queue
[2024-10-26 08:47:27,790] {logging_mixin.py:104} INFO - [2024-10-26 08:47:27,790] {dagbag.py:496} INFO - Filling up the DagBag from /home/airflow/.local/lib/python3.6/site-packages/airflow/example_dags/tutorial_etl_dag.py
[2024-10-26 08:47:27,798] {scheduler_job.py:642} INFO - DAG(s) dict_keys(['tutorial_etl_dag']) retrieved from /home/airflow/.local/lib/python3.6/site-packages/airflow/example_dags/tutorial_etl_dag.py
[2024-10-26 08:47:27,813] {logging_mixin.py:104} INFO - [2024-10-26 08:47:27,813] {dag.py:1833} INFO - Sync 1 DAGs
[2024-10-26 08:47:27,823] {logging_mixin.py:104} INFO - [2024-10-26 08:47:27,823] {dag.py:2306} INFO - Setting next_dagrun for tutorial_etl_dag to None
[2024-10-26 08:47:27,831] {scheduler_job.py:189} INFO - Processing /home/airflow/.local/lib/python3.6/site-packages/airflow/example_dags/tutorial_etl_dag.py took 0.044 seconds
[2024-10-26 08:47:58,522] {scheduler_job.py:181} INFO - Started process (PID=1080) to work on /home/airflow/.local/lib/python3.6/site-packages/airflow/example_dags/tutorial_etl_dag.py
[2024-10-26 08:47:58,523] {scheduler_job.py:632} INFO - Processing file /home/airflow/.local/lib/python3.6/site-packages/airflow/example_dags/tutorial_etl_dag.py for tasks to queue
[2024-10-26 08:47:58,524] {logging_mixin.py:104} INFO - [2024-10-26 08:47:58,524] {dagbag.py:496} INFO - Filling up the DagBag from /home/airflow/.local/lib/python3.6/site-packages/airflow/example_dags/tutorial_etl_dag.py
[2024-10-26 08:47:58,532] {scheduler_job.py:642} INFO - DAG(s) dict_keys(['tutorial_etl_dag']) retrieved from /home/airflow/.local/lib/python3.6/site-packages/airflow/example_dags/tutorial_etl_dag.py
[2024-10-26 08:47:58,544] {logging_mixin.py:104} INFO - [2024-10-26 08:47:58,544] {dag.py:1833} INFO - Sync 1 DAGs
[2024-10-26 08:47:58,552] {logging_mixin.py:104} INFO - [2024-10-26 08:47:58,551] {dag.py:2306} INFO - Setting next_dagrun for tutorial_etl_dag to None
[2024-10-26 08:47:58,559] {scheduler_job.py:189} INFO - Processing /home/airflow/.local/lib/python3.6/site-packages/airflow/example_dags/tutorial_etl_dag.py took 0.038 seconds
[2024-10-26 08:48:29,039] {scheduler_job.py:181} INFO - Started process (PID=1153) to work on /home/airflow/.local/lib/python3.6/site-packages/airflow/example_dags/tutorial_etl_dag.py
[2024-10-26 08:48:29,040] {scheduler_job.py:632} INFO - Processing file /home/airflow/.local/lib/python3.6/site-packages/airflow/example_dags/tutorial_etl_dag.py for tasks to queue
[2024-10-26 08:48:29,041] {logging_mixin.py:104} INFO - [2024-10-26 08:48:29,040] {dagbag.py:496} INFO - Filling up the DagBag from /home/airflow/.local/lib/python3.6/site-packages/airflow/example_dags/tutorial_etl_dag.py
[2024-10-26 08:48:29,055] {scheduler_job.py:642} INFO - DAG(s) dict_keys(['tutorial_etl_dag']) retrieved from /home/airflow/.local/lib/python3.6/site-packages/airflow/example_dags/tutorial_etl_dag.py
[2024-10-26 08:48:29,078] {logging_mixin.py:104} INFO - [2024-10-26 08:48:29,077] {dag.py:1833} INFO - Sync 1 DAGs
[2024-10-26 08:48:29,088] {logging_mixin.py:104} INFO - [2024-10-26 08:48:29,088] {dag.py:2306} INFO - Setting next_dagrun for tutorial_etl_dag to None
[2024-10-26 08:48:29,098] {scheduler_job.py:189} INFO - Processing /home/airflow/.local/lib/python3.6/site-packages/airflow/example_dags/tutorial_etl_dag.py took 0.062 seconds
[2024-10-26 08:49:55,683] {scheduler_job.py:181} INFO - Started process (PID=85) to work on /home/airflow/.local/lib/python3.6/site-packages/airflow/example_dags/tutorial_etl_dag.py
[2024-10-26 08:49:55,684] {scheduler_job.py:632} INFO - Processing file /home/airflow/.local/lib/python3.6/site-packages/airflow/example_dags/tutorial_etl_dag.py for tasks to queue
[2024-10-26 08:49:55,684] {logging_mixin.py:104} INFO - [2024-10-26 08:49:55,684] {dagbag.py:496} INFO - Filling up the DagBag from /home/airflow/.local/lib/python3.6/site-packages/airflow/example_dags/tutorial_etl_dag.py
[2024-10-26 08:49:55,695] {scheduler_job.py:642} INFO - DAG(s) dict_keys(['tutorial_etl_dag']) retrieved from /home/airflow/.local/lib/python3.6/site-packages/airflow/example_dags/tutorial_etl_dag.py
[2024-10-26 08:49:55,708] {logging_mixin.py:104} INFO - [2024-10-26 08:49:55,708] {dag.py:1833} INFO - Sync 1 DAGs
[2024-10-26 08:49:55,720] {logging_mixin.py:104} INFO - [2024-10-26 08:49:55,720] {dag.py:2306} INFO - Setting next_dagrun for tutorial_etl_dag to None
[2024-10-26 08:49:55,728] {scheduler_job.py:189} INFO - Processing /home/airflow/.local/lib/python3.6/site-packages/airflow/example_dags/tutorial_etl_dag.py took 0.048 seconds
[2024-10-26 08:50:26,585] {scheduler_job.py:181} INFO - Started process (PID=158) to work on /home/airflow/.local/lib/python3.6/site-packages/airflow/example_dags/tutorial_etl_dag.py
[2024-10-26 08:50:26,586] {scheduler_job.py:632} INFO - Processing file /home/airflow/.local/lib/python3.6/site-packages/airflow/example_dags/tutorial_etl_dag.py for tasks to queue
[2024-10-26 08:50:26,587] {logging_mixin.py:104} INFO - [2024-10-26 08:50:26,587] {dagbag.py:496} INFO - Filling up the DagBag from /home/airflow/.local/lib/python3.6/site-packages/airflow/example_dags/tutorial_etl_dag.py
[2024-10-26 08:50:26,599] {scheduler_job.py:642} INFO - DAG(s) dict_keys(['tutorial_etl_dag']) retrieved from /home/airflow/.local/lib/python3.6/site-packages/airflow/example_dags/tutorial_etl_dag.py
[2024-10-26 08:50:26,615] {logging_mixin.py:104} INFO - [2024-10-26 08:50:26,615] {dag.py:1833} INFO - Sync 1 DAGs
[2024-10-26 08:50:26,632] {logging_mixin.py:104} INFO - [2024-10-26 08:50:26,632] {dag.py:2306} INFO - Setting next_dagrun for tutorial_etl_dag to None
[2024-10-26 08:50:26,643] {scheduler_job.py:189} INFO - Processing /home/airflow/.local/lib/python3.6/site-packages/airflow/example_dags/tutorial_etl_dag.py took 0.061 seconds
[2024-10-26 08:50:57,385] {scheduler_job.py:181} INFO - Started process (PID=221) to work on /home/airflow/.local/lib/python3.6/site-packages/airflow/example_dags/tutorial_etl_dag.py
[2024-10-26 08:50:57,385] {scheduler_job.py:632} INFO - Processing file /home/airflow/.local/lib/python3.6/site-packages/airflow/example_dags/tutorial_etl_dag.py for tasks to queue
[2024-10-26 08:50:57,386] {logging_mixin.py:104} INFO - [2024-10-26 08:50:57,386] {dagbag.py:496} INFO - Filling up the DagBag from /home/airflow/.local/lib/python3.6/site-packages/airflow/example_dags/tutorial_etl_dag.py
[2024-10-26 08:50:57,394] {scheduler_job.py:642} INFO - DAG(s) dict_keys(['tutorial_etl_dag']) retrieved from /home/airflow/.local/lib/python3.6/site-packages/airflow/example_dags/tutorial_etl_dag.py
[2024-10-26 08:50:57,406] {logging_mixin.py:104} INFO - [2024-10-26 08:50:57,405] {dag.py:1833} INFO - Sync 1 DAGs
[2024-10-26 08:50:57,416] {logging_mixin.py:104} INFO - [2024-10-26 08:50:57,416] {dag.py:2306} INFO - Setting next_dagrun for tutorial_etl_dag to None
[2024-10-26 08:50:57,423] {scheduler_job.py:189} INFO - Processing /home/airflow/.local/lib/python3.6/site-packages/airflow/example_dags/tutorial_etl_dag.py took 0.040 seconds
[2024-10-26 08:51:28,162] {scheduler_job.py:181} INFO - Started process (PID=294) to work on /home/airflow/.local/lib/python3.6/site-packages/airflow/example_dags/tutorial_etl_dag.py
[2024-10-26 08:51:28,163] {scheduler_job.py:632} INFO - Processing file /home/airflow/.local/lib/python3.6/site-packages/airflow/example_dags/tutorial_etl_dag.py for tasks to queue
[2024-10-26 08:51:28,164] {logging_mixin.py:104} INFO - [2024-10-26 08:51:28,164] {dagbag.py:496} INFO - Filling up the DagBag from /home/airflow/.local/lib/python3.6/site-packages/airflow/example_dags/tutorial_etl_dag.py
[2024-10-26 08:51:28,173] {scheduler_job.py:642} INFO - DAG(s) dict_keys(['tutorial_etl_dag']) retrieved from /home/airflow/.local/lib/python3.6/site-packages/airflow/example_dags/tutorial_etl_dag.py
[2024-10-26 08:51:28,187] {logging_mixin.py:104} INFO - [2024-10-26 08:51:28,187] {dag.py:1833} INFO - Sync 1 DAGs
[2024-10-26 08:51:28,198] {logging_mixin.py:104} INFO - [2024-10-26 08:51:28,198] {dag.py:2306} INFO - Setting next_dagrun for tutorial_etl_dag to None
[2024-10-26 08:51:28,205] {scheduler_job.py:189} INFO - Processing /home/airflow/.local/lib/python3.6/site-packages/airflow/example_dags/tutorial_etl_dag.py took 0.045 seconds
[2024-10-26 08:51:58,817] {scheduler_job.py:181} INFO - Started process (PID=367) to work on /home/airflow/.local/lib/python3.6/site-packages/airflow/example_dags/tutorial_etl_dag.py
[2024-10-26 08:51:58,817] {scheduler_job.py:632} INFO - Processing file /home/airflow/.local/lib/python3.6/site-packages/airflow/example_dags/tutorial_etl_dag.py for tasks to queue
[2024-10-26 08:51:58,818] {logging_mixin.py:104} INFO - [2024-10-26 08:51:58,818] {dagbag.py:496} INFO - Filling up the DagBag from /home/airflow/.local/lib/python3.6/site-packages/airflow/example_dags/tutorial_etl_dag.py
[2024-10-26 08:51:58,827] {scheduler_job.py:642} INFO - DAG(s) dict_keys(['tutorial_etl_dag']) retrieved from /home/airflow/.local/lib/python3.6/site-packages/airflow/example_dags/tutorial_etl_dag.py
[2024-10-26 08:51:58,840] {logging_mixin.py:104} INFO - [2024-10-26 08:51:58,840] {dag.py:1833} INFO - Sync 1 DAGs
[2024-10-26 08:51:58,852] {logging_mixin.py:104} INFO - [2024-10-26 08:51:58,851] {dag.py:2306} INFO - Setting next_dagrun for tutorial_etl_dag to None
[2024-10-26 08:51:58,859] {scheduler_job.py:189} INFO - Processing /home/airflow/.local/lib/python3.6/site-packages/airflow/example_dags/tutorial_etl_dag.py took 0.045 seconds
[2024-10-26 08:52:29,523] {scheduler_job.py:181} INFO - Started process (PID=437) to work on /home/airflow/.local/lib/python3.6/site-packages/airflow/example_dags/tutorial_etl_dag.py
[2024-10-26 08:52:29,525] {scheduler_job.py:632} INFO - Processing file /home/airflow/.local/lib/python3.6/site-packages/airflow/example_dags/tutorial_etl_dag.py for tasks to queue
[2024-10-26 08:52:29,525] {logging_mixin.py:104} INFO - [2024-10-26 08:52:29,525] {dagbag.py:496} INFO - Filling up the DagBag from /home/airflow/.local/lib/python3.6/site-packages/airflow/example_dags/tutorial_etl_dag.py
[2024-10-26 08:52:29,533] {scheduler_job.py:642} INFO - DAG(s) dict_keys(['tutorial_etl_dag']) retrieved from /home/airflow/.local/lib/python3.6/site-packages/airflow/example_dags/tutorial_etl_dag.py
[2024-10-26 08:52:29,548] {logging_mixin.py:104} INFO - [2024-10-26 08:52:29,548] {dag.py:1833} INFO - Sync 1 DAGs
[2024-10-26 08:52:29,559] {logging_mixin.py:104} INFO - [2024-10-26 08:52:29,559] {dag.py:2306} INFO - Setting next_dagrun for tutorial_etl_dag to None
[2024-10-26 08:52:29,566] {scheduler_job.py:189} INFO - Processing /home/airflow/.local/lib/python3.6/site-packages/airflow/example_dags/tutorial_etl_dag.py took 0.044 seconds
[2024-10-26 08:53:00,437] {scheduler_job.py:181} INFO - Started process (PID=503) to work on /home/airflow/.local/lib/python3.6/site-packages/airflow/example_dags/tutorial_etl_dag.py
[2024-10-26 08:53:00,438] {scheduler_job.py:632} INFO - Processing file /home/airflow/.local/lib/python3.6/site-packages/airflow/example_dags/tutorial_etl_dag.py for tasks to queue
[2024-10-26 08:53:00,439] {logging_mixin.py:104} INFO - [2024-10-26 08:53:00,439] {dagbag.py:496} INFO - Filling up the DagBag from /home/airflow/.local/lib/python3.6/site-packages/airflow/example_dags/tutorial_etl_dag.py
[2024-10-26 08:53:00,447] {scheduler_job.py:642} INFO - DAG(s) dict_keys(['tutorial_etl_dag']) retrieved from /home/airflow/.local/lib/python3.6/site-packages/airflow/example_dags/tutorial_etl_dag.py
[2024-10-26 08:53:00,460] {logging_mixin.py:104} INFO - [2024-10-26 08:53:00,460] {dag.py:1833} INFO - Sync 1 DAGs
[2024-10-26 08:53:00,471] {logging_mixin.py:104} INFO - [2024-10-26 08:53:00,470] {dag.py:2306} INFO - Setting next_dagrun for tutorial_etl_dag to None
[2024-10-26 08:53:00,481] {scheduler_job.py:189} INFO - Processing /home/airflow/.local/lib/python3.6/site-packages/airflow/example_dags/tutorial_etl_dag.py took 0.046 seconds
[2024-10-26 08:53:30,957] {scheduler_job.py:181} INFO - Started process (PID=576) to work on /home/airflow/.local/lib/python3.6/site-packages/airflow/example_dags/tutorial_etl_dag.py
[2024-10-26 08:53:30,958] {scheduler_job.py:632} INFO - Processing file /home/airflow/.local/lib/python3.6/site-packages/airflow/example_dags/tutorial_etl_dag.py for tasks to queue
[2024-10-26 08:53:30,958] {logging_mixin.py:104} INFO - [2024-10-26 08:53:30,958] {dagbag.py:496} INFO - Filling up the DagBag from /home/airflow/.local/lib/python3.6/site-packages/airflow/example_dags/tutorial_etl_dag.py
[2024-10-26 08:53:30,967] {scheduler_job.py:642} INFO - DAG(s) dict_keys(['tutorial_etl_dag']) retrieved from /home/airflow/.local/lib/python3.6/site-packages/airflow/example_dags/tutorial_etl_dag.py
[2024-10-26 08:53:30,981] {logging_mixin.py:104} INFO - [2024-10-26 08:53:30,981] {dag.py:1833} INFO - Sync 1 DAGs
[2024-10-26 08:53:30,992] {logging_mixin.py:104} INFO - [2024-10-26 08:53:30,992] {dag.py:2306} INFO - Setting next_dagrun for tutorial_etl_dag to None
[2024-10-26 08:53:31,005] {scheduler_job.py:189} INFO - Processing /home/airflow/.local/lib/python3.6/site-packages/airflow/example_dags/tutorial_etl_dag.py took 0.051 seconds
[2024-10-26 08:54:01,709] {scheduler_job.py:181} INFO - Started process (PID=648) to work on /home/airflow/.local/lib/python3.6/site-packages/airflow/example_dags/tutorial_etl_dag.py
[2024-10-26 08:54:01,710] {scheduler_job.py:632} INFO - Processing file /home/airflow/.local/lib/python3.6/site-packages/airflow/example_dags/tutorial_etl_dag.py for tasks to queue
[2024-10-26 08:54:01,711] {logging_mixin.py:104} INFO - [2024-10-26 08:54:01,711] {dagbag.py:496} INFO - Filling up the DagBag from /home/airflow/.local/lib/python3.6/site-packages/airflow/example_dags/tutorial_etl_dag.py
[2024-10-26 08:54:01,720] {scheduler_job.py:642} INFO - DAG(s) dict_keys(['tutorial_etl_dag']) retrieved from /home/airflow/.local/lib/python3.6/site-packages/airflow/example_dags/tutorial_etl_dag.py
[2024-10-26 08:54:01,734] {logging_mixin.py:104} INFO - [2024-10-26 08:54:01,734] {dag.py:1833} INFO - Sync 1 DAGs
[2024-10-26 08:54:01,746] {logging_mixin.py:104} INFO - [2024-10-26 08:54:01,746] {dag.py:2306} INFO - Setting next_dagrun for tutorial_etl_dag to None
[2024-10-26 08:54:01,756] {scheduler_job.py:189} INFO - Processing /home/airflow/.local/lib/python3.6/site-packages/airflow/example_dags/tutorial_etl_dag.py took 0.048 seconds
[2024-10-26 08:54:32,340] {scheduler_job.py:181} INFO - Started process (PID=712) to work on /home/airflow/.local/lib/python3.6/site-packages/airflow/example_dags/tutorial_etl_dag.py
[2024-10-26 08:54:32,341] {scheduler_job.py:632} INFO - Processing file /home/airflow/.local/lib/python3.6/site-packages/airflow/example_dags/tutorial_etl_dag.py for tasks to queue
[2024-10-26 08:54:32,342] {logging_mixin.py:104} INFO - [2024-10-26 08:54:32,341] {dagbag.py:496} INFO - Filling up the DagBag from /home/airflow/.local/lib/python3.6/site-packages/airflow/example_dags/tutorial_etl_dag.py
[2024-10-26 08:54:32,351] {scheduler_job.py:642} INFO - DAG(s) dict_keys(['tutorial_etl_dag']) retrieved from /home/airflow/.local/lib/python3.6/site-packages/airflow/example_dags/tutorial_etl_dag.py
[2024-10-26 08:54:32,365] {logging_mixin.py:104} INFO - [2024-10-26 08:54:32,365] {dag.py:1833} INFO - Sync 1 DAGs
[2024-10-26 08:54:32,377] {logging_mixin.py:104} INFO - [2024-10-26 08:54:32,377] {dag.py:2306} INFO - Setting next_dagrun for tutorial_etl_dag to None
[2024-10-26 08:54:32,385] {scheduler_job.py:189} INFO - Processing /home/airflow/.local/lib/python3.6/site-packages/airflow/example_dags/tutorial_etl_dag.py took 0.047 seconds
[2024-10-26 08:55:03,076] {scheduler_job.py:181} INFO - Started process (PID=785) to work on /home/airflow/.local/lib/python3.6/site-packages/airflow/example_dags/tutorial_etl_dag.py
[2024-10-26 08:55:03,077] {scheduler_job.py:632} INFO - Processing file /home/airflow/.local/lib/python3.6/site-packages/airflow/example_dags/tutorial_etl_dag.py for tasks to queue
[2024-10-26 08:55:03,078] {logging_mixin.py:104} INFO - [2024-10-26 08:55:03,078] {dagbag.py:496} INFO - Filling up the DagBag from /home/airflow/.local/lib/python3.6/site-packages/airflow/example_dags/tutorial_etl_dag.py
[2024-10-26 08:55:03,088] {scheduler_job.py:642} INFO - DAG(s) dict_keys(['tutorial_etl_dag']) retrieved from /home/airflow/.local/lib/python3.6/site-packages/airflow/example_dags/tutorial_etl_dag.py
[2024-10-26 08:55:03,103] {logging_mixin.py:104} INFO - [2024-10-26 08:55:03,103] {dag.py:1833} INFO - Sync 1 DAGs
[2024-10-26 08:55:03,117] {logging_mixin.py:104} INFO - [2024-10-26 08:55:03,117] {dag.py:2306} INFO - Setting next_dagrun for tutorial_etl_dag to None
[2024-10-26 08:55:03,126] {scheduler_job.py:189} INFO - Processing /home/airflow/.local/lib/python3.6/site-packages/airflow/example_dags/tutorial_etl_dag.py took 0.052 seconds
[2024-10-26 08:55:33,885] {scheduler_job.py:181} INFO - Started process (PID=858) to work on /home/airflow/.local/lib/python3.6/site-packages/airflow/example_dags/tutorial_etl_dag.py
[2024-10-26 08:55:33,885] {scheduler_job.py:632} INFO - Processing file /home/airflow/.local/lib/python3.6/site-packages/airflow/example_dags/tutorial_etl_dag.py for tasks to queue
[2024-10-26 08:55:33,886] {logging_mixin.py:104} INFO - [2024-10-26 08:55:33,886] {dagbag.py:496} INFO - Filling up the DagBag from /home/airflow/.local/lib/python3.6/site-packages/airflow/example_dags/tutorial_etl_dag.py
[2024-10-26 08:55:33,895] {scheduler_job.py:642} INFO - DAG(s) dict_keys(['tutorial_etl_dag']) retrieved from /home/airflow/.local/lib/python3.6/site-packages/airflow/example_dags/tutorial_etl_dag.py
[2024-10-26 08:55:33,911] {logging_mixin.py:104} INFO - [2024-10-26 08:55:33,911] {dag.py:1833} INFO - Sync 1 DAGs
[2024-10-26 08:55:33,928] {logging_mixin.py:104} INFO - [2024-10-26 08:55:33,928] {dag.py:2306} INFO - Setting next_dagrun for tutorial_etl_dag to None
[2024-10-26 08:55:33,937] {scheduler_job.py:189} INFO - Processing /home/airflow/.local/lib/python3.6/site-packages/airflow/example_dags/tutorial_etl_dag.py took 0.055 seconds
[2024-10-26 08:56:04,569] {scheduler_job.py:181} INFO - Started process (PID=921) to work on /home/airflow/.local/lib/python3.6/site-packages/airflow/example_dags/tutorial_etl_dag.py
[2024-10-26 08:56:04,571] {scheduler_job.py:632} INFO - Processing file /home/airflow/.local/lib/python3.6/site-packages/airflow/example_dags/tutorial_etl_dag.py for tasks to queue
[2024-10-26 08:56:04,571] {logging_mixin.py:104} INFO - [2024-10-26 08:56:04,571] {dagbag.py:496} INFO - Filling up the DagBag from /home/airflow/.local/lib/python3.6/site-packages/airflow/example_dags/tutorial_etl_dag.py
[2024-10-26 08:56:04,580] {scheduler_job.py:642} INFO - DAG(s) dict_keys(['tutorial_etl_dag']) retrieved from /home/airflow/.local/lib/python3.6/site-packages/airflow/example_dags/tutorial_etl_dag.py
[2024-10-26 08:56:04,595] {logging_mixin.py:104} INFO - [2024-10-26 08:56:04,595] {dag.py:1833} INFO - Sync 1 DAGs
[2024-10-26 08:56:04,611] {logging_mixin.py:104} INFO - [2024-10-26 08:56:04,611] {dag.py:2306} INFO - Setting next_dagrun for tutorial_etl_dag to None
[2024-10-26 08:56:04,619] {scheduler_job.py:189} INFO - Processing /home/airflow/.local/lib/python3.6/site-packages/airflow/example_dags/tutorial_etl_dag.py took 0.052 seconds
[2024-10-26 08:56:35,235] {scheduler_job.py:181} INFO - Started process (PID=994) to work on /home/airflow/.local/lib/python3.6/site-packages/airflow/example_dags/tutorial_etl_dag.py
[2024-10-26 08:56:35,236] {scheduler_job.py:632} INFO - Processing file /home/airflow/.local/lib/python3.6/site-packages/airflow/example_dags/tutorial_etl_dag.py for tasks to queue
[2024-10-26 08:56:35,237] {logging_mixin.py:104} INFO - [2024-10-26 08:56:35,237] {dagbag.py:496} INFO - Filling up the DagBag from /home/airflow/.local/lib/python3.6/site-packages/airflow/example_dags/tutorial_etl_dag.py
[2024-10-26 08:56:35,245] {scheduler_job.py:642} INFO - DAG(s) dict_keys(['tutorial_etl_dag']) retrieved from /home/airflow/.local/lib/python3.6/site-packages/airflow/example_dags/tutorial_etl_dag.py
[2024-10-26 08:56:35,261] {logging_mixin.py:104} INFO - [2024-10-26 08:56:35,261] {dag.py:1833} INFO - Sync 1 DAGs
[2024-10-26 08:56:35,270] {logging_mixin.py:104} INFO - [2024-10-26 08:56:35,270] {dag.py:2306} INFO - Setting next_dagrun for tutorial_etl_dag to None
[2024-10-26 08:56:35,277] {scheduler_job.py:189} INFO - Processing /home/airflow/.local/lib/python3.6/site-packages/airflow/example_dags/tutorial_etl_dag.py took 0.043 seconds
[2024-10-26 08:57:05,868] {scheduler_job.py:181} INFO - Started process (PID=1067) to work on /home/airflow/.local/lib/python3.6/site-packages/airflow/example_dags/tutorial_etl_dag.py
[2024-10-26 08:57:05,870] {scheduler_job.py:632} INFO - Processing file /home/airflow/.local/lib/python3.6/site-packages/airflow/example_dags/tutorial_etl_dag.py for tasks to queue
[2024-10-26 08:57:05,871] {logging_mixin.py:104} INFO - [2024-10-26 08:57:05,871] {dagbag.py:496} INFO - Filling up the DagBag from /home/airflow/.local/lib/python3.6/site-packages/airflow/example_dags/tutorial_etl_dag.py
[2024-10-26 08:57:05,879] {scheduler_job.py:642} INFO - DAG(s) dict_keys(['tutorial_etl_dag']) retrieved from /home/airflow/.local/lib/python3.6/site-packages/airflow/example_dags/tutorial_etl_dag.py
[2024-10-26 08:57:05,898] {logging_mixin.py:104} INFO - [2024-10-26 08:57:05,898] {dag.py:1833} INFO - Sync 1 DAGs
[2024-10-26 08:57:05,908] {logging_mixin.py:104} INFO - [2024-10-26 08:57:05,908] {dag.py:2306} INFO - Setting next_dagrun for tutorial_etl_dag to None
[2024-10-26 08:57:05,915] {scheduler_job.py:189} INFO - Processing /home/airflow/.local/lib/python3.6/site-packages/airflow/example_dags/tutorial_etl_dag.py took 0.049 seconds
[2024-10-26 08:57:36,714] {scheduler_job.py:181} INFO - Started process (PID=1130) to work on /home/airflow/.local/lib/python3.6/site-packages/airflow/example_dags/tutorial_etl_dag.py
[2024-10-26 08:57:36,714] {scheduler_job.py:632} INFO - Processing file /home/airflow/.local/lib/python3.6/site-packages/airflow/example_dags/tutorial_etl_dag.py for tasks to queue
[2024-10-26 08:57:36,715] {logging_mixin.py:104} INFO - [2024-10-26 08:57:36,715] {dagbag.py:496} INFO - Filling up the DagBag from /home/airflow/.local/lib/python3.6/site-packages/airflow/example_dags/tutorial_etl_dag.py
[2024-10-26 08:57:36,726] {scheduler_job.py:642} INFO - DAG(s) dict_keys(['tutorial_etl_dag']) retrieved from /home/airflow/.local/lib/python3.6/site-packages/airflow/example_dags/tutorial_etl_dag.py
[2024-10-26 08:57:36,754] {logging_mixin.py:104} INFO - [2024-10-26 08:57:36,754] {dag.py:1833} INFO - Sync 1 DAGs
[2024-10-26 08:57:36,767] {logging_mixin.py:104} INFO - [2024-10-26 08:57:36,767] {dag.py:2306} INFO - Setting next_dagrun for tutorial_etl_dag to None
[2024-10-26 08:57:36,775] {scheduler_job.py:189} INFO - Processing /home/airflow/.local/lib/python3.6/site-packages/airflow/example_dags/tutorial_etl_dag.py took 0.063 seconds
[2024-10-26 08:58:07,125] {scheduler_job.py:181} INFO - Started process (PID=1203) to work on /home/airflow/.local/lib/python3.6/site-packages/airflow/example_dags/tutorial_etl_dag.py
[2024-10-26 08:58:07,125] {scheduler_job.py:632} INFO - Processing file /home/airflow/.local/lib/python3.6/site-packages/airflow/example_dags/tutorial_etl_dag.py for tasks to queue
[2024-10-26 08:58:07,126] {logging_mixin.py:104} INFO - [2024-10-26 08:58:07,126] {dagbag.py:496} INFO - Filling up the DagBag from /home/airflow/.local/lib/python3.6/site-packages/airflow/example_dags/tutorial_etl_dag.py
[2024-10-26 08:58:07,134] {scheduler_job.py:642} INFO - DAG(s) dict_keys(['tutorial_etl_dag']) retrieved from /home/airflow/.local/lib/python3.6/site-packages/airflow/example_dags/tutorial_etl_dag.py
[2024-10-26 08:58:07,149] {logging_mixin.py:104} INFO - [2024-10-26 08:58:07,149] {dag.py:1833} INFO - Sync 1 DAGs
[2024-10-26 08:58:07,159] {logging_mixin.py:104} INFO - [2024-10-26 08:58:07,159] {dag.py:2306} INFO - Setting next_dagrun for tutorial_etl_dag to None
[2024-10-26 08:58:07,166] {scheduler_job.py:189} INFO - Processing /home/airflow/.local/lib/python3.6/site-packages/airflow/example_dags/tutorial_etl_dag.py took 0.044 seconds
[2024-10-26 08:59:59,221] {scheduler_job.py:181} INFO - Started process (PID=85) to work on /home/airflow/.local/lib/python3.6/site-packages/airflow/example_dags/tutorial_etl_dag.py
[2024-10-26 08:59:59,222] {scheduler_job.py:632} INFO - Processing file /home/airflow/.local/lib/python3.6/site-packages/airflow/example_dags/tutorial_etl_dag.py for tasks to queue
[2024-10-26 08:59:59,223] {logging_mixin.py:104} INFO - [2024-10-26 08:59:59,223] {dagbag.py:496} INFO - Filling up the DagBag from /home/airflow/.local/lib/python3.6/site-packages/airflow/example_dags/tutorial_etl_dag.py
[2024-10-26 08:59:59,234] {scheduler_job.py:642} INFO - DAG(s) dict_keys(['tutorial_etl_dag']) retrieved from /home/airflow/.local/lib/python3.6/site-packages/airflow/example_dags/tutorial_etl_dag.py
[2024-10-26 08:59:59,250] {logging_mixin.py:104} INFO - [2024-10-26 08:59:59,250] {dag.py:1833} INFO - Sync 1 DAGs
[2024-10-26 08:59:59,262] {logging_mixin.py:104} INFO - [2024-10-26 08:59:59,262] {dag.py:2306} INFO - Setting next_dagrun for tutorial_etl_dag to None
[2024-10-26 08:59:59,271] {scheduler_job.py:189} INFO - Processing /home/airflow/.local/lib/python3.6/site-packages/airflow/example_dags/tutorial_etl_dag.py took 0.053 seconds
[2024-10-26 09:03:43,680] {scheduler_job.py:181} INFO - Started process (PID=85) to work on /home/airflow/.local/lib/python3.6/site-packages/airflow/example_dags/tutorial_etl_dag.py
[2024-10-26 09:03:43,680] {scheduler_job.py:632} INFO - Processing file /home/airflow/.local/lib/python3.6/site-packages/airflow/example_dags/tutorial_etl_dag.py for tasks to queue
[2024-10-26 09:03:43,681] {logging_mixin.py:104} INFO - [2024-10-26 09:03:43,681] {dagbag.py:496} INFO - Filling up the DagBag from /home/airflow/.local/lib/python3.6/site-packages/airflow/example_dags/tutorial_etl_dag.py
[2024-10-26 09:03:43,692] {scheduler_job.py:642} INFO - DAG(s) dict_keys(['tutorial_etl_dag']) retrieved from /home/airflow/.local/lib/python3.6/site-packages/airflow/example_dags/tutorial_etl_dag.py
[2024-10-26 09:03:43,708] {logging_mixin.py:104} INFO - [2024-10-26 09:03:43,708] {dag.py:1833} INFO - Sync 1 DAGs
[2024-10-26 09:03:43,724] {logging_mixin.py:104} INFO - [2024-10-26 09:03:43,723] {dag.py:2306} INFO - Setting next_dagrun for tutorial_etl_dag to None
[2024-10-26 09:03:43,733] {scheduler_job.py:189} INFO - Processing /home/airflow/.local/lib/python3.6/site-packages/airflow/example_dags/tutorial_etl_dag.py took 0.056 seconds
[2024-10-26 09:04:46,471] {scheduler_job.py:181} INFO - Started process (PID=148) to work on /home/airflow/.local/lib/python3.6/site-packages/airflow/example_dags/tutorial_etl_dag.py
[2024-10-26 09:04:46,473] {scheduler_job.py:632} INFO - Processing file /home/airflow/.local/lib/python3.6/site-packages/airflow/example_dags/tutorial_etl_dag.py for tasks to queue
[2024-10-26 09:04:46,474] {logging_mixin.py:104} INFO - [2024-10-26 09:04:46,474] {dagbag.py:496} INFO - Filling up the DagBag from /home/airflow/.local/lib/python3.6/site-packages/airflow/example_dags/tutorial_etl_dag.py
[2024-10-26 09:04:46,498] {scheduler_job.py:642} INFO - DAG(s) dict_keys(['tutorial_etl_dag']) retrieved from /home/airflow/.local/lib/python3.6/site-packages/airflow/example_dags/tutorial_etl_dag.py
[2024-10-26 09:04:46,542] {logging_mixin.py:104} INFO - [2024-10-26 09:04:46,542] {dag.py:1833} INFO - Sync 1 DAGs
[2024-10-26 09:04:46,567] {logging_mixin.py:104} INFO - [2024-10-26 09:04:46,566] {dag.py:2306} INFO - Setting next_dagrun for tutorial_etl_dag to None
[2024-10-26 09:04:46,606] {scheduler_job.py:189} INFO - Processing /home/airflow/.local/lib/python3.6/site-packages/airflow/example_dags/tutorial_etl_dag.py took 0.139 seconds
[2024-10-26 09:07:27,063] {scheduler_job.py:181} INFO - Started process (PID=211) to work on /home/airflow/.local/lib/python3.6/site-packages/airflow/example_dags/tutorial_etl_dag.py
[2024-10-26 09:07:27,066] {scheduler_job.py:632} INFO - Processing file /home/airflow/.local/lib/python3.6/site-packages/airflow/example_dags/tutorial_etl_dag.py for tasks to queue
[2024-10-26 09:07:27,067] {logging_mixin.py:104} INFO - [2024-10-26 09:07:27,067] {dagbag.py:496} INFO - Filling up the DagBag from /home/airflow/.local/lib/python3.6/site-packages/airflow/example_dags/tutorial_etl_dag.py
[2024-10-26 09:07:27,085] {scheduler_job.py:642} INFO - DAG(s) dict_keys(['tutorial_etl_dag']) retrieved from /home/airflow/.local/lib/python3.6/site-packages/airflow/example_dags/tutorial_etl_dag.py
[2024-10-26 09:07:27,106] {logging_mixin.py:104} INFO - [2024-10-26 09:07:27,106] {dag.py:1833} INFO - Sync 1 DAGs
[2024-10-26 09:07:27,122] {logging_mixin.py:104} INFO - [2024-10-26 09:07:27,122] {dag.py:2306} INFO - Setting next_dagrun for tutorial_etl_dag to None
[2024-10-26 09:07:27,139] {scheduler_job.py:189} INFO - Processing /home/airflow/.local/lib/python3.6/site-packages/airflow/example_dags/tutorial_etl_dag.py took 0.079 seconds
[2024-10-26 09:08:43,710] {scheduler_job.py:181} INFO - Started process (PID=264) to work on /home/airflow/.local/lib/python3.6/site-packages/airflow/example_dags/tutorial_etl_dag.py
[2024-10-26 09:08:43,711] {scheduler_job.py:632} INFO - Processing file /home/airflow/.local/lib/python3.6/site-packages/airflow/example_dags/tutorial_etl_dag.py for tasks to queue
[2024-10-26 09:08:43,712] {logging_mixin.py:104} INFO - [2024-10-26 09:08:43,711] {dagbag.py:496} INFO - Filling up the DagBag from /home/airflow/.local/lib/python3.6/site-packages/airflow/example_dags/tutorial_etl_dag.py
[2024-10-26 09:08:43,723] {scheduler_job.py:642} INFO - DAG(s) dict_keys(['tutorial_etl_dag']) retrieved from /home/airflow/.local/lib/python3.6/site-packages/airflow/example_dags/tutorial_etl_dag.py
[2024-10-26 09:08:43,739] {logging_mixin.py:104} INFO - [2024-10-26 09:08:43,739] {dag.py:1833} INFO - Sync 1 DAGs
[2024-10-26 09:08:43,751] {logging_mixin.py:104} INFO - [2024-10-26 09:08:43,750] {dag.py:2306} INFO - Setting next_dagrun for tutorial_etl_dag to None
[2024-10-26 09:08:43,761] {scheduler_job.py:189} INFO - Processing /home/airflow/.local/lib/python3.6/site-packages/airflow/example_dags/tutorial_etl_dag.py took 0.053 seconds
[2024-10-26 09:10:34,728] {scheduler_job.py:181} INFO - Started process (PID=354) to work on /home/airflow/.local/lib/python3.6/site-packages/airflow/example_dags/tutorial_etl_dag.py
[2024-10-26 09:10:34,729] {scheduler_job.py:632} INFO - Processing file /home/airflow/.local/lib/python3.6/site-packages/airflow/example_dags/tutorial_etl_dag.py for tasks to queue
[2024-10-26 09:10:34,730] {logging_mixin.py:104} INFO - [2024-10-26 09:10:34,730] {dagbag.py:496} INFO - Filling up the DagBag from /home/airflow/.local/lib/python3.6/site-packages/airflow/example_dags/tutorial_etl_dag.py
[2024-10-26 09:10:34,741] {scheduler_job.py:642} INFO - DAG(s) dict_keys(['tutorial_etl_dag']) retrieved from /home/airflow/.local/lib/python3.6/site-packages/airflow/example_dags/tutorial_etl_dag.py
[2024-10-26 09:10:34,759] {logging_mixin.py:104} INFO - [2024-10-26 09:10:34,758] {dag.py:1833} INFO - Sync 1 DAGs
[2024-10-26 09:10:34,769] {logging_mixin.py:104} INFO - [2024-10-26 09:10:34,769] {dag.py:2306} INFO - Setting next_dagrun for tutorial_etl_dag to None
[2024-10-26 09:10:34,782] {scheduler_job.py:189} INFO - Processing /home/airflow/.local/lib/python3.6/site-packages/airflow/example_dags/tutorial_etl_dag.py took 0.056 seconds
[2024-10-26 09:12:22,273] {scheduler_job.py:181} INFO - Started process (PID=417) to work on /home/airflow/.local/lib/python3.6/site-packages/airflow/example_dags/tutorial_etl_dag.py
[2024-10-26 09:12:22,274] {scheduler_job.py:632} INFO - Processing file /home/airflow/.local/lib/python3.6/site-packages/airflow/example_dags/tutorial_etl_dag.py for tasks to queue
[2024-10-26 09:12:22,275] {logging_mixin.py:104} INFO - [2024-10-26 09:12:22,274] {dagbag.py:496} INFO - Filling up the DagBag from /home/airflow/.local/lib/python3.6/site-packages/airflow/example_dags/tutorial_etl_dag.py
[2024-10-26 09:12:22,283] {scheduler_job.py:642} INFO - DAG(s) dict_keys(['tutorial_etl_dag']) retrieved from /home/airflow/.local/lib/python3.6/site-packages/airflow/example_dags/tutorial_etl_dag.py
[2024-10-26 09:12:22,297] {logging_mixin.py:104} INFO - [2024-10-26 09:12:22,297] {dag.py:1833} INFO - Sync 1 DAGs
[2024-10-26 09:12:22,305] {logging_mixin.py:104} INFO - [2024-10-26 09:12:22,305] {dag.py:2306} INFO - Setting next_dagrun for tutorial_etl_dag to None
[2024-10-26 09:12:22,313] {scheduler_job.py:189} INFO - Processing /home/airflow/.local/lib/python3.6/site-packages/airflow/example_dags/tutorial_etl_dag.py took 0.041 seconds
[2024-10-26 09:12:56,351] {scheduler_job.py:181} INFO - Started process (PID=480) to work on /home/airflow/.local/lib/python3.6/site-packages/airflow/example_dags/tutorial_etl_dag.py
[2024-10-26 09:12:56,353] {scheduler_job.py:632} INFO - Processing file /home/airflow/.local/lib/python3.6/site-packages/airflow/example_dags/tutorial_etl_dag.py for tasks to queue
[2024-10-26 09:12:56,353] {logging_mixin.py:104} INFO - [2024-10-26 09:12:56,353] {dagbag.py:496} INFO - Filling up the DagBag from /home/airflow/.local/lib/python3.6/site-packages/airflow/example_dags/tutorial_etl_dag.py
[2024-10-26 09:12:56,361] {scheduler_job.py:642} INFO - DAG(s) dict_keys(['tutorial_etl_dag']) retrieved from /home/airflow/.local/lib/python3.6/site-packages/airflow/example_dags/tutorial_etl_dag.py
[2024-10-26 09:12:56,376] {logging_mixin.py:104} INFO - [2024-10-26 09:12:56,376] {dag.py:1833} INFO - Sync 1 DAGs
[2024-10-26 09:12:56,385] {logging_mixin.py:104} INFO - [2024-10-26 09:12:56,384] {dag.py:2306} INFO - Setting next_dagrun for tutorial_etl_dag to None
[2024-10-26 09:12:56,392] {scheduler_job.py:189} INFO - Processing /home/airflow/.local/lib/python3.6/site-packages/airflow/example_dags/tutorial_etl_dag.py took 0.043 seconds
[2024-10-26 09:13:27,726] {scheduler_job.py:181} INFO - Started process (PID=553) to work on /home/airflow/.local/lib/python3.6/site-packages/airflow/example_dags/tutorial_etl_dag.py
[2024-10-26 09:13:27,727] {scheduler_job.py:632} INFO - Processing file /home/airflow/.local/lib/python3.6/site-packages/airflow/example_dags/tutorial_etl_dag.py for tasks to queue
[2024-10-26 09:13:27,727] {logging_mixin.py:104} INFO - [2024-10-26 09:13:27,727] {dagbag.py:496} INFO - Filling up the DagBag from /home/airflow/.local/lib/python3.6/site-packages/airflow/example_dags/tutorial_etl_dag.py
[2024-10-26 09:13:27,737] {scheduler_job.py:642} INFO - DAG(s) dict_keys(['tutorial_etl_dag']) retrieved from /home/airflow/.local/lib/python3.6/site-packages/airflow/example_dags/tutorial_etl_dag.py
[2024-10-26 09:13:27,755] {logging_mixin.py:104} INFO - [2024-10-26 09:13:27,755] {dag.py:1833} INFO - Sync 1 DAGs
[2024-10-26 09:13:27,764] {logging_mixin.py:104} INFO - [2024-10-26 09:13:27,764] {dag.py:2306} INFO - Setting next_dagrun for tutorial_etl_dag to None
[2024-10-26 09:13:27,773] {scheduler_job.py:189} INFO - Processing /home/airflow/.local/lib/python3.6/site-packages/airflow/example_dags/tutorial_etl_dag.py took 0.049 seconds
[2024-10-26 09:13:58,388] {scheduler_job.py:181} INFO - Started process (PID=606) to work on /home/airflow/.local/lib/python3.6/site-packages/airflow/example_dags/tutorial_etl_dag.py
[2024-10-26 09:13:58,388] {scheduler_job.py:632} INFO - Processing file /home/airflow/.local/lib/python3.6/site-packages/airflow/example_dags/tutorial_etl_dag.py for tasks to queue
[2024-10-26 09:13:58,389] {logging_mixin.py:104} INFO - [2024-10-26 09:13:58,389] {dagbag.py:496} INFO - Filling up the DagBag from /home/airflow/.local/lib/python3.6/site-packages/airflow/example_dags/tutorial_etl_dag.py
[2024-10-26 09:13:58,397] {scheduler_job.py:642} INFO - DAG(s) dict_keys(['tutorial_etl_dag']) retrieved from /home/airflow/.local/lib/python3.6/site-packages/airflow/example_dags/tutorial_etl_dag.py
[2024-10-26 09:13:58,410] {logging_mixin.py:104} INFO - [2024-10-26 09:13:58,410] {dag.py:1833} INFO - Sync 1 DAGs
[2024-10-26 09:13:58,417] {logging_mixin.py:104} INFO - [2024-10-26 09:13:58,417] {dag.py:2306} INFO - Setting next_dagrun for tutorial_etl_dag to None
[2024-10-26 09:13:58,424] {scheduler_job.py:189} INFO - Processing /home/airflow/.local/lib/python3.6/site-packages/airflow/example_dags/tutorial_etl_dag.py took 0.038 seconds
[2024-10-26 09:18:58,028] {scheduler_job.py:181} INFO - Started process (PID=727) to work on /home/airflow/.local/lib/python3.6/site-packages/airflow/example_dags/tutorial_etl_dag.py
[2024-10-26 09:18:58,029] {scheduler_job.py:632} INFO - Processing file /home/airflow/.local/lib/python3.6/site-packages/airflow/example_dags/tutorial_etl_dag.py for tasks to queue
[2024-10-26 09:18:58,030] {logging_mixin.py:104} INFO - [2024-10-26 09:18:58,029] {dagbag.py:496} INFO - Filling up the DagBag from /home/airflow/.local/lib/python3.6/site-packages/airflow/example_dags/tutorial_etl_dag.py
[2024-10-26 09:18:58,040] {scheduler_job.py:642} INFO - DAG(s) dict_keys(['tutorial_etl_dag']) retrieved from /home/airflow/.local/lib/python3.6/site-packages/airflow/example_dags/tutorial_etl_dag.py
[2024-10-26 09:18:58,056] {logging_mixin.py:104} INFO - [2024-10-26 09:18:58,055] {dag.py:1833} INFO - Sync 1 DAGs
[2024-10-26 09:18:58,064] {logging_mixin.py:104} INFO - [2024-10-26 09:18:58,064] {dag.py:2306} INFO - Setting next_dagrun for tutorial_etl_dag to None
[2024-10-26 09:18:58,071] {scheduler_job.py:189} INFO - Processing /home/airflow/.local/lib/python3.6/site-packages/airflow/example_dags/tutorial_etl_dag.py took 0.047 seconds
[2024-10-26 09:19:55,556] {scheduler_job.py:181} INFO - Started process (PID=817) to work on /home/airflow/.local/lib/python3.6/site-packages/airflow/example_dags/tutorial_etl_dag.py
[2024-10-26 09:19:55,557] {scheduler_job.py:632} INFO - Processing file /home/airflow/.local/lib/python3.6/site-packages/airflow/example_dags/tutorial_etl_dag.py for tasks to queue
[2024-10-26 09:19:55,558] {logging_mixin.py:104} INFO - [2024-10-26 09:19:55,557] {dagbag.py:496} INFO - Filling up the DagBag from /home/airflow/.local/lib/python3.6/site-packages/airflow/example_dags/tutorial_etl_dag.py
[2024-10-26 09:19:55,569] {scheduler_job.py:642} INFO - DAG(s) dict_keys(['tutorial_etl_dag']) retrieved from /home/airflow/.local/lib/python3.6/site-packages/airflow/example_dags/tutorial_etl_dag.py
[2024-10-26 09:19:55,586] {logging_mixin.py:104} INFO - [2024-10-26 09:19:55,586] {dag.py:1833} INFO - Sync 1 DAGs
[2024-10-26 09:19:55,596] {logging_mixin.py:104} INFO - [2024-10-26 09:19:55,596] {dag.py:2306} INFO - Setting next_dagrun for tutorial_etl_dag to None
[2024-10-26 09:19:55,606] {scheduler_job.py:189} INFO - Processing /home/airflow/.local/lib/python3.6/site-packages/airflow/example_dags/tutorial_etl_dag.py took 0.053 seconds
[2024-10-26 09:21:31,900] {scheduler_job.py:181} INFO - Started process (PID=910) to work on /home/airflow/.local/lib/python3.6/site-packages/airflow/example_dags/tutorial_etl_dag.py
[2024-10-26 09:21:31,900] {scheduler_job.py:632} INFO - Processing file /home/airflow/.local/lib/python3.6/site-packages/airflow/example_dags/tutorial_etl_dag.py for tasks to queue
[2024-10-26 09:21:31,901] {logging_mixin.py:104} INFO - [2024-10-26 09:21:31,901] {dagbag.py:496} INFO - Filling up the DagBag from /home/airflow/.local/lib/python3.6/site-packages/airflow/example_dags/tutorial_etl_dag.py
[2024-10-26 09:21:31,910] {scheduler_job.py:642} INFO - DAG(s) dict_keys(['tutorial_etl_dag']) retrieved from /home/airflow/.local/lib/python3.6/site-packages/airflow/example_dags/tutorial_etl_dag.py
[2024-10-26 09:21:31,923] {logging_mixin.py:104} INFO - [2024-10-26 09:21:31,923] {dag.py:1833} INFO - Sync 1 DAGs
[2024-10-26 09:21:31,931] {logging_mixin.py:104} INFO - [2024-10-26 09:21:31,931] {dag.py:2306} INFO - Setting next_dagrun for tutorial_etl_dag to None
[2024-10-26 09:21:31,938] {scheduler_job.py:189} INFO - Processing /home/airflow/.local/lib/python3.6/site-packages/airflow/example_dags/tutorial_etl_dag.py took 0.040 seconds
[2024-10-26 09:22:03,203] {scheduler_job.py:181} INFO - Started process (PID=973) to work on /home/airflow/.local/lib/python3.6/site-packages/airflow/example_dags/tutorial_etl_dag.py
[2024-10-26 09:22:03,204] {scheduler_job.py:632} INFO - Processing file /home/airflow/.local/lib/python3.6/site-packages/airflow/example_dags/tutorial_etl_dag.py for tasks to queue
[2024-10-26 09:22:03,205] {logging_mixin.py:104} INFO - [2024-10-26 09:22:03,204] {dagbag.py:496} INFO - Filling up the DagBag from /home/airflow/.local/lib/python3.6/site-packages/airflow/example_dags/tutorial_etl_dag.py
[2024-10-26 09:22:03,216] {scheduler_job.py:642} INFO - DAG(s) dict_keys(['tutorial_etl_dag']) retrieved from /home/airflow/.local/lib/python3.6/site-packages/airflow/example_dags/tutorial_etl_dag.py
[2024-10-26 09:22:03,232] {logging_mixin.py:104} INFO - [2024-10-26 09:22:03,232] {dag.py:1833} INFO - Sync 1 DAGs
[2024-10-26 09:22:03,242] {logging_mixin.py:104} INFO - [2024-10-26 09:22:03,242] {dag.py:2306} INFO - Setting next_dagrun for tutorial_etl_dag to None
[2024-10-26 09:22:03,251] {scheduler_job.py:189} INFO - Processing /home/airflow/.local/lib/python3.6/site-packages/airflow/example_dags/tutorial_etl_dag.py took 0.050 seconds
[2024-10-26 09:25:14,403] {scheduler_job.py:181} INFO - Started process (PID=1062) to work on /home/airflow/.local/lib/python3.6/site-packages/airflow/example_dags/tutorial_etl_dag.py
[2024-10-26 09:25:14,403] {scheduler_job.py:632} INFO - Processing file /home/airflow/.local/lib/python3.6/site-packages/airflow/example_dags/tutorial_etl_dag.py for tasks to queue
[2024-10-26 09:25:14,404] {logging_mixin.py:104} INFO - [2024-10-26 09:25:14,404] {dagbag.py:496} INFO - Filling up the DagBag from /home/airflow/.local/lib/python3.6/site-packages/airflow/example_dags/tutorial_etl_dag.py
[2024-10-26 09:25:14,413] {scheduler_job.py:642} INFO - DAG(s) dict_keys(['tutorial_etl_dag']) retrieved from /home/airflow/.local/lib/python3.6/site-packages/airflow/example_dags/tutorial_etl_dag.py
[2024-10-26 09:25:14,427] {logging_mixin.py:104} INFO - [2024-10-26 09:25:14,427] {dag.py:1833} INFO - Sync 1 DAGs
[2024-10-26 09:25:14,436] {logging_mixin.py:104} INFO - [2024-10-26 09:25:14,436] {dag.py:2306} INFO - Setting next_dagrun for tutorial_etl_dag to None
[2024-10-26 09:25:14,443] {scheduler_job.py:189} INFO - Processing /home/airflow/.local/lib/python3.6/site-packages/airflow/example_dags/tutorial_etl_dag.py took 0.042 seconds
[2024-10-26 09:25:48,447] {scheduler_job.py:181} INFO - Started process (PID=1134) to work on /home/airflow/.local/lib/python3.6/site-packages/airflow/example_dags/tutorial_etl_dag.py
[2024-10-26 09:25:48,448] {scheduler_job.py:632} INFO - Processing file /home/airflow/.local/lib/python3.6/site-packages/airflow/example_dags/tutorial_etl_dag.py for tasks to queue
[2024-10-26 09:25:48,449] {logging_mixin.py:104} INFO - [2024-10-26 09:25:48,449] {dagbag.py:496} INFO - Filling up the DagBag from /home/airflow/.local/lib/python3.6/site-packages/airflow/example_dags/tutorial_etl_dag.py
[2024-10-26 09:25:48,459] {scheduler_job.py:642} INFO - DAG(s) dict_keys(['tutorial_etl_dag']) retrieved from /home/airflow/.local/lib/python3.6/site-packages/airflow/example_dags/tutorial_etl_dag.py
[2024-10-26 09:25:48,475] {logging_mixin.py:104} INFO - [2024-10-26 09:25:48,475] {dag.py:1833} INFO - Sync 1 DAGs
[2024-10-26 09:25:48,485] {logging_mixin.py:104} INFO - [2024-10-26 09:25:48,484] {dag.py:2306} INFO - Setting next_dagrun for tutorial_etl_dag to None
[2024-10-26 09:25:48,494] {scheduler_job.py:189} INFO - Processing /home/airflow/.local/lib/python3.6/site-packages/airflow/example_dags/tutorial_etl_dag.py took 0.050 seconds
[2024-10-26 09:28:09,681] {scheduler_job.py:181} INFO - Started process (PID=1212) to work on /home/airflow/.local/lib/python3.6/site-packages/airflow/example_dags/tutorial_etl_dag.py
[2024-10-26 09:28:09,682] {scheduler_job.py:632} INFO - Processing file /home/airflow/.local/lib/python3.6/site-packages/airflow/example_dags/tutorial_etl_dag.py for tasks to queue
[2024-10-26 09:28:09,683] {logging_mixin.py:104} INFO - [2024-10-26 09:28:09,683] {dagbag.py:496} INFO - Filling up the DagBag from /home/airflow/.local/lib/python3.6/site-packages/airflow/example_dags/tutorial_etl_dag.py
[2024-10-26 09:28:09,694] {scheduler_job.py:642} INFO - DAG(s) dict_keys(['tutorial_etl_dag']) retrieved from /home/airflow/.local/lib/python3.6/site-packages/airflow/example_dags/tutorial_etl_dag.py
[2024-10-26 09:28:09,710] {logging_mixin.py:104} INFO - [2024-10-26 09:28:09,710] {dag.py:1833} INFO - Sync 1 DAGs
[2024-10-26 09:28:09,721] {logging_mixin.py:104} INFO - [2024-10-26 09:28:09,721] {dag.py:2306} INFO - Setting next_dagrun for tutorial_etl_dag to None
[2024-10-26 09:28:09,729] {scheduler_job.py:189} INFO - Processing /home/airflow/.local/lib/python3.6/site-packages/airflow/example_dags/tutorial_etl_dag.py took 0.051 seconds
[2024-10-26 09:28:41,577] {scheduler_job.py:181} INFO - Started process (PID=1265) to work on /home/airflow/.local/lib/python3.6/site-packages/airflow/example_dags/tutorial_etl_dag.py
[2024-10-26 09:28:41,578] {scheduler_job.py:632} INFO - Processing file /home/airflow/.local/lib/python3.6/site-packages/airflow/example_dags/tutorial_etl_dag.py for tasks to queue
[2024-10-26 09:28:41,579] {logging_mixin.py:104} INFO - [2024-10-26 09:28:41,579] {dagbag.py:496} INFO - Filling up the DagBag from /home/airflow/.local/lib/python3.6/site-packages/airflow/example_dags/tutorial_etl_dag.py
[2024-10-26 09:28:41,589] {scheduler_job.py:642} INFO - DAG(s) dict_keys(['tutorial_etl_dag']) retrieved from /home/airflow/.local/lib/python3.6/site-packages/airflow/example_dags/tutorial_etl_dag.py
[2024-10-26 09:28:41,604] {logging_mixin.py:104} INFO - [2024-10-26 09:28:41,604] {dag.py:1833} INFO - Sync 1 DAGs
[2024-10-26 09:28:41,614] {logging_mixin.py:104} INFO - [2024-10-26 09:28:41,614] {dag.py:2306} INFO - Setting next_dagrun for tutorial_etl_dag to None
[2024-10-26 09:28:41,622] {scheduler_job.py:189} INFO - Processing /home/airflow/.local/lib/python3.6/site-packages/airflow/example_dags/tutorial_etl_dag.py took 0.047 seconds
[2024-10-26 09:29:53,471] {scheduler_job.py:181} INFO - Started process (PID=1345) to work on /home/airflow/.local/lib/python3.6/site-packages/airflow/example_dags/tutorial_etl_dag.py
[2024-10-26 09:29:53,473] {scheduler_job.py:632} INFO - Processing file /home/airflow/.local/lib/python3.6/site-packages/airflow/example_dags/tutorial_etl_dag.py for tasks to queue
[2024-10-26 09:29:53,474] {logging_mixin.py:104} INFO - [2024-10-26 09:29:53,474] {dagbag.py:496} INFO - Filling up the DagBag from /home/airflow/.local/lib/python3.6/site-packages/airflow/example_dags/tutorial_etl_dag.py
[2024-10-26 09:29:53,488] {scheduler_job.py:642} INFO - DAG(s) dict_keys(['tutorial_etl_dag']) retrieved from /home/airflow/.local/lib/python3.6/site-packages/airflow/example_dags/tutorial_etl_dag.py
[2024-10-26 09:29:53,511] {logging_mixin.py:104} INFO - [2024-10-26 09:29:53,511] {dag.py:1833} INFO - Sync 1 DAGs
[2024-10-26 09:29:53,529] {logging_mixin.py:104} INFO - [2024-10-26 09:29:53,528] {dag.py:2306} INFO - Setting next_dagrun for tutorial_etl_dag to None
[2024-10-26 09:29:53,541] {scheduler_job.py:189} INFO - Processing /home/airflow/.local/lib/python3.6/site-packages/airflow/example_dags/tutorial_etl_dag.py took 0.074 seconds
[2024-10-26 09:31:11,666] {scheduler_job.py:181} INFO - Started process (PID=1411) to work on /home/airflow/.local/lib/python3.6/site-packages/airflow/example_dags/tutorial_etl_dag.py
[2024-10-26 09:31:11,667] {scheduler_job.py:632} INFO - Processing file /home/airflow/.local/lib/python3.6/site-packages/airflow/example_dags/tutorial_etl_dag.py for tasks to queue
[2024-10-26 09:31:11,667] {logging_mixin.py:104} INFO - [2024-10-26 09:31:11,667] {dagbag.py:496} INFO - Filling up the DagBag from /home/airflow/.local/lib/python3.6/site-packages/airflow/example_dags/tutorial_etl_dag.py
[2024-10-26 09:31:11,677] {scheduler_job.py:642} INFO - DAG(s) dict_keys(['tutorial_etl_dag']) retrieved from /home/airflow/.local/lib/python3.6/site-packages/airflow/example_dags/tutorial_etl_dag.py
[2024-10-26 09:31:11,703] {logging_mixin.py:104} INFO - [2024-10-26 09:31:11,703] {dag.py:1833} INFO - Sync 1 DAGs
[2024-10-26 09:31:11,714] {logging_mixin.py:104} INFO - [2024-10-26 09:31:11,714] {dag.py:2306} INFO - Setting next_dagrun for tutorial_etl_dag to None
[2024-10-26 09:31:11,724] {scheduler_job.py:189} INFO - Processing /home/airflow/.local/lib/python3.6/site-packages/airflow/example_dags/tutorial_etl_dag.py took 0.060 seconds
[2024-10-26 09:32:29,805] {scheduler_job.py:181} INFO - Started process (PID=1475) to work on /home/airflow/.local/lib/python3.6/site-packages/airflow/example_dags/tutorial_etl_dag.py
[2024-10-26 09:32:29,806] {scheduler_job.py:632} INFO - Processing file /home/airflow/.local/lib/python3.6/site-packages/airflow/example_dags/tutorial_etl_dag.py for tasks to queue
[2024-10-26 09:32:29,807] {logging_mixin.py:104} INFO - [2024-10-26 09:32:29,806] {dagbag.py:496} INFO - Filling up the DagBag from /home/airflow/.local/lib/python3.6/site-packages/airflow/example_dags/tutorial_etl_dag.py
[2024-10-26 09:32:29,819] {scheduler_job.py:642} INFO - DAG(s) dict_keys(['tutorial_etl_dag']) retrieved from /home/airflow/.local/lib/python3.6/site-packages/airflow/example_dags/tutorial_etl_dag.py
[2024-10-26 09:32:29,838] {logging_mixin.py:104} INFO - [2024-10-26 09:32:29,837] {dag.py:1833} INFO - Sync 1 DAGs
[2024-10-26 09:32:29,849] {logging_mixin.py:104} INFO - [2024-10-26 09:32:29,849] {dag.py:2306} INFO - Setting next_dagrun for tutorial_etl_dag to None
[2024-10-26 09:32:29,861] {scheduler_job.py:189} INFO - Processing /home/airflow/.local/lib/python3.6/site-packages/airflow/example_dags/tutorial_etl_dag.py took 0.058 seconds
[2024-10-26 09:34:25,891] {scheduler_job.py:181} INFO - Started process (PID=1528) to work on /home/airflow/.local/lib/python3.6/site-packages/airflow/example_dags/tutorial_etl_dag.py
[2024-10-26 09:34:25,892] {scheduler_job.py:632} INFO - Processing file /home/airflow/.local/lib/python3.6/site-packages/airflow/example_dags/tutorial_etl_dag.py for tasks to queue
[2024-10-26 09:34:25,893] {logging_mixin.py:104} INFO - [2024-10-26 09:34:25,893] {dagbag.py:496} INFO - Filling up the DagBag from /home/airflow/.local/lib/python3.6/site-packages/airflow/example_dags/tutorial_etl_dag.py
[2024-10-26 09:34:25,905] {scheduler_job.py:642} INFO - DAG(s) dict_keys(['tutorial_etl_dag']) retrieved from /home/airflow/.local/lib/python3.6/site-packages/airflow/example_dags/tutorial_etl_dag.py
[2024-10-26 09:34:25,925] {logging_mixin.py:104} INFO - [2024-10-26 09:34:25,925] {dag.py:1833} INFO - Sync 1 DAGs
[2024-10-26 09:34:25,937] {logging_mixin.py:104} INFO - [2024-10-26 09:34:25,937] {dag.py:2306} INFO - Setting next_dagrun for tutorial_etl_dag to None
[2024-10-26 09:34:25,945] {scheduler_job.py:189} INFO - Processing /home/airflow/.local/lib/python3.6/site-packages/airflow/example_dags/tutorial_etl_dag.py took 0.057 seconds
[2024-10-26 09:35:54,153] {scheduler_job.py:181} INFO - Started process (PID=1581) to work on /home/airflow/.local/lib/python3.6/site-packages/airflow/example_dags/tutorial_etl_dag.py
[2024-10-26 09:35:54,154] {scheduler_job.py:632} INFO - Processing file /home/airflow/.local/lib/python3.6/site-packages/airflow/example_dags/tutorial_etl_dag.py for tasks to queue
[2024-10-26 09:35:54,155] {logging_mixin.py:104} INFO - [2024-10-26 09:35:54,154] {dagbag.py:496} INFO - Filling up the DagBag from /home/airflow/.local/lib/python3.6/site-packages/airflow/example_dags/tutorial_etl_dag.py
[2024-10-26 09:35:54,167] {scheduler_job.py:642} INFO - DAG(s) dict_keys(['tutorial_etl_dag']) retrieved from /home/airflow/.local/lib/python3.6/site-packages/airflow/example_dags/tutorial_etl_dag.py
[2024-10-26 09:35:54,186] {logging_mixin.py:104} INFO - [2024-10-26 09:35:54,185] {dag.py:1833} INFO - Sync 1 DAGs
[2024-10-26 09:35:54,195] {logging_mixin.py:104} INFO - [2024-10-26 09:35:54,195] {dag.py:2306} INFO - Setting next_dagrun for tutorial_etl_dag to None
[2024-10-26 09:35:54,203] {scheduler_job.py:189} INFO - Processing /home/airflow/.local/lib/python3.6/site-packages/airflow/example_dags/tutorial_etl_dag.py took 0.053 seconds
[2024-10-26 09:37:27,604] {scheduler_job.py:181} INFO - Started process (PID=1661) to work on /home/airflow/.local/lib/python3.6/site-packages/airflow/example_dags/tutorial_etl_dag.py
[2024-10-26 09:37:27,605] {scheduler_job.py:632} INFO - Processing file /home/airflow/.local/lib/python3.6/site-packages/airflow/example_dags/tutorial_etl_dag.py for tasks to queue
[2024-10-26 09:37:27,605] {logging_mixin.py:104} INFO - [2024-10-26 09:37:27,605] {dagbag.py:496} INFO - Filling up the DagBag from /home/airflow/.local/lib/python3.6/site-packages/airflow/example_dags/tutorial_etl_dag.py
[2024-10-26 09:37:27,618] {scheduler_job.py:642} INFO - DAG(s) dict_keys(['tutorial_etl_dag']) retrieved from /home/airflow/.local/lib/python3.6/site-packages/airflow/example_dags/tutorial_etl_dag.py
[2024-10-26 09:37:27,636] {logging_mixin.py:104} INFO - [2024-10-26 09:37:27,636] {dag.py:1833} INFO - Sync 1 DAGs
[2024-10-26 09:37:27,647] {logging_mixin.py:104} INFO - [2024-10-26 09:37:27,647] {dag.py:2306} INFO - Setting next_dagrun for tutorial_etl_dag to None
[2024-10-26 09:37:27,656] {scheduler_job.py:189} INFO - Processing /home/airflow/.local/lib/python3.6/site-packages/airflow/example_dags/tutorial_etl_dag.py took 0.054 seconds
[2024-10-26 09:38:44,137] {scheduler_job.py:181} INFO - Started process (PID=1714) to work on /home/airflow/.local/lib/python3.6/site-packages/airflow/example_dags/tutorial_etl_dag.py
[2024-10-26 09:38:44,137] {scheduler_job.py:632} INFO - Processing file /home/airflow/.local/lib/python3.6/site-packages/airflow/example_dags/tutorial_etl_dag.py for tasks to queue
[2024-10-26 09:38:44,138] {logging_mixin.py:104} INFO - [2024-10-26 09:38:44,138] {dagbag.py:496} INFO - Filling up the DagBag from /home/airflow/.local/lib/python3.6/site-packages/airflow/example_dags/tutorial_etl_dag.py
[2024-10-26 09:38:44,147] {scheduler_job.py:642} INFO - DAG(s) dict_keys(['tutorial_etl_dag']) retrieved from /home/airflow/.local/lib/python3.6/site-packages/airflow/example_dags/tutorial_etl_dag.py
[2024-10-26 09:38:44,165] {logging_mixin.py:104} INFO - [2024-10-26 09:38:44,165] {dag.py:1833} INFO - Sync 1 DAGs
[2024-10-26 09:38:44,173] {logging_mixin.py:104} INFO - [2024-10-26 09:38:44,173] {dag.py:2306} INFO - Setting next_dagrun for tutorial_etl_dag to None
[2024-10-26 09:38:44,181] {scheduler_job.py:189} INFO - Processing /home/airflow/.local/lib/python3.6/site-packages/airflow/example_dags/tutorial_etl_dag.py took 0.046 seconds
[2024-10-26 09:41:40,697] {scheduler_job.py:181} INFO - Started process (PID=1777) to work on /home/airflow/.local/lib/python3.6/site-packages/airflow/example_dags/tutorial_etl_dag.py
[2024-10-26 09:41:40,698] {scheduler_job.py:632} INFO - Processing file /home/airflow/.local/lib/python3.6/site-packages/airflow/example_dags/tutorial_etl_dag.py for tasks to queue
[2024-10-26 09:41:40,699] {logging_mixin.py:104} INFO - [2024-10-26 09:41:40,699] {dagbag.py:496} INFO - Filling up the DagBag from /home/airflow/.local/lib/python3.6/site-packages/airflow/example_dags/tutorial_etl_dag.py
[2024-10-26 09:41:40,714] {scheduler_job.py:642} INFO - DAG(s) dict_keys(['tutorial_etl_dag']) retrieved from /home/airflow/.local/lib/python3.6/site-packages/airflow/example_dags/tutorial_etl_dag.py
[2024-10-26 09:41:40,738] {logging_mixin.py:104} INFO - [2024-10-26 09:41:40,738] {dag.py:1833} INFO - Sync 1 DAGs
[2024-10-26 09:41:40,749] {logging_mixin.py:104} INFO - [2024-10-26 09:41:40,749] {dag.py:2306} INFO - Setting next_dagrun for tutorial_etl_dag to None
[2024-10-26 09:41:40,760] {scheduler_job.py:189} INFO - Processing /home/airflow/.local/lib/python3.6/site-packages/airflow/example_dags/tutorial_etl_dag.py took 0.066 seconds
[2024-10-26 09:42:55,709] {scheduler_job.py:181} INFO - Started process (PID=1850) to work on /home/airflow/.local/lib/python3.6/site-packages/airflow/example_dags/tutorial_etl_dag.py
[2024-10-26 09:42:55,710] {scheduler_job.py:632} INFO - Processing file /home/airflow/.local/lib/python3.6/site-packages/airflow/example_dags/tutorial_etl_dag.py for tasks to queue
[2024-10-26 09:42:55,710] {logging_mixin.py:104} INFO - [2024-10-26 09:42:55,710] {dagbag.py:496} INFO - Filling up the DagBag from /home/airflow/.local/lib/python3.6/site-packages/airflow/example_dags/tutorial_etl_dag.py
[2024-10-26 09:42:55,722] {scheduler_job.py:642} INFO - DAG(s) dict_keys(['tutorial_etl_dag']) retrieved from /home/airflow/.local/lib/python3.6/site-packages/airflow/example_dags/tutorial_etl_dag.py
[2024-10-26 09:42:55,742] {logging_mixin.py:104} INFO - [2024-10-26 09:42:55,742] {dag.py:1833} INFO - Sync 1 DAGs
[2024-10-26 09:42:55,750] {logging_mixin.py:104} INFO - [2024-10-26 09:42:55,750] {dag.py:2306} INFO - Setting next_dagrun for tutorial_etl_dag to None
[2024-10-26 09:42:55,759] {scheduler_job.py:189} INFO - Processing /home/airflow/.local/lib/python3.6/site-packages/airflow/example_dags/tutorial_etl_dag.py took 0.053 seconds
[2024-10-26 09:43:41,909] {scheduler_job.py:181} INFO - Started process (PID=1903) to work on /home/airflow/.local/lib/python3.6/site-packages/airflow/example_dags/tutorial_etl_dag.py
[2024-10-26 09:43:41,909] {scheduler_job.py:632} INFO - Processing file /home/airflow/.local/lib/python3.6/site-packages/airflow/example_dags/tutorial_etl_dag.py for tasks to queue
[2024-10-26 09:43:41,910] {logging_mixin.py:104} INFO - [2024-10-26 09:43:41,910] {dagbag.py:496} INFO - Filling up the DagBag from /home/airflow/.local/lib/python3.6/site-packages/airflow/example_dags/tutorial_etl_dag.py
[2024-10-26 09:43:41,919] {scheduler_job.py:642} INFO - DAG(s) dict_keys(['tutorial_etl_dag']) retrieved from /home/airflow/.local/lib/python3.6/site-packages/airflow/example_dags/tutorial_etl_dag.py
[2024-10-26 09:43:41,933] {logging_mixin.py:104} INFO - [2024-10-26 09:43:41,933] {dag.py:1833} INFO - Sync 1 DAGs
[2024-10-26 09:43:41,941] {logging_mixin.py:104} INFO - [2024-10-26 09:43:41,941] {dag.py:2306} INFO - Setting next_dagrun for tutorial_etl_dag to None
[2024-10-26 09:43:41,949] {scheduler_job.py:189} INFO - Processing /home/airflow/.local/lib/python3.6/site-packages/airflow/example_dags/tutorial_etl_dag.py took 0.042 seconds
[2024-10-26 09:44:27,280] {scheduler_job.py:181} INFO - Started process (PID=1946) to work on /home/airflow/.local/lib/python3.6/site-packages/airflow/example_dags/tutorial_etl_dag.py
[2024-10-26 09:44:27,280] {scheduler_job.py:632} INFO - Processing file /home/airflow/.local/lib/python3.6/site-packages/airflow/example_dags/tutorial_etl_dag.py for tasks to queue
[2024-10-26 09:44:27,281] {logging_mixin.py:104} INFO - [2024-10-26 09:44:27,281] {dagbag.py:496} INFO - Filling up the DagBag from /home/airflow/.local/lib/python3.6/site-packages/airflow/example_dags/tutorial_etl_dag.py
[2024-10-26 09:44:27,292] {scheduler_job.py:642} INFO - DAG(s) dict_keys(['tutorial_etl_dag']) retrieved from /home/airflow/.local/lib/python3.6/site-packages/airflow/example_dags/tutorial_etl_dag.py
[2024-10-26 09:44:27,311] {logging_mixin.py:104} INFO - [2024-10-26 09:44:27,311] {dag.py:1833} INFO - Sync 1 DAGs
[2024-10-26 09:44:27,323] {logging_mixin.py:104} INFO - [2024-10-26 09:44:27,322] {dag.py:2306} INFO - Setting next_dagrun for tutorial_etl_dag to None
[2024-10-26 09:44:27,332] {scheduler_job.py:189} INFO - Processing /home/airflow/.local/lib/python3.6/site-packages/airflow/example_dags/tutorial_etl_dag.py took 0.054 seconds
[2024-10-26 09:46:40,341] {scheduler_job.py:181} INFO - Started process (PID=1999) to work on /home/airflow/.local/lib/python3.6/site-packages/airflow/example_dags/tutorial_etl_dag.py
[2024-10-26 09:46:40,342] {scheduler_job.py:632} INFO - Processing file /home/airflow/.local/lib/python3.6/site-packages/airflow/example_dags/tutorial_etl_dag.py for tasks to queue
[2024-10-26 09:46:40,343] {logging_mixin.py:104} INFO - [2024-10-26 09:46:40,343] {dagbag.py:496} INFO - Filling up the DagBag from /home/airflow/.local/lib/python3.6/site-packages/airflow/example_dags/tutorial_etl_dag.py
[2024-10-26 09:46:40,357] {scheduler_job.py:642} INFO - DAG(s) dict_keys(['tutorial_etl_dag']) retrieved from /home/airflow/.local/lib/python3.6/site-packages/airflow/example_dags/tutorial_etl_dag.py
[2024-10-26 09:46:40,376] {logging_mixin.py:104} INFO - [2024-10-26 09:46:40,376] {dag.py:1833} INFO - Sync 1 DAGs
[2024-10-26 09:46:40,387] {logging_mixin.py:104} INFO - [2024-10-26 09:46:40,387] {dag.py:2306} INFO - Setting next_dagrun for tutorial_etl_dag to None
[2024-10-26 09:46:40,398] {scheduler_job.py:189} INFO - Processing /home/airflow/.local/lib/python3.6/site-packages/airflow/example_dags/tutorial_etl_dag.py took 0.059 seconds
[2024-10-26 09:47:44,098] {scheduler_job.py:181} INFO - Started process (PID=2052) to work on /home/airflow/.local/lib/python3.6/site-packages/airflow/example_dags/tutorial_etl_dag.py
[2024-10-26 09:47:44,099] {scheduler_job.py:632} INFO - Processing file /home/airflow/.local/lib/python3.6/site-packages/airflow/example_dags/tutorial_etl_dag.py for tasks to queue
[2024-10-26 09:47:44,100] {logging_mixin.py:104} INFO - [2024-10-26 09:47:44,100] {dagbag.py:496} INFO - Filling up the DagBag from /home/airflow/.local/lib/python3.6/site-packages/airflow/example_dags/tutorial_etl_dag.py
[2024-10-26 09:47:44,111] {scheduler_job.py:642} INFO - DAG(s) dict_keys(['tutorial_etl_dag']) retrieved from /home/airflow/.local/lib/python3.6/site-packages/airflow/example_dags/tutorial_etl_dag.py
[2024-10-26 09:47:44,129] {logging_mixin.py:104} INFO - [2024-10-26 09:47:44,129] {dag.py:1833} INFO - Sync 1 DAGs
[2024-10-26 09:47:44,138] {logging_mixin.py:104} INFO - [2024-10-26 09:47:44,138] {dag.py:2306} INFO - Setting next_dagrun for tutorial_etl_dag to None
[2024-10-26 09:47:44,147] {scheduler_job.py:189} INFO - Processing /home/airflow/.local/lib/python3.6/site-packages/airflow/example_dags/tutorial_etl_dag.py took 0.051 seconds
[2024-10-26 09:48:24,602] {scheduler_job.py:181} INFO - Started process (PID=2115) to work on /home/airflow/.local/lib/python3.6/site-packages/airflow/example_dags/tutorial_etl_dag.py
[2024-10-26 09:48:24,602] {scheduler_job.py:632} INFO - Processing file /home/airflow/.local/lib/python3.6/site-packages/airflow/example_dags/tutorial_etl_dag.py for tasks to queue
[2024-10-26 09:48:24,603] {logging_mixin.py:104} INFO - [2024-10-26 09:48:24,603] {dagbag.py:496} INFO - Filling up the DagBag from /home/airflow/.local/lib/python3.6/site-packages/airflow/example_dags/tutorial_etl_dag.py
[2024-10-26 09:48:24,614] {scheduler_job.py:642} INFO - DAG(s) dict_keys(['tutorial_etl_dag']) retrieved from /home/airflow/.local/lib/python3.6/site-packages/airflow/example_dags/tutorial_etl_dag.py
[2024-10-26 09:48:24,632] {logging_mixin.py:104} INFO - [2024-10-26 09:48:24,632] {dag.py:1833} INFO - Sync 1 DAGs
[2024-10-26 09:48:24,643] {logging_mixin.py:104} INFO - [2024-10-26 09:48:24,643] {dag.py:2306} INFO - Setting next_dagrun for tutorial_etl_dag to None
[2024-10-26 09:48:24,654] {scheduler_job.py:189} INFO - Processing /home/airflow/.local/lib/python3.6/site-packages/airflow/example_dags/tutorial_etl_dag.py took 0.055 seconds
[2024-10-26 09:49:32,128] {scheduler_job.py:181} INFO - Started process (PID=2158) to work on /home/airflow/.local/lib/python3.6/site-packages/airflow/example_dags/tutorial_etl_dag.py
[2024-10-26 09:49:32,129] {scheduler_job.py:632} INFO - Processing file /home/airflow/.local/lib/python3.6/site-packages/airflow/example_dags/tutorial_etl_dag.py for tasks to queue
[2024-10-26 09:49:32,130] {logging_mixin.py:104} INFO - [2024-10-26 09:49:32,130] {dagbag.py:496} INFO - Filling up the DagBag from /home/airflow/.local/lib/python3.6/site-packages/airflow/example_dags/tutorial_etl_dag.py
[2024-10-26 09:49:32,141] {scheduler_job.py:642} INFO - DAG(s) dict_keys(['tutorial_etl_dag']) retrieved from /home/airflow/.local/lib/python3.6/site-packages/airflow/example_dags/tutorial_etl_dag.py
[2024-10-26 09:49:32,159] {logging_mixin.py:104} INFO - [2024-10-26 09:49:32,159] {dag.py:1833} INFO - Sync 1 DAGs
[2024-10-26 09:49:32,170] {logging_mixin.py:104} INFO - [2024-10-26 09:49:32,170] {dag.py:2306} INFO - Setting next_dagrun for tutorial_etl_dag to None
[2024-10-26 09:49:32,179] {scheduler_job.py:189} INFO - Processing /home/airflow/.local/lib/python3.6/site-packages/airflow/example_dags/tutorial_etl_dag.py took 0.053 seconds
[2024-10-26 09:50:02,661] {scheduler_job.py:181} INFO - Started process (PID=2211) to work on /home/airflow/.local/lib/python3.6/site-packages/airflow/example_dags/tutorial_etl_dag.py
[2024-10-26 09:50:02,662] {scheduler_job.py:632} INFO - Processing file /home/airflow/.local/lib/python3.6/site-packages/airflow/example_dags/tutorial_etl_dag.py for tasks to queue
[2024-10-26 09:50:02,663] {logging_mixin.py:104} INFO - [2024-10-26 09:50:02,663] {dagbag.py:496} INFO - Filling up the DagBag from /home/airflow/.local/lib/python3.6/site-packages/airflow/example_dags/tutorial_etl_dag.py
[2024-10-26 09:50:02,674] {scheduler_job.py:642} INFO - DAG(s) dict_keys(['tutorial_etl_dag']) retrieved from /home/airflow/.local/lib/python3.6/site-packages/airflow/example_dags/tutorial_etl_dag.py
[2024-10-26 09:50:02,692] {logging_mixin.py:104} INFO - [2024-10-26 09:50:02,691] {dag.py:1833} INFO - Sync 1 DAGs
[2024-10-26 09:50:02,702] {logging_mixin.py:104} INFO - [2024-10-26 09:50:02,702] {dag.py:2306} INFO - Setting next_dagrun for tutorial_etl_dag to None
[2024-10-26 09:50:02,711] {scheduler_job.py:189} INFO - Processing /home/airflow/.local/lib/python3.6/site-packages/airflow/example_dags/tutorial_etl_dag.py took 0.052 seconds
[2024-10-26 09:51:24,540] {scheduler_job.py:181} INFO - Started process (PID=2274) to work on /home/airflow/.local/lib/python3.6/site-packages/airflow/example_dags/tutorial_etl_dag.py
[2024-10-26 09:51:24,541] {scheduler_job.py:632} INFO - Processing file /home/airflow/.local/lib/python3.6/site-packages/airflow/example_dags/tutorial_etl_dag.py for tasks to queue
[2024-10-26 09:51:24,542] {logging_mixin.py:104} INFO - [2024-10-26 09:51:24,542] {dagbag.py:496} INFO - Filling up the DagBag from /home/airflow/.local/lib/python3.6/site-packages/airflow/example_dags/tutorial_etl_dag.py
[2024-10-26 09:51:24,555] {scheduler_job.py:642} INFO - DAG(s) dict_keys(['tutorial_etl_dag']) retrieved from /home/airflow/.local/lib/python3.6/site-packages/airflow/example_dags/tutorial_etl_dag.py
[2024-10-26 09:51:24,573] {logging_mixin.py:104} INFO - [2024-10-26 09:51:24,573] {dag.py:1833} INFO - Sync 1 DAGs
[2024-10-26 09:51:24,584] {logging_mixin.py:104} INFO - [2024-10-26 09:51:24,584] {dag.py:2306} INFO - Setting next_dagrun for tutorial_etl_dag to None
[2024-10-26 09:51:24,594] {scheduler_job.py:189} INFO - Processing /home/airflow/.local/lib/python3.6/site-packages/airflow/example_dags/tutorial_etl_dag.py took 0.056 seconds
[2024-10-26 09:52:00,350] {scheduler_job.py:181} INFO - Started process (PID=2327) to work on /home/airflow/.local/lib/python3.6/site-packages/airflow/example_dags/tutorial_etl_dag.py
[2024-10-26 09:52:00,350] {scheduler_job.py:632} INFO - Processing file /home/airflow/.local/lib/python3.6/site-packages/airflow/example_dags/tutorial_etl_dag.py for tasks to queue
[2024-10-26 09:52:00,351] {logging_mixin.py:104} INFO - [2024-10-26 09:52:00,351] {dagbag.py:496} INFO - Filling up the DagBag from /home/airflow/.local/lib/python3.6/site-packages/airflow/example_dags/tutorial_etl_dag.py
[2024-10-26 09:52:00,360] {scheduler_job.py:642} INFO - DAG(s) dict_keys(['tutorial_etl_dag']) retrieved from /home/airflow/.local/lib/python3.6/site-packages/airflow/example_dags/tutorial_etl_dag.py
[2024-10-26 09:52:00,374] {logging_mixin.py:104} INFO - [2024-10-26 09:52:00,374] {dag.py:1833} INFO - Sync 1 DAGs
[2024-10-26 09:52:00,381] {logging_mixin.py:104} INFO - [2024-10-26 09:52:00,381] {dag.py:2306} INFO - Setting next_dagrun for tutorial_etl_dag to None
[2024-10-26 09:52:00,389] {scheduler_job.py:189} INFO - Processing /home/airflow/.local/lib/python3.6/site-packages/airflow/example_dags/tutorial_etl_dag.py took 0.041 seconds
[2024-10-26 09:52:45,411] {scheduler_job.py:181} INFO - Started process (PID=2380) to work on /home/airflow/.local/lib/python3.6/site-packages/airflow/example_dags/tutorial_etl_dag.py
[2024-10-26 09:52:45,413] {scheduler_job.py:632} INFO - Processing file /home/airflow/.local/lib/python3.6/site-packages/airflow/example_dags/tutorial_etl_dag.py for tasks to queue
[2024-10-26 09:52:45,414] {logging_mixin.py:104} INFO - [2024-10-26 09:52:45,413] {dagbag.py:496} INFO - Filling up the DagBag from /home/airflow/.local/lib/python3.6/site-packages/airflow/example_dags/tutorial_etl_dag.py
[2024-10-26 09:52:45,424] {scheduler_job.py:642} INFO - DAG(s) dict_keys(['tutorial_etl_dag']) retrieved from /home/airflow/.local/lib/python3.6/site-packages/airflow/example_dags/tutorial_etl_dag.py
[2024-10-26 09:52:45,437] {logging_mixin.py:104} INFO - [2024-10-26 09:52:45,437] {dag.py:1833} INFO - Sync 1 DAGs
[2024-10-26 09:52:45,447] {logging_mixin.py:104} INFO - [2024-10-26 09:52:45,447] {dag.py:2306} INFO - Setting next_dagrun for tutorial_etl_dag to None
[2024-10-26 09:52:45,466] {scheduler_job.py:189} INFO - Processing /home/airflow/.local/lib/python3.6/site-packages/airflow/example_dags/tutorial_etl_dag.py took 0.057 seconds
[2024-10-26 09:54:05,538] {scheduler_job.py:181} INFO - Started process (PID=2433) to work on /home/airflow/.local/lib/python3.6/site-packages/airflow/example_dags/tutorial_etl_dag.py
[2024-10-26 09:54:05,539] {scheduler_job.py:632} INFO - Processing file /home/airflow/.local/lib/python3.6/site-packages/airflow/example_dags/tutorial_etl_dag.py for tasks to queue
[2024-10-26 09:54:05,540] {logging_mixin.py:104} INFO - [2024-10-26 09:54:05,540] {dagbag.py:496} INFO - Filling up the DagBag from /home/airflow/.local/lib/python3.6/site-packages/airflow/example_dags/tutorial_etl_dag.py
[2024-10-26 09:54:05,550] {scheduler_job.py:642} INFO - DAG(s) dict_keys(['tutorial_etl_dag']) retrieved from /home/airflow/.local/lib/python3.6/site-packages/airflow/example_dags/tutorial_etl_dag.py
[2024-10-26 09:54:05,566] {logging_mixin.py:104} INFO - [2024-10-26 09:54:05,566] {dag.py:1833} INFO - Sync 1 DAGs
[2024-10-26 09:54:05,577] {logging_mixin.py:104} INFO - [2024-10-26 09:54:05,577] {dag.py:2306} INFO - Setting next_dagrun for tutorial_etl_dag to None
[2024-10-26 09:54:05,586] {scheduler_job.py:189} INFO - Processing /home/airflow/.local/lib/python3.6/site-packages/airflow/example_dags/tutorial_etl_dag.py took 0.050 seconds
[2024-10-26 09:55:26,815] {scheduler_job.py:181} INFO - Started process (PID=2496) to work on /home/airflow/.local/lib/python3.6/site-packages/airflow/example_dags/tutorial_etl_dag.py
[2024-10-26 09:55:26,816] {scheduler_job.py:632} INFO - Processing file /home/airflow/.local/lib/python3.6/site-packages/airflow/example_dags/tutorial_etl_dag.py for tasks to queue
[2024-10-26 09:55:26,816] {logging_mixin.py:104} INFO - [2024-10-26 09:55:26,816] {dagbag.py:496} INFO - Filling up the DagBag from /home/airflow/.local/lib/python3.6/site-packages/airflow/example_dags/tutorial_etl_dag.py
[2024-10-26 09:55:26,826] {scheduler_job.py:642} INFO - DAG(s) dict_keys(['tutorial_etl_dag']) retrieved from /home/airflow/.local/lib/python3.6/site-packages/airflow/example_dags/tutorial_etl_dag.py
[2024-10-26 09:55:26,842] {logging_mixin.py:104} INFO - [2024-10-26 09:55:26,842] {dag.py:1833} INFO - Sync 1 DAGs
[2024-10-26 09:55:26,851] {logging_mixin.py:104} INFO - [2024-10-26 09:55:26,851] {dag.py:2306} INFO - Setting next_dagrun for tutorial_etl_dag to None
[2024-10-26 09:55:26,860] {scheduler_job.py:189} INFO - Processing /home/airflow/.local/lib/python3.6/site-packages/airflow/example_dags/tutorial_etl_dag.py took 0.048 seconds
[2024-10-26 09:58:22,250] {scheduler_job.py:181} INFO - Started process (PID=2565) to work on /home/airflow/.local/lib/python3.6/site-packages/airflow/example_dags/tutorial_etl_dag.py
[2024-10-26 09:58:22,251] {scheduler_job.py:632} INFO - Processing file /home/airflow/.local/lib/python3.6/site-packages/airflow/example_dags/tutorial_etl_dag.py for tasks to queue
[2024-10-26 09:58:22,252] {logging_mixin.py:104} INFO - [2024-10-26 09:58:22,252] {dagbag.py:496} INFO - Filling up the DagBag from /home/airflow/.local/lib/python3.6/site-packages/airflow/example_dags/tutorial_etl_dag.py
[2024-10-26 09:58:22,261] {scheduler_job.py:642} INFO - DAG(s) dict_keys(['tutorial_etl_dag']) retrieved from /home/airflow/.local/lib/python3.6/site-packages/airflow/example_dags/tutorial_etl_dag.py
[2024-10-26 09:58:22,277] {logging_mixin.py:104} INFO - [2024-10-26 09:58:22,277] {dag.py:1833} INFO - Sync 1 DAGs
[2024-10-26 09:58:22,288] {logging_mixin.py:104} INFO - [2024-10-26 09:58:22,288] {dag.py:2306} INFO - Setting next_dagrun for tutorial_etl_dag to None
[2024-10-26 09:58:22,297] {scheduler_job.py:189} INFO - Processing /home/airflow/.local/lib/python3.6/site-packages/airflow/example_dags/tutorial_etl_dag.py took 0.049 seconds
[2024-10-26 09:58:53,502] {scheduler_job.py:181} INFO - Started process (PID=2628) to work on /home/airflow/.local/lib/python3.6/site-packages/airflow/example_dags/tutorial_etl_dag.py
[2024-10-26 09:58:53,503] {scheduler_job.py:632} INFO - Processing file /home/airflow/.local/lib/python3.6/site-packages/airflow/example_dags/tutorial_etl_dag.py for tasks to queue
[2024-10-26 09:58:53,503] {logging_mixin.py:104} INFO - [2024-10-26 09:58:53,503] {dagbag.py:496} INFO - Filling up the DagBag from /home/airflow/.local/lib/python3.6/site-packages/airflow/example_dags/tutorial_etl_dag.py
[2024-10-26 09:58:53,516] {scheduler_job.py:642} INFO - DAG(s) dict_keys(['tutorial_etl_dag']) retrieved from /home/airflow/.local/lib/python3.6/site-packages/airflow/example_dags/tutorial_etl_dag.py
[2024-10-26 09:58:53,533] {logging_mixin.py:104} INFO - [2024-10-26 09:58:53,533] {dag.py:1833} INFO - Sync 1 DAGs
[2024-10-26 09:58:53,544] {logging_mixin.py:104} INFO - [2024-10-26 09:58:53,544] {dag.py:2306} INFO - Setting next_dagrun for tutorial_etl_dag to None
[2024-10-26 09:58:53,554] {scheduler_job.py:189} INFO - Processing /home/airflow/.local/lib/python3.6/site-packages/airflow/example_dags/tutorial_etl_dag.py took 0.054 seconds
[2024-10-26 09:59:24,345] {scheduler_job.py:181} INFO - Started process (PID=2701) to work on /home/airflow/.local/lib/python3.6/site-packages/airflow/example_dags/tutorial_etl_dag.py
[2024-10-26 09:59:24,346] {scheduler_job.py:632} INFO - Processing file /home/airflow/.local/lib/python3.6/site-packages/airflow/example_dags/tutorial_etl_dag.py for tasks to queue
[2024-10-26 09:59:24,347] {logging_mixin.py:104} INFO - [2024-10-26 09:59:24,347] {dagbag.py:496} INFO - Filling up the DagBag from /home/airflow/.local/lib/python3.6/site-packages/airflow/example_dags/tutorial_etl_dag.py
[2024-10-26 09:59:24,357] {scheduler_job.py:642} INFO - DAG(s) dict_keys(['tutorial_etl_dag']) retrieved from /home/airflow/.local/lib/python3.6/site-packages/airflow/example_dags/tutorial_etl_dag.py
[2024-10-26 09:59:24,370] {logging_mixin.py:104} INFO - [2024-10-26 09:59:24,370] {dag.py:1833} INFO - Sync 1 DAGs
[2024-10-26 09:59:24,381] {logging_mixin.py:104} INFO - [2024-10-26 09:59:24,381] {dag.py:2306} INFO - Setting next_dagrun for tutorial_etl_dag to None
[2024-10-26 09:59:24,389] {scheduler_job.py:189} INFO - Processing /home/airflow/.local/lib/python3.6/site-packages/airflow/example_dags/tutorial_etl_dag.py took 0.046 seconds
[2024-10-26 09:59:55,215] {scheduler_job.py:181} INFO - Started process (PID=2773) to work on /home/airflow/.local/lib/python3.6/site-packages/airflow/example_dags/tutorial_etl_dag.py
[2024-10-26 09:59:55,216] {scheduler_job.py:632} INFO - Processing file /home/airflow/.local/lib/python3.6/site-packages/airflow/example_dags/tutorial_etl_dag.py for tasks to queue
[2024-10-26 09:59:55,216] {logging_mixin.py:104} INFO - [2024-10-26 09:59:55,216] {dagbag.py:496} INFO - Filling up the DagBag from /home/airflow/.local/lib/python3.6/site-packages/airflow/example_dags/tutorial_etl_dag.py
[2024-10-26 09:59:55,226] {scheduler_job.py:642} INFO - DAG(s) dict_keys(['tutorial_etl_dag']) retrieved from /home/airflow/.local/lib/python3.6/site-packages/airflow/example_dags/tutorial_etl_dag.py
[2024-10-26 09:59:55,243] {logging_mixin.py:104} INFO - [2024-10-26 09:59:55,243] {dag.py:1833} INFO - Sync 1 DAGs
[2024-10-26 09:59:55,252] {logging_mixin.py:104} INFO - [2024-10-26 09:59:55,252] {dag.py:2306} INFO - Setting next_dagrun for tutorial_etl_dag to None
[2024-10-26 09:59:55,260] {scheduler_job.py:189} INFO - Processing /home/airflow/.local/lib/python3.6/site-packages/airflow/example_dags/tutorial_etl_dag.py took 0.047 seconds
[2024-10-26 10:00:26,032] {scheduler_job.py:181} INFO - Started process (PID=2837) to work on /home/airflow/.local/lib/python3.6/site-packages/airflow/example_dags/tutorial_etl_dag.py
[2024-10-26 10:00:26,033] {scheduler_job.py:632} INFO - Processing file /home/airflow/.local/lib/python3.6/site-packages/airflow/example_dags/tutorial_etl_dag.py for tasks to queue
[2024-10-26 10:00:26,033] {logging_mixin.py:104} INFO - [2024-10-26 10:00:26,033] {dagbag.py:496} INFO - Filling up the DagBag from /home/airflow/.local/lib/python3.6/site-packages/airflow/example_dags/tutorial_etl_dag.py
[2024-10-26 10:00:26,044] {scheduler_job.py:642} INFO - DAG(s) dict_keys(['tutorial_etl_dag']) retrieved from /home/airflow/.local/lib/python3.6/site-packages/airflow/example_dags/tutorial_etl_dag.py
[2024-10-26 10:00:26,062] {logging_mixin.py:104} INFO - [2024-10-26 10:00:26,062] {dag.py:1833} INFO - Sync 1 DAGs
[2024-10-26 10:00:26,072] {logging_mixin.py:104} INFO - [2024-10-26 10:00:26,072] {dag.py:2306} INFO - Setting next_dagrun for tutorial_etl_dag to None
[2024-10-26 10:00:26,081] {scheduler_job.py:189} INFO - Processing /home/airflow/.local/lib/python3.6/site-packages/airflow/example_dags/tutorial_etl_dag.py took 0.052 seconds
[2024-10-26 10:00:56,541] {scheduler_job.py:181} INFO - Started process (PID=2910) to work on /home/airflow/.local/lib/python3.6/site-packages/airflow/example_dags/tutorial_etl_dag.py
[2024-10-26 10:00:56,542] {scheduler_job.py:632} INFO - Processing file /home/airflow/.local/lib/python3.6/site-packages/airflow/example_dags/tutorial_etl_dag.py for tasks to queue
[2024-10-26 10:00:56,542] {logging_mixin.py:104} INFO - [2024-10-26 10:00:56,542] {dagbag.py:496} INFO - Filling up the DagBag from /home/airflow/.local/lib/python3.6/site-packages/airflow/example_dags/tutorial_etl_dag.py
[2024-10-26 10:00:56,550] {scheduler_job.py:642} INFO - DAG(s) dict_keys(['tutorial_etl_dag']) retrieved from /home/airflow/.local/lib/python3.6/site-packages/airflow/example_dags/tutorial_etl_dag.py
[2024-10-26 10:00:56,563] {logging_mixin.py:104} INFO - [2024-10-26 10:00:56,563] {dag.py:1833} INFO - Sync 1 DAGs
[2024-10-26 10:00:56,569] {logging_mixin.py:104} INFO - [2024-10-26 10:00:56,569] {dag.py:2306} INFO - Setting next_dagrun for tutorial_etl_dag to None
[2024-10-26 10:00:56,575] {scheduler_job.py:189} INFO - Processing /home/airflow/.local/lib/python3.6/site-packages/airflow/example_dags/tutorial_etl_dag.py took 0.035 seconds
[2024-10-26 10:01:27,324] {scheduler_job.py:181} INFO - Started process (PID=2973) to work on /home/airflow/.local/lib/python3.6/site-packages/airflow/example_dags/tutorial_etl_dag.py
[2024-10-26 10:01:27,324] {scheduler_job.py:632} INFO - Processing file /home/airflow/.local/lib/python3.6/site-packages/airflow/example_dags/tutorial_etl_dag.py for tasks to queue
[2024-10-26 10:01:27,325] {logging_mixin.py:104} INFO - [2024-10-26 10:01:27,325] {dagbag.py:496} INFO - Filling up the DagBag from /home/airflow/.local/lib/python3.6/site-packages/airflow/example_dags/tutorial_etl_dag.py
[2024-10-26 10:01:27,335] {scheduler_job.py:642} INFO - DAG(s) dict_keys(['tutorial_etl_dag']) retrieved from /home/airflow/.local/lib/python3.6/site-packages/airflow/example_dags/tutorial_etl_dag.py
[2024-10-26 10:01:27,352] {logging_mixin.py:104} INFO - [2024-10-26 10:01:27,352] {dag.py:1833} INFO - Sync 1 DAGs
[2024-10-26 10:01:27,361] {logging_mixin.py:104} INFO - [2024-10-26 10:01:27,361] {dag.py:2306} INFO - Setting next_dagrun for tutorial_etl_dag to None
[2024-10-26 10:01:27,369] {scheduler_job.py:189} INFO - Processing /home/airflow/.local/lib/python3.6/site-packages/airflow/example_dags/tutorial_etl_dag.py took 0.047 seconds
[2024-10-26 10:01:58,079] {scheduler_job.py:181} INFO - Started process (PID=3046) to work on /home/airflow/.local/lib/python3.6/site-packages/airflow/example_dags/tutorial_etl_dag.py
[2024-10-26 10:01:58,079] {scheduler_job.py:632} INFO - Processing file /home/airflow/.local/lib/python3.6/site-packages/airflow/example_dags/tutorial_etl_dag.py for tasks to queue
[2024-10-26 10:01:58,080] {logging_mixin.py:104} INFO - [2024-10-26 10:01:58,080] {dagbag.py:496} INFO - Filling up the DagBag from /home/airflow/.local/lib/python3.6/site-packages/airflow/example_dags/tutorial_etl_dag.py
[2024-10-26 10:01:58,089] {scheduler_job.py:642} INFO - DAG(s) dict_keys(['tutorial_etl_dag']) retrieved from /home/airflow/.local/lib/python3.6/site-packages/airflow/example_dags/tutorial_etl_dag.py
[2024-10-26 10:01:58,101] {logging_mixin.py:104} INFO - [2024-10-26 10:01:58,101] {dag.py:1833} INFO - Sync 1 DAGs
[2024-10-26 10:01:58,108] {logging_mixin.py:104} INFO - [2024-10-26 10:01:58,108] {dag.py:2306} INFO - Setting next_dagrun for tutorial_etl_dag to None
[2024-10-26 10:01:58,114] {scheduler_job.py:189} INFO - Processing /home/airflow/.local/lib/python3.6/site-packages/airflow/example_dags/tutorial_etl_dag.py took 0.037 seconds
[2024-10-26 10:02:28,807] {scheduler_job.py:181} INFO - Started process (PID=3119) to work on /home/airflow/.local/lib/python3.6/site-packages/airflow/example_dags/tutorial_etl_dag.py
[2024-10-26 10:02:28,808] {scheduler_job.py:632} INFO - Processing file /home/airflow/.local/lib/python3.6/site-packages/airflow/example_dags/tutorial_etl_dag.py for tasks to queue
[2024-10-26 10:02:28,809] {logging_mixin.py:104} INFO - [2024-10-26 10:02:28,809] {dagbag.py:496} INFO - Filling up the DagBag from /home/airflow/.local/lib/python3.6/site-packages/airflow/example_dags/tutorial_etl_dag.py
[2024-10-26 10:02:28,818] {scheduler_job.py:642} INFO - DAG(s) dict_keys(['tutorial_etl_dag']) retrieved from /home/airflow/.local/lib/python3.6/site-packages/airflow/example_dags/tutorial_etl_dag.py
[2024-10-26 10:02:28,833] {logging_mixin.py:104} INFO - [2024-10-26 10:02:28,833] {dag.py:1833} INFO - Sync 1 DAGs
[2024-10-26 10:02:28,841] {logging_mixin.py:104} INFO - [2024-10-26 10:02:28,841] {dag.py:2306} INFO - Setting next_dagrun for tutorial_etl_dag to None
[2024-10-26 10:02:28,849] {scheduler_job.py:189} INFO - Processing /home/airflow/.local/lib/python3.6/site-packages/airflow/example_dags/tutorial_etl_dag.py took 0.045 seconds
[2024-10-26 10:02:59,086] {scheduler_job.py:181} INFO - Started process (PID=3182) to work on /home/airflow/.local/lib/python3.6/site-packages/airflow/example_dags/tutorial_etl_dag.py
[2024-10-26 10:02:59,087] {scheduler_job.py:632} INFO - Processing file /home/airflow/.local/lib/python3.6/site-packages/airflow/example_dags/tutorial_etl_dag.py for tasks to queue
[2024-10-26 10:02:59,088] {logging_mixin.py:104} INFO - [2024-10-26 10:02:59,087] {dagbag.py:496} INFO - Filling up the DagBag from /home/airflow/.local/lib/python3.6/site-packages/airflow/example_dags/tutorial_etl_dag.py
[2024-10-26 10:02:59,096] {scheduler_job.py:642} INFO - DAG(s) dict_keys(['tutorial_etl_dag']) retrieved from /home/airflow/.local/lib/python3.6/site-packages/airflow/example_dags/tutorial_etl_dag.py
[2024-10-26 10:02:59,109] {logging_mixin.py:104} INFO - [2024-10-26 10:02:59,109] {dag.py:1833} INFO - Sync 1 DAGs
[2024-10-26 10:02:59,115] {logging_mixin.py:104} INFO - [2024-10-26 10:02:59,115] {dag.py:2306} INFO - Setting next_dagrun for tutorial_etl_dag to None
[2024-10-26 10:02:59,123] {scheduler_job.py:189} INFO - Processing /home/airflow/.local/lib/python3.6/site-packages/airflow/example_dags/tutorial_etl_dag.py took 0.038 seconds
[2024-10-26 10:03:29,811] {scheduler_job.py:181} INFO - Started process (PID=3255) to work on /home/airflow/.local/lib/python3.6/site-packages/airflow/example_dags/tutorial_etl_dag.py
[2024-10-26 10:03:29,811] {scheduler_job.py:632} INFO - Processing file /home/airflow/.local/lib/python3.6/site-packages/airflow/example_dags/tutorial_etl_dag.py for tasks to queue
[2024-10-26 10:03:29,812] {logging_mixin.py:104} INFO - [2024-10-26 10:03:29,812] {dagbag.py:496} INFO - Filling up the DagBag from /home/airflow/.local/lib/python3.6/site-packages/airflow/example_dags/tutorial_etl_dag.py
[2024-10-26 10:03:29,823] {scheduler_job.py:642} INFO - DAG(s) dict_keys(['tutorial_etl_dag']) retrieved from /home/airflow/.local/lib/python3.6/site-packages/airflow/example_dags/tutorial_etl_dag.py
[2024-10-26 10:03:29,838] {logging_mixin.py:104} INFO - [2024-10-26 10:03:29,838] {dag.py:1833} INFO - Sync 1 DAGs
[2024-10-26 10:03:29,846] {logging_mixin.py:104} INFO - [2024-10-26 10:03:29,846] {dag.py:2306} INFO - Setting next_dagrun for tutorial_etl_dag to None
[2024-10-26 10:03:29,854] {scheduler_job.py:189} INFO - Processing /home/airflow/.local/lib/python3.6/site-packages/airflow/example_dags/tutorial_etl_dag.py took 0.046 seconds
[2024-10-26 10:04:30,325] {scheduler_job.py:181} INFO - Started process (PID=3328) to work on /home/airflow/.local/lib/python3.6/site-packages/airflow/example_dags/tutorial_etl_dag.py
[2024-10-26 10:04:30,326] {scheduler_job.py:632} INFO - Processing file /home/airflow/.local/lib/python3.6/site-packages/airflow/example_dags/tutorial_etl_dag.py for tasks to queue
[2024-10-26 10:04:30,327] {logging_mixin.py:104} INFO - [2024-10-26 10:04:30,327] {dagbag.py:496} INFO - Filling up the DagBag from /home/airflow/.local/lib/python3.6/site-packages/airflow/example_dags/tutorial_etl_dag.py
[2024-10-26 10:04:30,350] {scheduler_job.py:642} INFO - DAG(s) dict_keys(['tutorial_etl_dag']) retrieved from /home/airflow/.local/lib/python3.6/site-packages/airflow/example_dags/tutorial_etl_dag.py
[2024-10-26 10:04:30,370] {logging_mixin.py:104} INFO - [2024-10-26 10:04:30,370] {dag.py:1833} INFO - Sync 1 DAGs
[2024-10-26 10:04:30,386] {logging_mixin.py:104} INFO - [2024-10-26 10:04:30,385] {dag.py:2306} INFO - Setting next_dagrun for tutorial_etl_dag to None
[2024-10-26 10:04:30,397] {scheduler_job.py:189} INFO - Processing /home/airflow/.local/lib/python3.6/site-packages/airflow/example_dags/tutorial_etl_dag.py took 0.075 seconds
[2024-10-26 10:05:01,646] {scheduler_job.py:181} INFO - Started process (PID=3391) to work on /home/airflow/.local/lib/python3.6/site-packages/airflow/example_dags/tutorial_etl_dag.py
[2024-10-26 10:05:01,647] {scheduler_job.py:632} INFO - Processing file /home/airflow/.local/lib/python3.6/site-packages/airflow/example_dags/tutorial_etl_dag.py for tasks to queue
[2024-10-26 10:05:01,647] {logging_mixin.py:104} INFO - [2024-10-26 10:05:01,647] {dagbag.py:496} INFO - Filling up the DagBag from /home/airflow/.local/lib/python3.6/site-packages/airflow/example_dags/tutorial_etl_dag.py
[2024-10-26 10:05:01,658] {scheduler_job.py:642} INFO - DAG(s) dict_keys(['tutorial_etl_dag']) retrieved from /home/airflow/.local/lib/python3.6/site-packages/airflow/example_dags/tutorial_etl_dag.py
[2024-10-26 10:05:01,673] {logging_mixin.py:104} INFO - [2024-10-26 10:05:01,672] {dag.py:1833} INFO - Sync 1 DAGs
[2024-10-26 10:05:01,681] {logging_mixin.py:104} INFO - [2024-10-26 10:05:01,681] {dag.py:2306} INFO - Setting next_dagrun for tutorial_etl_dag to None
[2024-10-26 10:05:01,689] {scheduler_job.py:189} INFO - Processing /home/airflow/.local/lib/python3.6/site-packages/airflow/example_dags/tutorial_etl_dag.py took 0.046 seconds
[2024-10-26 10:05:32,268] {scheduler_job.py:181} INFO - Started process (PID=3464) to work on /home/airflow/.local/lib/python3.6/site-packages/airflow/example_dags/tutorial_etl_dag.py
[2024-10-26 10:05:32,269] {scheduler_job.py:632} INFO - Processing file /home/airflow/.local/lib/python3.6/site-packages/airflow/example_dags/tutorial_etl_dag.py for tasks to queue
[2024-10-26 10:05:32,270] {logging_mixin.py:104} INFO - [2024-10-26 10:05:32,270] {dagbag.py:496} INFO - Filling up the DagBag from /home/airflow/.local/lib/python3.6/site-packages/airflow/example_dags/tutorial_etl_dag.py
[2024-10-26 10:05:32,279] {scheduler_job.py:642} INFO - DAG(s) dict_keys(['tutorial_etl_dag']) retrieved from /home/airflow/.local/lib/python3.6/site-packages/airflow/example_dags/tutorial_etl_dag.py
[2024-10-26 10:05:32,296] {logging_mixin.py:104} INFO - [2024-10-26 10:05:32,296] {dag.py:1833} INFO - Sync 1 DAGs
[2024-10-26 10:05:32,307] {logging_mixin.py:104} INFO - [2024-10-26 10:05:32,306] {dag.py:2306} INFO - Setting next_dagrun for tutorial_etl_dag to None
[2024-10-26 10:05:32,314] {scheduler_job.py:189} INFO - Processing /home/airflow/.local/lib/python3.6/site-packages/airflow/example_dags/tutorial_etl_dag.py took 0.049 seconds
[2024-10-26 10:06:02,649] {scheduler_job.py:181} INFO - Started process (PID=3525) to work on /home/airflow/.local/lib/python3.6/site-packages/airflow/example_dags/tutorial_etl_dag.py
[2024-10-26 10:06:02,650] {scheduler_job.py:632} INFO - Processing file /home/airflow/.local/lib/python3.6/site-packages/airflow/example_dags/tutorial_etl_dag.py for tasks to queue
[2024-10-26 10:06:02,651] {logging_mixin.py:104} INFO - [2024-10-26 10:06:02,651] {dagbag.py:496} INFO - Filling up the DagBag from /home/airflow/.local/lib/python3.6/site-packages/airflow/example_dags/tutorial_etl_dag.py
[2024-10-26 10:06:02,658] {scheduler_job.py:642} INFO - DAG(s) dict_keys(['tutorial_etl_dag']) retrieved from /home/airflow/.local/lib/python3.6/site-packages/airflow/example_dags/tutorial_etl_dag.py
[2024-10-26 10:06:02,671] {logging_mixin.py:104} INFO - [2024-10-26 10:06:02,671] {dag.py:1833} INFO - Sync 1 DAGs
[2024-10-26 10:06:02,681] {logging_mixin.py:104} INFO - [2024-10-26 10:06:02,681] {dag.py:2306} INFO - Setting next_dagrun for tutorial_etl_dag to None
[2024-10-26 10:06:02,689] {scheduler_job.py:189} INFO - Processing /home/airflow/.local/lib/python3.6/site-packages/airflow/example_dags/tutorial_etl_dag.py took 0.041 seconds
[2024-10-26 10:06:33,006] {scheduler_job.py:181} INFO - Started process (PID=3588) to work on /home/airflow/.local/lib/python3.6/site-packages/airflow/example_dags/tutorial_etl_dag.py
[2024-10-26 10:06:33,007] {scheduler_job.py:632} INFO - Processing file /home/airflow/.local/lib/python3.6/site-packages/airflow/example_dags/tutorial_etl_dag.py for tasks to queue
[2024-10-26 10:06:33,008] {logging_mixin.py:104} INFO - [2024-10-26 10:06:33,008] {dagbag.py:496} INFO - Filling up the DagBag from /home/airflow/.local/lib/python3.6/site-packages/airflow/example_dags/tutorial_etl_dag.py
[2024-10-26 10:06:33,017] {scheduler_job.py:642} INFO - DAG(s) dict_keys(['tutorial_etl_dag']) retrieved from /home/airflow/.local/lib/python3.6/site-packages/airflow/example_dags/tutorial_etl_dag.py
[2024-10-26 10:06:33,032] {logging_mixin.py:104} INFO - [2024-10-26 10:06:33,032] {dag.py:1833} INFO - Sync 1 DAGs
[2024-10-26 10:06:33,040] {logging_mixin.py:104} INFO - [2024-10-26 10:06:33,040] {dag.py:2306} INFO - Setting next_dagrun for tutorial_etl_dag to None
[2024-10-26 10:06:33,048] {scheduler_job.py:189} INFO - Processing /home/airflow/.local/lib/python3.6/site-packages/airflow/example_dags/tutorial_etl_dag.py took 0.044 seconds
[2024-10-26 10:07:03,705] {scheduler_job.py:181} INFO - Started process (PID=3664) to work on /home/airflow/.local/lib/python3.6/site-packages/airflow/example_dags/tutorial_etl_dag.py
[2024-10-26 10:07:03,705] {scheduler_job.py:632} INFO - Processing file /home/airflow/.local/lib/python3.6/site-packages/airflow/example_dags/tutorial_etl_dag.py for tasks to queue
[2024-10-26 10:07:03,706] {logging_mixin.py:104} INFO - [2024-10-26 10:07:03,706] {dagbag.py:496} INFO - Filling up the DagBag from /home/airflow/.local/lib/python3.6/site-packages/airflow/example_dags/tutorial_etl_dag.py
[2024-10-26 10:07:03,714] {scheduler_job.py:642} INFO - DAG(s) dict_keys(['tutorial_etl_dag']) retrieved from /home/airflow/.local/lib/python3.6/site-packages/airflow/example_dags/tutorial_etl_dag.py
[2024-10-26 10:07:03,725] {logging_mixin.py:104} INFO - [2024-10-26 10:07:03,725] {dag.py:1833} INFO - Sync 1 DAGs
[2024-10-26 10:07:03,732] {logging_mixin.py:104} INFO - [2024-10-26 10:07:03,732] {dag.py:2306} INFO - Setting next_dagrun for tutorial_etl_dag to None
[2024-10-26 10:07:03,739] {scheduler_job.py:189} INFO - Processing /home/airflow/.local/lib/python3.6/site-packages/airflow/example_dags/tutorial_etl_dag.py took 0.036 seconds
[2024-10-26 10:07:34,218] {scheduler_job.py:181} INFO - Started process (PID=3737) to work on /home/airflow/.local/lib/python3.6/site-packages/airflow/example_dags/tutorial_etl_dag.py
[2024-10-26 10:07:34,220] {scheduler_job.py:632} INFO - Processing file /home/airflow/.local/lib/python3.6/site-packages/airflow/example_dags/tutorial_etl_dag.py for tasks to queue
[2024-10-26 10:07:34,220] {logging_mixin.py:104} INFO - [2024-10-26 10:07:34,220] {dagbag.py:496} INFO - Filling up the DagBag from /home/airflow/.local/lib/python3.6/site-packages/airflow/example_dags/tutorial_etl_dag.py
[2024-10-26 10:07:34,228] {scheduler_job.py:642} INFO - DAG(s) dict_keys(['tutorial_etl_dag']) retrieved from /home/airflow/.local/lib/python3.6/site-packages/airflow/example_dags/tutorial_etl_dag.py
[2024-10-26 10:07:34,242] {logging_mixin.py:104} INFO - [2024-10-26 10:07:34,242] {dag.py:1833} INFO - Sync 1 DAGs
[2024-10-26 10:07:34,250] {logging_mixin.py:104} INFO - [2024-10-26 10:07:34,250] {dag.py:2306} INFO - Setting next_dagrun for tutorial_etl_dag to None
[2024-10-26 10:07:34,257] {scheduler_job.py:189} INFO - Processing /home/airflow/.local/lib/python3.6/site-packages/airflow/example_dags/tutorial_etl_dag.py took 0.041 seconds
