[2024-10-26 08:36:38,264] {scheduler_job.py:181} INFO - Started process (PID=346) to work on /home/airflow/.local/lib/python3.6/site-packages/airflow/example_dags/tutorial.py
[2024-10-26 08:36:38,266] {scheduler_job.py:632} INFO - Processing file /home/airflow/.local/lib/python3.6/site-packages/airflow/example_dags/tutorial.py for tasks to queue
[2024-10-26 08:36:38,267] {logging_mixin.py:104} INFO - [2024-10-26 08:36:38,267] {dagbag.py:496} INFO - Filling up the DagBag from /home/airflow/.local/lib/python3.6/site-packages/airflow/example_dags/tutorial.py
[2024-10-26 08:36:38,291] {scheduler_job.py:642} INFO - DAG(s) dict_keys(['tutorial']) retrieved from /home/airflow/.local/lib/python3.6/site-packages/airflow/example_dags/tutorial.py
[2024-10-26 08:37:32,128] {scheduler_job.py:181} INFO - Started process (PID=396) to work on /home/airflow/.local/lib/python3.6/site-packages/airflow/example_dags/tutorial.py
[2024-10-26 08:37:32,129] {scheduler_job.py:632} INFO - Processing file /home/airflow/.local/lib/python3.6/site-packages/airflow/example_dags/tutorial.py for tasks to queue
[2024-10-26 08:37:32,130] {logging_mixin.py:104} INFO - [2024-10-26 08:37:32,130] {dagbag.py:496} INFO - Filling up the DagBag from /home/airflow/.local/lib/python3.6/site-packages/airflow/example_dags/tutorial.py
[2024-10-26 08:37:32,139] {scheduler_job.py:642} INFO - DAG(s) dict_keys(['tutorial']) retrieved from /home/airflow/.local/lib/python3.6/site-packages/airflow/example_dags/tutorial.py
[2024-10-26 08:38:56,924] {scheduler_job.py:181} INFO - Started process (PID=456) to work on /home/airflow/.local/lib/python3.6/site-packages/airflow/example_dags/tutorial.py
[2024-10-26 08:38:56,926] {scheduler_job.py:632} INFO - Processing file /home/airflow/.local/lib/python3.6/site-packages/airflow/example_dags/tutorial.py for tasks to queue
[2024-10-26 08:38:56,927] {logging_mixin.py:104} INFO - [2024-10-26 08:38:56,927] {dagbag.py:496} INFO - Filling up the DagBag from /home/airflow/.local/lib/python3.6/site-packages/airflow/example_dags/tutorial.py
[2024-10-26 08:38:56,963] {scheduler_job.py:642} INFO - DAG(s) dict_keys(['tutorial']) retrieved from /home/airflow/.local/lib/python3.6/site-packages/airflow/example_dags/tutorial.py
[2024-10-26 08:39:03,752] {logging_mixin.py:104} INFO - [2024-10-26 08:39:03,751] {dag.py:1833} INFO - Sync 1 DAGs
[2024-10-26 08:39:03,766] {logging_mixin.py:104} INFO - [2024-10-26 08:39:03,765] {dag.py:1852} INFO - Creating ORM DAG for tutorial
[2024-10-26 08:39:03,771] {logging_mixin.py:104} INFO - [2024-10-26 08:39:03,771] {dag.py:2306} INFO - Setting next_dagrun for tutorial to 2024-10-24 00:00:00+00:00
[2024-10-26 08:39:03,808] {scheduler_job.py:189} INFO - Processing /home/airflow/.local/lib/python3.6/site-packages/airflow/example_dags/tutorial.py took 6.891 seconds
[2024-10-26 08:42:45,704] {scheduler_job.py:181} INFO - Started process (PID=779) to work on /home/airflow/.local/lib/python3.6/site-packages/airflow/example_dags/tutorial.py
[2024-10-26 08:42:45,705] {scheduler_job.py:632} INFO - Processing file /home/airflow/.local/lib/python3.6/site-packages/airflow/example_dags/tutorial.py for tasks to queue
[2024-10-26 08:42:45,707] {logging_mixin.py:104} INFO - [2024-10-26 08:42:45,707] {dagbag.py:496} INFO - Filling up the DagBag from /home/airflow/.local/lib/python3.6/site-packages/airflow/example_dags/tutorial.py
[2024-10-26 08:42:45,727] {scheduler_job.py:642} INFO - DAG(s) dict_keys(['tutorial']) retrieved from /home/airflow/.local/lib/python3.6/site-packages/airflow/example_dags/tutorial.py
[2024-10-26 08:42:45,756] {logging_mixin.py:104} INFO - [2024-10-26 08:42:45,756] {dag.py:1833} INFO - Sync 1 DAGs
[2024-10-26 08:42:45,771] {logging_mixin.py:104} INFO - [2024-10-26 08:42:45,770] {dag.py:2306} INFO - Setting next_dagrun for tutorial to 2024-10-24 00:00:00+00:00
[2024-10-26 08:42:45,783] {scheduler_job.py:189} INFO - Processing /home/airflow/.local/lib/python3.6/site-packages/airflow/example_dags/tutorial.py took 0.083 seconds
[2024-10-26 08:44:56,467] {scheduler_job.py:181} INFO - Started process (PID=834) to work on /home/airflow/.local/lib/python3.6/site-packages/airflow/example_dags/tutorial.py
[2024-10-26 08:44:56,469] {scheduler_job.py:632} INFO - Processing file /home/airflow/.local/lib/python3.6/site-packages/airflow/example_dags/tutorial.py for tasks to queue
[2024-10-26 08:44:56,469] {logging_mixin.py:104} INFO - [2024-10-26 08:44:56,469] {dagbag.py:496} INFO - Filling up the DagBag from /home/airflow/.local/lib/python3.6/site-packages/airflow/example_dags/tutorial.py
[2024-10-26 08:44:56,484] {scheduler_job.py:642} INFO - DAG(s) dict_keys(['tutorial']) retrieved from /home/airflow/.local/lib/python3.6/site-packages/airflow/example_dags/tutorial.py
[2024-10-26 08:44:56,522] {logging_mixin.py:104} INFO - [2024-10-26 08:44:56,521] {dag.py:1833} INFO - Sync 1 DAGs
[2024-10-26 08:44:56,538] {logging_mixin.py:104} INFO - [2024-10-26 08:44:56,537] {dag.py:2306} INFO - Setting next_dagrun for tutorial to 2024-10-24 00:00:00+00:00
[2024-10-26 08:44:56,549] {scheduler_job.py:189} INFO - Processing /home/airflow/.local/lib/python3.6/site-packages/airflow/example_dags/tutorial.py took 0.086 seconds
[2024-10-26 08:46:25,670] {scheduler_job.py:181} INFO - Started process (PID=863) to work on /home/airflow/.local/lib/python3.6/site-packages/airflow/example_dags/tutorial.py
[2024-10-26 08:46:25,671] {scheduler_job.py:632} INFO - Processing file /home/airflow/.local/lib/python3.6/site-packages/airflow/example_dags/tutorial.py for tasks to queue
[2024-10-26 08:46:25,672] {logging_mixin.py:104} INFO - [2024-10-26 08:46:25,671] {dagbag.py:496} INFO - Filling up the DagBag from /home/airflow/.local/lib/python3.6/site-packages/airflow/example_dags/tutorial.py
[2024-10-26 08:46:25,683] {scheduler_job.py:642} INFO - DAG(s) dict_keys(['tutorial']) retrieved from /home/airflow/.local/lib/python3.6/site-packages/airflow/example_dags/tutorial.py
[2024-10-26 08:46:25,702] {logging_mixin.py:104} INFO - [2024-10-26 08:46:25,702] {dag.py:1833} INFO - Sync 1 DAGs
[2024-10-26 08:46:25,713] {logging_mixin.py:104} INFO - [2024-10-26 08:46:25,712] {dag.py:2306} INFO - Setting next_dagrun for tutorial to 2024-10-24 00:00:00+00:00
[2024-10-26 08:46:25,721] {scheduler_job.py:189} INFO - Processing /home/airflow/.local/lib/python3.6/site-packages/airflow/example_dags/tutorial.py took 0.054 seconds
[2024-10-26 08:46:55,855] {scheduler_job.py:181} INFO - Started process (PID=936) to work on /home/airflow/.local/lib/python3.6/site-packages/airflow/example_dags/tutorial.py
[2024-10-26 08:46:55,856] {scheduler_job.py:632} INFO - Processing file /home/airflow/.local/lib/python3.6/site-packages/airflow/example_dags/tutorial.py for tasks to queue
[2024-10-26 08:46:55,857] {logging_mixin.py:104} INFO - [2024-10-26 08:46:55,857] {dagbag.py:496} INFO - Filling up the DagBag from /home/airflow/.local/lib/python3.6/site-packages/airflow/example_dags/tutorial.py
[2024-10-26 08:46:55,866] {scheduler_job.py:642} INFO - DAG(s) dict_keys(['tutorial']) retrieved from /home/airflow/.local/lib/python3.6/site-packages/airflow/example_dags/tutorial.py
[2024-10-26 08:46:55,880] {logging_mixin.py:104} INFO - [2024-10-26 08:46:55,880] {dag.py:1833} INFO - Sync 1 DAGs
[2024-10-26 08:46:55,888] {logging_mixin.py:104} INFO - [2024-10-26 08:46:55,888] {dag.py:2306} INFO - Setting next_dagrun for tutorial to 2024-10-24 00:00:00+00:00
[2024-10-26 08:46:55,895] {scheduler_job.py:189} INFO - Processing /home/airflow/.local/lib/python3.6/site-packages/airflow/example_dags/tutorial.py took 0.042 seconds
[2024-10-26 08:47:26,535] {scheduler_job.py:181} INFO - Started process (PID=999) to work on /home/airflow/.local/lib/python3.6/site-packages/airflow/example_dags/tutorial.py
[2024-10-26 08:47:26,536] {scheduler_job.py:632} INFO - Processing file /home/airflow/.local/lib/python3.6/site-packages/airflow/example_dags/tutorial.py for tasks to queue
[2024-10-26 08:47:26,536] {logging_mixin.py:104} INFO - [2024-10-26 08:47:26,536] {dagbag.py:496} INFO - Filling up the DagBag from /home/airflow/.local/lib/python3.6/site-packages/airflow/example_dags/tutorial.py
[2024-10-26 08:47:26,545] {scheduler_job.py:642} INFO - DAG(s) dict_keys(['tutorial']) retrieved from /home/airflow/.local/lib/python3.6/site-packages/airflow/example_dags/tutorial.py
[2024-10-26 08:47:26,558] {logging_mixin.py:104} INFO - [2024-10-26 08:47:26,558] {dag.py:1833} INFO - Sync 1 DAGs
[2024-10-26 08:47:26,567] {logging_mixin.py:104} INFO - [2024-10-26 08:47:26,566] {dag.py:2306} INFO - Setting next_dagrun for tutorial to 2024-10-24 00:00:00+00:00
[2024-10-26 08:47:26,573] {scheduler_job.py:189} INFO - Processing /home/airflow/.local/lib/python3.6/site-packages/airflow/example_dags/tutorial.py took 0.039 seconds
[2024-10-26 08:47:57,129] {scheduler_job.py:181} INFO - Started process (PID=1072) to work on /home/airflow/.local/lib/python3.6/site-packages/airflow/example_dags/tutorial.py
[2024-10-26 08:47:57,130] {scheduler_job.py:632} INFO - Processing file /home/airflow/.local/lib/python3.6/site-packages/airflow/example_dags/tutorial.py for tasks to queue
[2024-10-26 08:47:57,131] {logging_mixin.py:104} INFO - [2024-10-26 08:47:57,130] {dagbag.py:496} INFO - Filling up the DagBag from /home/airflow/.local/lib/python3.6/site-packages/airflow/example_dags/tutorial.py
[2024-10-26 08:47:57,139] {scheduler_job.py:642} INFO - DAG(s) dict_keys(['tutorial']) retrieved from /home/airflow/.local/lib/python3.6/site-packages/airflow/example_dags/tutorial.py
[2024-10-26 08:47:57,153] {logging_mixin.py:104} INFO - [2024-10-26 08:47:57,153] {dag.py:1833} INFO - Sync 1 DAGs
[2024-10-26 08:47:57,160] {logging_mixin.py:104} INFO - [2024-10-26 08:47:57,160] {dag.py:2306} INFO - Setting next_dagrun for tutorial to 2024-10-24 00:00:00+00:00
[2024-10-26 08:47:57,167] {scheduler_job.py:189} INFO - Processing /home/airflow/.local/lib/python3.6/site-packages/airflow/example_dags/tutorial.py took 0.040 seconds
[2024-10-26 08:48:27,443] {scheduler_job.py:181} INFO - Started process (PID=1144) to work on /home/airflow/.local/lib/python3.6/site-packages/airflow/example_dags/tutorial.py
[2024-10-26 08:48:27,444] {scheduler_job.py:632} INFO - Processing file /home/airflow/.local/lib/python3.6/site-packages/airflow/example_dags/tutorial.py for tasks to queue
[2024-10-26 08:48:27,445] {logging_mixin.py:104} INFO - [2024-10-26 08:48:27,445] {dagbag.py:496} INFO - Filling up the DagBag from /home/airflow/.local/lib/python3.6/site-packages/airflow/example_dags/tutorial.py
[2024-10-26 08:48:27,453] {scheduler_job.py:642} INFO - DAG(s) dict_keys(['tutorial']) retrieved from /home/airflow/.local/lib/python3.6/site-packages/airflow/example_dags/tutorial.py
[2024-10-26 08:48:27,467] {logging_mixin.py:104} INFO - [2024-10-26 08:48:27,467] {dag.py:1833} INFO - Sync 1 DAGs
[2024-10-26 08:48:27,475] {logging_mixin.py:104} INFO - [2024-10-26 08:48:27,475] {dag.py:2306} INFO - Setting next_dagrun for tutorial to 2024-10-24 00:00:00+00:00
[2024-10-26 08:48:27,482] {scheduler_job.py:189} INFO - Processing /home/airflow/.local/lib/python3.6/site-packages/airflow/example_dags/tutorial.py took 0.041 seconds
[2024-10-26 08:49:55,238] {scheduler_job.py:181} INFO - Started process (PID=77) to work on /home/airflow/.local/lib/python3.6/site-packages/airflow/example_dags/tutorial.py
[2024-10-26 08:49:55,238] {scheduler_job.py:632} INFO - Processing file /home/airflow/.local/lib/python3.6/site-packages/airflow/example_dags/tutorial.py for tasks to queue
[2024-10-26 08:49:55,239] {logging_mixin.py:104} INFO - [2024-10-26 08:49:55,239] {dagbag.py:496} INFO - Filling up the DagBag from /home/airflow/.local/lib/python3.6/site-packages/airflow/example_dags/tutorial.py
[2024-10-26 08:49:55,247] {scheduler_job.py:642} INFO - DAG(s) dict_keys(['tutorial']) retrieved from /home/airflow/.local/lib/python3.6/site-packages/airflow/example_dags/tutorial.py
[2024-10-26 08:49:55,264] {logging_mixin.py:104} INFO - [2024-10-26 08:49:55,264] {dag.py:1833} INFO - Sync 1 DAGs
[2024-10-26 08:49:55,278] {logging_mixin.py:104} INFO - [2024-10-26 08:49:55,277] {dag.py:2306} INFO - Setting next_dagrun for tutorial to 2024-10-24 00:00:00+00:00
[2024-10-26 08:49:55,286] {scheduler_job.py:189} INFO - Processing /home/airflow/.local/lib/python3.6/site-packages/airflow/example_dags/tutorial.py took 0.052 seconds
[2024-10-26 08:50:26,141] {scheduler_job.py:181} INFO - Started process (PID=150) to work on /home/airflow/.local/lib/python3.6/site-packages/airflow/example_dags/tutorial.py
[2024-10-26 08:50:26,142] {scheduler_job.py:632} INFO - Processing file /home/airflow/.local/lib/python3.6/site-packages/airflow/example_dags/tutorial.py for tasks to queue
[2024-10-26 08:50:26,142] {logging_mixin.py:104} INFO - [2024-10-26 08:50:26,142] {dagbag.py:496} INFO - Filling up the DagBag from /home/airflow/.local/lib/python3.6/site-packages/airflow/example_dags/tutorial.py
[2024-10-26 08:50:26,153] {scheduler_job.py:642} INFO - DAG(s) dict_keys(['tutorial']) retrieved from /home/airflow/.local/lib/python3.6/site-packages/airflow/example_dags/tutorial.py
[2024-10-26 08:50:26,171] {logging_mixin.py:104} INFO - [2024-10-26 08:50:26,171] {dag.py:1833} INFO - Sync 1 DAGs
[2024-10-26 08:50:26,184] {logging_mixin.py:104} INFO - [2024-10-26 08:50:26,184] {dag.py:2306} INFO - Setting next_dagrun for tutorial to 2024-10-24 00:00:00+00:00
[2024-10-26 08:50:26,193] {scheduler_job.py:189} INFO - Processing /home/airflow/.local/lib/python3.6/site-packages/airflow/example_dags/tutorial.py took 0.055 seconds
[2024-10-26 08:50:56,982] {scheduler_job.py:181} INFO - Started process (PID=213) to work on /home/airflow/.local/lib/python3.6/site-packages/airflow/example_dags/tutorial.py
[2024-10-26 08:50:56,983] {scheduler_job.py:632} INFO - Processing file /home/airflow/.local/lib/python3.6/site-packages/airflow/example_dags/tutorial.py for tasks to queue
[2024-10-26 08:50:56,984] {logging_mixin.py:104} INFO - [2024-10-26 08:50:56,984] {dagbag.py:496} INFO - Filling up the DagBag from /home/airflow/.local/lib/python3.6/site-packages/airflow/example_dags/tutorial.py
[2024-10-26 08:50:56,992] {scheduler_job.py:642} INFO - DAG(s) dict_keys(['tutorial']) retrieved from /home/airflow/.local/lib/python3.6/site-packages/airflow/example_dags/tutorial.py
[2024-10-26 08:50:57,005] {logging_mixin.py:104} INFO - [2024-10-26 08:50:57,005] {dag.py:1833} INFO - Sync 1 DAGs
[2024-10-26 08:50:57,016] {logging_mixin.py:104} INFO - [2024-10-26 08:50:57,016] {dag.py:2306} INFO - Setting next_dagrun for tutorial to 2024-10-24 00:00:00+00:00
[2024-10-26 08:50:57,024] {scheduler_job.py:189} INFO - Processing /home/airflow/.local/lib/python3.6/site-packages/airflow/example_dags/tutorial.py took 0.043 seconds
[2024-10-26 08:51:27,797] {scheduler_job.py:181} INFO - Started process (PID=286) to work on /home/airflow/.local/lib/python3.6/site-packages/airflow/example_dags/tutorial.py
[2024-10-26 08:51:27,798] {scheduler_job.py:632} INFO - Processing file /home/airflow/.local/lib/python3.6/site-packages/airflow/example_dags/tutorial.py for tasks to queue
[2024-10-26 08:51:27,799] {logging_mixin.py:104} INFO - [2024-10-26 08:51:27,799] {dagbag.py:496} INFO - Filling up the DagBag from /home/airflow/.local/lib/python3.6/site-packages/airflow/example_dags/tutorial.py
[2024-10-26 08:51:27,807] {scheduler_job.py:642} INFO - DAG(s) dict_keys(['tutorial']) retrieved from /home/airflow/.local/lib/python3.6/site-packages/airflow/example_dags/tutorial.py
[2024-10-26 08:51:27,820] {logging_mixin.py:104} INFO - [2024-10-26 08:51:27,820] {dag.py:1833} INFO - Sync 1 DAGs
[2024-10-26 08:51:27,830] {logging_mixin.py:104} INFO - [2024-10-26 08:51:27,830] {dag.py:2306} INFO - Setting next_dagrun for tutorial to 2024-10-24 00:00:00+00:00
[2024-10-26 08:51:27,837] {scheduler_job.py:189} INFO - Processing /home/airflow/.local/lib/python3.6/site-packages/airflow/example_dags/tutorial.py took 0.041 seconds
[2024-10-26 08:51:58,458] {scheduler_job.py:181} INFO - Started process (PID=359) to work on /home/airflow/.local/lib/python3.6/site-packages/airflow/example_dags/tutorial.py
[2024-10-26 08:51:58,458] {scheduler_job.py:632} INFO - Processing file /home/airflow/.local/lib/python3.6/site-packages/airflow/example_dags/tutorial.py for tasks to queue
[2024-10-26 08:51:58,459] {logging_mixin.py:104} INFO - [2024-10-26 08:51:58,459] {dagbag.py:496} INFO - Filling up the DagBag from /home/airflow/.local/lib/python3.6/site-packages/airflow/example_dags/tutorial.py
[2024-10-26 08:51:58,467] {scheduler_job.py:642} INFO - DAG(s) dict_keys(['tutorial']) retrieved from /home/airflow/.local/lib/python3.6/site-packages/airflow/example_dags/tutorial.py
[2024-10-26 08:51:58,481] {logging_mixin.py:104} INFO - [2024-10-26 08:51:58,481] {dag.py:1833} INFO - Sync 1 DAGs
[2024-10-26 08:51:58,492] {logging_mixin.py:104} INFO - [2024-10-26 08:51:58,492] {dag.py:2306} INFO - Setting next_dagrun for tutorial to 2024-10-24 00:00:00+00:00
[2024-10-26 08:51:58,500] {scheduler_job.py:189} INFO - Processing /home/airflow/.local/lib/python3.6/site-packages/airflow/example_dags/tutorial.py took 0.045 seconds
[2024-10-26 08:52:29,084] {scheduler_job.py:181} INFO - Started process (PID=422) to work on /home/airflow/.local/lib/python3.6/site-packages/airflow/example_dags/tutorial.py
[2024-10-26 08:52:29,085] {scheduler_job.py:632} INFO - Processing file /home/airflow/.local/lib/python3.6/site-packages/airflow/example_dags/tutorial.py for tasks to queue
[2024-10-26 08:52:29,085] {logging_mixin.py:104} INFO - [2024-10-26 08:52:29,085] {dagbag.py:496} INFO - Filling up the DagBag from /home/airflow/.local/lib/python3.6/site-packages/airflow/example_dags/tutorial.py
[2024-10-26 08:52:29,093] {scheduler_job.py:642} INFO - DAG(s) dict_keys(['tutorial']) retrieved from /home/airflow/.local/lib/python3.6/site-packages/airflow/example_dags/tutorial.py
[2024-10-26 08:52:29,107] {logging_mixin.py:104} INFO - [2024-10-26 08:52:29,107] {dag.py:1833} INFO - Sync 1 DAGs
[2024-10-26 08:52:29,119] {logging_mixin.py:104} INFO - [2024-10-26 08:52:29,119] {dag.py:2306} INFO - Setting next_dagrun for tutorial to 2024-10-24 00:00:00+00:00
[2024-10-26 08:52:29,128] {scheduler_job.py:189} INFO - Processing /home/airflow/.local/lib/python3.6/site-packages/airflow/example_dags/tutorial.py took 0.046 seconds
[2024-10-26 08:53:00,097] {scheduler_job.py:181} INFO - Started process (PID=495) to work on /home/airflow/.local/lib/python3.6/site-packages/airflow/example_dags/tutorial.py
[2024-10-26 08:53:00,097] {scheduler_job.py:632} INFO - Processing file /home/airflow/.local/lib/python3.6/site-packages/airflow/example_dags/tutorial.py for tasks to queue
[2024-10-26 08:53:00,098] {logging_mixin.py:104} INFO - [2024-10-26 08:53:00,098] {dagbag.py:496} INFO - Filling up the DagBag from /home/airflow/.local/lib/python3.6/site-packages/airflow/example_dags/tutorial.py
[2024-10-26 08:53:00,107] {scheduler_job.py:642} INFO - DAG(s) dict_keys(['tutorial']) retrieved from /home/airflow/.local/lib/python3.6/site-packages/airflow/example_dags/tutorial.py
[2024-10-26 08:53:00,121] {logging_mixin.py:104} INFO - [2024-10-26 08:53:00,121] {dag.py:1833} INFO - Sync 1 DAGs
[2024-10-26 08:53:00,131] {logging_mixin.py:104} INFO - [2024-10-26 08:53:00,131] {dag.py:2306} INFO - Setting next_dagrun for tutorial to 2024-10-24 00:00:00+00:00
[2024-10-26 08:53:00,139] {scheduler_job.py:189} INFO - Processing /home/airflow/.local/lib/python3.6/site-packages/airflow/example_dags/tutorial.py took 0.044 seconds
[2024-10-26 08:53:30,604] {scheduler_job.py:181} INFO - Started process (PID=568) to work on /home/airflow/.local/lib/python3.6/site-packages/airflow/example_dags/tutorial.py
[2024-10-26 08:53:30,605] {scheduler_job.py:632} INFO - Processing file /home/airflow/.local/lib/python3.6/site-packages/airflow/example_dags/tutorial.py for tasks to queue
[2024-10-26 08:53:30,605] {logging_mixin.py:104} INFO - [2024-10-26 08:53:30,605] {dagbag.py:496} INFO - Filling up the DagBag from /home/airflow/.local/lib/python3.6/site-packages/airflow/example_dags/tutorial.py
[2024-10-26 08:53:30,613] {scheduler_job.py:642} INFO - DAG(s) dict_keys(['tutorial']) retrieved from /home/airflow/.local/lib/python3.6/site-packages/airflow/example_dags/tutorial.py
[2024-10-26 08:53:30,627] {logging_mixin.py:104} INFO - [2024-10-26 08:53:30,627] {dag.py:1833} INFO - Sync 1 DAGs
[2024-10-26 08:53:30,637] {logging_mixin.py:104} INFO - [2024-10-26 08:53:30,636] {dag.py:2306} INFO - Setting next_dagrun for tutorial to 2024-10-24 00:00:00+00:00
[2024-10-26 08:53:30,646] {scheduler_job.py:189} INFO - Processing /home/airflow/.local/lib/python3.6/site-packages/airflow/example_dags/tutorial.py took 0.044 seconds
[2024-10-26 08:54:01,334] {scheduler_job.py:181} INFO - Started process (PID=640) to work on /home/airflow/.local/lib/python3.6/site-packages/airflow/example_dags/tutorial.py
[2024-10-26 08:54:01,335] {scheduler_job.py:632} INFO - Processing file /home/airflow/.local/lib/python3.6/site-packages/airflow/example_dags/tutorial.py for tasks to queue
[2024-10-26 08:54:01,335] {logging_mixin.py:104} INFO - [2024-10-26 08:54:01,335] {dagbag.py:496} INFO - Filling up the DagBag from /home/airflow/.local/lib/python3.6/site-packages/airflow/example_dags/tutorial.py
[2024-10-26 08:54:01,344] {scheduler_job.py:642} INFO - DAG(s) dict_keys(['tutorial']) retrieved from /home/airflow/.local/lib/python3.6/site-packages/airflow/example_dags/tutorial.py
[2024-10-26 08:54:01,358] {logging_mixin.py:104} INFO - [2024-10-26 08:54:01,358] {dag.py:1833} INFO - Sync 1 DAGs
[2024-10-26 08:54:01,368] {logging_mixin.py:104} INFO - [2024-10-26 08:54:01,368] {dag.py:2306} INFO - Setting next_dagrun for tutorial to 2024-10-24 00:00:00+00:00
[2024-10-26 08:54:01,378] {scheduler_job.py:189} INFO - Processing /home/airflow/.local/lib/python3.6/site-packages/airflow/example_dags/tutorial.py took 0.046 seconds
[2024-10-26 08:54:32,050] {scheduler_job.py:181} INFO - Started process (PID=704) to work on /home/airflow/.local/lib/python3.6/site-packages/airflow/example_dags/tutorial.py
[2024-10-26 08:54:32,051] {scheduler_job.py:632} INFO - Processing file /home/airflow/.local/lib/python3.6/site-packages/airflow/example_dags/tutorial.py for tasks to queue
[2024-10-26 08:54:32,052] {logging_mixin.py:104} INFO - [2024-10-26 08:54:32,051] {dagbag.py:496} INFO - Filling up the DagBag from /home/airflow/.local/lib/python3.6/site-packages/airflow/example_dags/tutorial.py
[2024-10-26 08:54:32,060] {scheduler_job.py:642} INFO - DAG(s) dict_keys(['tutorial']) retrieved from /home/airflow/.local/lib/python3.6/site-packages/airflow/example_dags/tutorial.py
[2024-10-26 08:54:32,073] {logging_mixin.py:104} INFO - [2024-10-26 08:54:32,072] {dag.py:1833} INFO - Sync 1 DAGs
[2024-10-26 08:54:32,083] {logging_mixin.py:104} INFO - [2024-10-26 08:54:32,082] {dag.py:2306} INFO - Setting next_dagrun for tutorial to 2024-10-24 00:00:00+00:00
[2024-10-26 08:54:32,093] {scheduler_job.py:189} INFO - Processing /home/airflow/.local/lib/python3.6/site-packages/airflow/example_dags/tutorial.py took 0.045 seconds
[2024-10-26 08:55:02,653] {scheduler_job.py:181} INFO - Started process (PID=777) to work on /home/airflow/.local/lib/python3.6/site-packages/airflow/example_dags/tutorial.py
[2024-10-26 08:55:02,654] {scheduler_job.py:632} INFO - Processing file /home/airflow/.local/lib/python3.6/site-packages/airflow/example_dags/tutorial.py for tasks to queue
[2024-10-26 08:55:02,655] {logging_mixin.py:104} INFO - [2024-10-26 08:55:02,655] {dagbag.py:496} INFO - Filling up the DagBag from /home/airflow/.local/lib/python3.6/site-packages/airflow/example_dags/tutorial.py
[2024-10-26 08:55:02,663] {scheduler_job.py:642} INFO - DAG(s) dict_keys(['tutorial']) retrieved from /home/airflow/.local/lib/python3.6/site-packages/airflow/example_dags/tutorial.py
[2024-10-26 08:55:02,676] {logging_mixin.py:104} INFO - [2024-10-26 08:55:02,676] {dag.py:1833} INFO - Sync 1 DAGs
[2024-10-26 08:55:02,688] {logging_mixin.py:104} INFO - [2024-10-26 08:55:02,688] {dag.py:2306} INFO - Setting next_dagrun for tutorial to 2024-10-24 00:00:00+00:00
[2024-10-26 08:55:02,696] {scheduler_job.py:189} INFO - Processing /home/airflow/.local/lib/python3.6/site-packages/airflow/example_dags/tutorial.py took 0.044 seconds
[2024-10-26 08:55:33,460] {scheduler_job.py:181} INFO - Started process (PID=849) to work on /home/airflow/.local/lib/python3.6/site-packages/airflow/example_dags/tutorial.py
[2024-10-26 08:55:33,461] {scheduler_job.py:632} INFO - Processing file /home/airflow/.local/lib/python3.6/site-packages/airflow/example_dags/tutorial.py for tasks to queue
[2024-10-26 08:55:33,462] {logging_mixin.py:104} INFO - [2024-10-26 08:55:33,462] {dagbag.py:496} INFO - Filling up the DagBag from /home/airflow/.local/lib/python3.6/site-packages/airflow/example_dags/tutorial.py
[2024-10-26 08:55:33,470] {scheduler_job.py:642} INFO - DAG(s) dict_keys(['tutorial']) retrieved from /home/airflow/.local/lib/python3.6/site-packages/airflow/example_dags/tutorial.py
[2024-10-26 08:55:33,484] {logging_mixin.py:104} INFO - [2024-10-26 08:55:33,484] {dag.py:1833} INFO - Sync 1 DAGs
[2024-10-26 08:55:33,496] {logging_mixin.py:104} INFO - [2024-10-26 08:55:33,496] {dag.py:2306} INFO - Setting next_dagrun for tutorial to 2024-10-24 00:00:00+00:00
[2024-10-26 08:55:33,504] {scheduler_job.py:189} INFO - Processing /home/airflow/.local/lib/python3.6/site-packages/airflow/example_dags/tutorial.py took 0.046 seconds
[2024-10-26 08:56:04,218] {scheduler_job.py:181} INFO - Started process (PID=913) to work on /home/airflow/.local/lib/python3.6/site-packages/airflow/example_dags/tutorial.py
[2024-10-26 08:56:04,219] {scheduler_job.py:632} INFO - Processing file /home/airflow/.local/lib/python3.6/site-packages/airflow/example_dags/tutorial.py for tasks to queue
[2024-10-26 08:56:04,220] {logging_mixin.py:104} INFO - [2024-10-26 08:56:04,219] {dagbag.py:496} INFO - Filling up the DagBag from /home/airflow/.local/lib/python3.6/site-packages/airflow/example_dags/tutorial.py
[2024-10-26 08:56:04,229] {scheduler_job.py:642} INFO - DAG(s) dict_keys(['tutorial']) retrieved from /home/airflow/.local/lib/python3.6/site-packages/airflow/example_dags/tutorial.py
[2024-10-26 08:56:04,243] {logging_mixin.py:104} INFO - [2024-10-26 08:56:04,243] {dag.py:1833} INFO - Sync 1 DAGs
[2024-10-26 08:56:04,255] {logging_mixin.py:104} INFO - [2024-10-26 08:56:04,255] {dag.py:2306} INFO - Setting next_dagrun for tutorial to 2024-10-24 00:00:00+00:00
[2024-10-26 08:56:04,262] {scheduler_job.py:189} INFO - Processing /home/airflow/.local/lib/python3.6/site-packages/airflow/example_dags/tutorial.py took 0.047 seconds
[2024-10-26 08:56:34,903] {scheduler_job.py:181} INFO - Started process (PID=986) to work on /home/airflow/.local/lib/python3.6/site-packages/airflow/example_dags/tutorial.py
[2024-10-26 08:56:34,904] {scheduler_job.py:632} INFO - Processing file /home/airflow/.local/lib/python3.6/site-packages/airflow/example_dags/tutorial.py for tasks to queue
[2024-10-26 08:56:34,905] {logging_mixin.py:104} INFO - [2024-10-26 08:56:34,905] {dagbag.py:496} INFO - Filling up the DagBag from /home/airflow/.local/lib/python3.6/site-packages/airflow/example_dags/tutorial.py
[2024-10-26 08:56:34,912] {scheduler_job.py:642} INFO - DAG(s) dict_keys(['tutorial']) retrieved from /home/airflow/.local/lib/python3.6/site-packages/airflow/example_dags/tutorial.py
[2024-10-26 08:56:34,926] {logging_mixin.py:104} INFO - [2024-10-26 08:56:34,926] {dag.py:1833} INFO - Sync 1 DAGs
[2024-10-26 08:56:34,937] {logging_mixin.py:104} INFO - [2024-10-26 08:56:34,937] {dag.py:2306} INFO - Setting next_dagrun for tutorial to 2024-10-24 00:00:00+00:00
[2024-10-26 08:56:34,943] {scheduler_job.py:189} INFO - Processing /home/airflow/.local/lib/python3.6/site-packages/airflow/example_dags/tutorial.py took 0.041 seconds
[2024-10-26 08:57:05,500] {scheduler_job.py:181} INFO - Started process (PID=1059) to work on /home/airflow/.local/lib/python3.6/site-packages/airflow/example_dags/tutorial.py
[2024-10-26 08:57:05,501] {scheduler_job.py:632} INFO - Processing file /home/airflow/.local/lib/python3.6/site-packages/airflow/example_dags/tutorial.py for tasks to queue
[2024-10-26 08:57:05,502] {logging_mixin.py:104} INFO - [2024-10-26 08:57:05,502] {dagbag.py:496} INFO - Filling up the DagBag from /home/airflow/.local/lib/python3.6/site-packages/airflow/example_dags/tutorial.py
[2024-10-26 08:57:05,509] {scheduler_job.py:642} INFO - DAG(s) dict_keys(['tutorial']) retrieved from /home/airflow/.local/lib/python3.6/site-packages/airflow/example_dags/tutorial.py
[2024-10-26 08:57:05,522] {logging_mixin.py:104} INFO - [2024-10-26 08:57:05,522] {dag.py:1833} INFO - Sync 1 DAGs
[2024-10-26 08:57:05,535] {logging_mixin.py:104} INFO - [2024-10-26 08:57:05,535] {dag.py:2306} INFO - Setting next_dagrun for tutorial to 2024-10-24 00:00:00+00:00
[2024-10-26 08:57:05,542] {scheduler_job.py:189} INFO - Processing /home/airflow/.local/lib/python3.6/site-packages/airflow/example_dags/tutorial.py took 0.044 seconds
[2024-10-26 08:57:36,305] {scheduler_job.py:181} INFO - Started process (PID=1122) to work on /home/airflow/.local/lib/python3.6/site-packages/airflow/example_dags/tutorial.py
[2024-10-26 08:57:36,306] {scheduler_job.py:632} INFO - Processing file /home/airflow/.local/lib/python3.6/site-packages/airflow/example_dags/tutorial.py for tasks to queue
[2024-10-26 08:57:36,307] {logging_mixin.py:104} INFO - [2024-10-26 08:57:36,307] {dagbag.py:496} INFO - Filling up the DagBag from /home/airflow/.local/lib/python3.6/site-packages/airflow/example_dags/tutorial.py
[2024-10-26 08:57:36,315] {scheduler_job.py:642} INFO - DAG(s) dict_keys(['tutorial']) retrieved from /home/airflow/.local/lib/python3.6/site-packages/airflow/example_dags/tutorial.py
[2024-10-26 08:57:36,331] {logging_mixin.py:104} INFO - [2024-10-26 08:57:36,331] {dag.py:1833} INFO - Sync 1 DAGs
[2024-10-26 08:57:36,341] {logging_mixin.py:104} INFO - [2024-10-26 08:57:36,341] {dag.py:2306} INFO - Setting next_dagrun for tutorial to 2024-10-24 00:00:00+00:00
[2024-10-26 08:57:36,348] {scheduler_job.py:189} INFO - Processing /home/airflow/.local/lib/python3.6/site-packages/airflow/example_dags/tutorial.py took 0.045 seconds
[2024-10-26 08:58:06,760] {scheduler_job.py:181} INFO - Started process (PID=1195) to work on /home/airflow/.local/lib/python3.6/site-packages/airflow/example_dags/tutorial.py
[2024-10-26 08:58:06,761] {scheduler_job.py:632} INFO - Processing file /home/airflow/.local/lib/python3.6/site-packages/airflow/example_dags/tutorial.py for tasks to queue
[2024-10-26 08:58:06,762] {logging_mixin.py:104} INFO - [2024-10-26 08:58:06,761] {dagbag.py:496} INFO - Filling up the DagBag from /home/airflow/.local/lib/python3.6/site-packages/airflow/example_dags/tutorial.py
[2024-10-26 08:58:06,770] {scheduler_job.py:642} INFO - DAG(s) dict_keys(['tutorial']) retrieved from /home/airflow/.local/lib/python3.6/site-packages/airflow/example_dags/tutorial.py
[2024-10-26 08:58:06,786] {logging_mixin.py:104} INFO - [2024-10-26 08:58:06,786] {dag.py:1833} INFO - Sync 1 DAGs
[2024-10-26 08:58:06,796] {logging_mixin.py:104} INFO - [2024-10-26 08:58:06,796] {dag.py:2306} INFO - Setting next_dagrun for tutorial to 2024-10-24 00:00:00+00:00
[2024-10-26 08:58:06,804] {scheduler_job.py:189} INFO - Processing /home/airflow/.local/lib/python3.6/site-packages/airflow/example_dags/tutorial.py took 0.045 seconds
[2024-10-26 08:59:58,692] {scheduler_job.py:181} INFO - Started process (PID=77) to work on /home/airflow/.local/lib/python3.6/site-packages/airflow/example_dags/tutorial.py
[2024-10-26 08:59:58,694] {scheduler_job.py:632} INFO - Processing file /home/airflow/.local/lib/python3.6/site-packages/airflow/example_dags/tutorial.py for tasks to queue
[2024-10-26 08:59:58,695] {logging_mixin.py:104} INFO - [2024-10-26 08:59:58,695] {dagbag.py:496} INFO - Filling up the DagBag from /home/airflow/.local/lib/python3.6/site-packages/airflow/example_dags/tutorial.py
[2024-10-26 08:59:58,708] {scheduler_job.py:642} INFO - DAG(s) dict_keys(['tutorial']) retrieved from /home/airflow/.local/lib/python3.6/site-packages/airflow/example_dags/tutorial.py
[2024-10-26 08:59:58,728] {logging_mixin.py:104} INFO - [2024-10-26 08:59:58,728] {dag.py:1833} INFO - Sync 1 DAGs
[2024-10-26 08:59:58,746] {logging_mixin.py:104} INFO - [2024-10-26 08:59:58,746] {dag.py:2306} INFO - Setting next_dagrun for tutorial to 2024-10-24 00:00:00+00:00
[2024-10-26 08:59:58,757] {scheduler_job.py:189} INFO - Processing /home/airflow/.local/lib/python3.6/site-packages/airflow/example_dags/tutorial.py took 0.069 seconds
[2024-10-26 09:03:42,967] {scheduler_job.py:181} INFO - Started process (PID=77) to work on /home/airflow/.local/lib/python3.6/site-packages/airflow/example_dags/tutorial.py
[2024-10-26 09:03:42,968] {scheduler_job.py:632} INFO - Processing file /home/airflow/.local/lib/python3.6/site-packages/airflow/example_dags/tutorial.py for tasks to queue
[2024-10-26 09:03:42,969] {logging_mixin.py:104} INFO - [2024-10-26 09:03:42,968] {dagbag.py:496} INFO - Filling up the DagBag from /home/airflow/.local/lib/python3.6/site-packages/airflow/example_dags/tutorial.py
[2024-10-26 09:03:42,978] {scheduler_job.py:642} INFO - DAG(s) dict_keys(['tutorial']) retrieved from /home/airflow/.local/lib/python3.6/site-packages/airflow/example_dags/tutorial.py
[2024-10-26 09:03:42,997] {logging_mixin.py:104} INFO - [2024-10-26 09:03:42,997] {dag.py:1833} INFO - Sync 1 DAGs
[2024-10-26 09:03:43,014] {logging_mixin.py:104} INFO - [2024-10-26 09:03:43,014] {dag.py:2306} INFO - Setting next_dagrun for tutorial to 2024-10-24 00:00:00+00:00
[2024-10-26 09:03:43,029] {scheduler_job.py:189} INFO - Processing /home/airflow/.local/lib/python3.6/site-packages/airflow/example_dags/tutorial.py took 0.065 seconds
[2024-10-26 09:04:45,602] {scheduler_job.py:181} INFO - Started process (PID=140) to work on /home/airflow/.local/lib/python3.6/site-packages/airflow/example_dags/tutorial.py
[2024-10-26 09:04:45,604] {scheduler_job.py:632} INFO - Processing file /home/airflow/.local/lib/python3.6/site-packages/airflow/example_dags/tutorial.py for tasks to queue
[2024-10-26 09:04:45,605] {logging_mixin.py:104} INFO - [2024-10-26 09:04:45,604] {dagbag.py:496} INFO - Filling up the DagBag from /home/airflow/.local/lib/python3.6/site-packages/airflow/example_dags/tutorial.py
[2024-10-26 09:04:45,618] {scheduler_job.py:642} INFO - DAG(s) dict_keys(['tutorial']) retrieved from /home/airflow/.local/lib/python3.6/site-packages/airflow/example_dags/tutorial.py
[2024-10-26 09:04:45,644] {logging_mixin.py:104} INFO - [2024-10-26 09:04:45,644] {dag.py:1833} INFO - Sync 1 DAGs
[2024-10-26 09:04:45,660] {logging_mixin.py:104} INFO - [2024-10-26 09:04:45,660] {dag.py:2306} INFO - Setting next_dagrun for tutorial to 2024-10-24 00:00:00+00:00
[2024-10-26 09:04:45,673] {scheduler_job.py:189} INFO - Processing /home/airflow/.local/lib/python3.6/site-packages/airflow/example_dags/tutorial.py took 0.074 seconds
[2024-10-26 09:07:26,505] {scheduler_job.py:181} INFO - Started process (PID=203) to work on /home/airflow/.local/lib/python3.6/site-packages/airflow/example_dags/tutorial.py
[2024-10-26 09:07:26,507] {scheduler_job.py:632} INFO - Processing file /home/airflow/.local/lib/python3.6/site-packages/airflow/example_dags/tutorial.py for tasks to queue
[2024-10-26 09:07:26,508] {logging_mixin.py:104} INFO - [2024-10-26 09:07:26,508] {dagbag.py:496} INFO - Filling up the DagBag from /home/airflow/.local/lib/python3.6/site-packages/airflow/example_dags/tutorial.py
[2024-10-26 09:07:26,521] {scheduler_job.py:642} INFO - DAG(s) dict_keys(['tutorial']) retrieved from /home/airflow/.local/lib/python3.6/site-packages/airflow/example_dags/tutorial.py
[2024-10-26 09:07:26,549] {logging_mixin.py:104} INFO - [2024-10-26 09:07:26,549] {dag.py:1833} INFO - Sync 1 DAGs
[2024-10-26 09:07:26,568] {logging_mixin.py:104} INFO - [2024-10-26 09:07:26,568] {dag.py:2306} INFO - Setting next_dagrun for tutorial to 2024-10-24 00:00:00+00:00
[2024-10-26 09:07:26,580] {scheduler_job.py:189} INFO - Processing /home/airflow/.local/lib/python3.6/site-packages/airflow/example_dags/tutorial.py took 0.078 seconds
[2024-10-26 09:08:43,164] {scheduler_job.py:181} INFO - Started process (PID=256) to work on /home/airflow/.local/lib/python3.6/site-packages/airflow/example_dags/tutorial.py
[2024-10-26 09:08:43,165] {scheduler_job.py:632} INFO - Processing file /home/airflow/.local/lib/python3.6/site-packages/airflow/example_dags/tutorial.py for tasks to queue
[2024-10-26 09:08:43,166] {logging_mixin.py:104} INFO - [2024-10-26 09:08:43,166] {dagbag.py:496} INFO - Filling up the DagBag from /home/airflow/.local/lib/python3.6/site-packages/airflow/example_dags/tutorial.py
[2024-10-26 09:08:43,178] {scheduler_job.py:642} INFO - DAG(s) dict_keys(['tutorial']) retrieved from /home/airflow/.local/lib/python3.6/site-packages/airflow/example_dags/tutorial.py
[2024-10-26 09:08:43,194] {logging_mixin.py:104} INFO - [2024-10-26 09:08:43,194] {dag.py:1833} INFO - Sync 1 DAGs
[2024-10-26 09:08:43,210] {logging_mixin.py:104} INFO - [2024-10-26 09:08:43,210] {dag.py:2306} INFO - Setting next_dagrun for tutorial to 2024-10-24 00:00:00+00:00
[2024-10-26 09:08:43,222] {scheduler_job.py:189} INFO - Processing /home/airflow/.local/lib/python3.6/site-packages/airflow/example_dags/tutorial.py took 0.060 seconds
[2024-10-26 09:10:33,831] {scheduler_job.py:181} INFO - Started process (PID=346) to work on /home/airflow/.local/lib/python3.6/site-packages/airflow/example_dags/tutorial.py
[2024-10-26 09:10:33,832] {scheduler_job.py:632} INFO - Processing file /home/airflow/.local/lib/python3.6/site-packages/airflow/example_dags/tutorial.py for tasks to queue
[2024-10-26 09:10:33,833] {logging_mixin.py:104} INFO - [2024-10-26 09:10:33,832] {dagbag.py:496} INFO - Filling up the DagBag from /home/airflow/.local/lib/python3.6/site-packages/airflow/example_dags/tutorial.py
[2024-10-26 09:10:33,843] {scheduler_job.py:642} INFO - DAG(s) dict_keys(['tutorial']) retrieved from /home/airflow/.local/lib/python3.6/site-packages/airflow/example_dags/tutorial.py
[2024-10-26 09:10:33,869] {logging_mixin.py:104} INFO - [2024-10-26 09:10:33,869] {dag.py:1833} INFO - Sync 1 DAGs
[2024-10-26 09:10:33,882] {logging_mixin.py:104} INFO - [2024-10-26 09:10:33,881] {dag.py:2306} INFO - Setting next_dagrun for tutorial to 2024-10-24 00:00:00+00:00
[2024-10-26 09:10:33,892] {scheduler_job.py:189} INFO - Processing /home/airflow/.local/lib/python3.6/site-packages/airflow/example_dags/tutorial.py took 0.065 seconds
[2024-10-26 09:12:21,843] {scheduler_job.py:181} INFO - Started process (PID=409) to work on /home/airflow/.local/lib/python3.6/site-packages/airflow/example_dags/tutorial.py
[2024-10-26 09:12:21,844] {scheduler_job.py:632} INFO - Processing file /home/airflow/.local/lib/python3.6/site-packages/airflow/example_dags/tutorial.py for tasks to queue
[2024-10-26 09:12:21,845] {logging_mixin.py:104} INFO - [2024-10-26 09:12:21,845] {dagbag.py:496} INFO - Filling up the DagBag from /home/airflow/.local/lib/python3.6/site-packages/airflow/example_dags/tutorial.py
[2024-10-26 09:12:21,856] {scheduler_job.py:642} INFO - DAG(s) dict_keys(['tutorial']) retrieved from /home/airflow/.local/lib/python3.6/site-packages/airflow/example_dags/tutorial.py
[2024-10-26 09:12:21,878] {logging_mixin.py:104} INFO - [2024-10-26 09:12:21,878] {dag.py:1833} INFO - Sync 1 DAGs
[2024-10-26 09:12:21,892] {logging_mixin.py:104} INFO - [2024-10-26 09:12:21,892] {dag.py:2306} INFO - Setting next_dagrun for tutorial to 2024-10-24 00:00:00+00:00
[2024-10-26 09:12:21,904] {scheduler_job.py:189} INFO - Processing /home/airflow/.local/lib/python3.6/site-packages/airflow/example_dags/tutorial.py took 0.063 seconds
[2024-10-26 09:12:56,053] {scheduler_job.py:181} INFO - Started process (PID=472) to work on /home/airflow/.local/lib/python3.6/site-packages/airflow/example_dags/tutorial.py
[2024-10-26 09:12:56,054] {scheduler_job.py:632} INFO - Processing file /home/airflow/.local/lib/python3.6/site-packages/airflow/example_dags/tutorial.py for tasks to queue
[2024-10-26 09:12:56,055] {logging_mixin.py:104} INFO - [2024-10-26 09:12:56,055] {dagbag.py:496} INFO - Filling up the DagBag from /home/airflow/.local/lib/python3.6/site-packages/airflow/example_dags/tutorial.py
[2024-10-26 09:12:56,063] {scheduler_job.py:642} INFO - DAG(s) dict_keys(['tutorial']) retrieved from /home/airflow/.local/lib/python3.6/site-packages/airflow/example_dags/tutorial.py
[2024-10-26 09:12:56,078] {logging_mixin.py:104} INFO - [2024-10-26 09:12:56,078] {dag.py:1833} INFO - Sync 1 DAGs
[2024-10-26 09:12:56,088] {logging_mixin.py:104} INFO - [2024-10-26 09:12:56,088] {dag.py:2306} INFO - Setting next_dagrun for tutorial to 2024-10-24 00:00:00+00:00
[2024-10-26 09:12:56,097] {scheduler_job.py:189} INFO - Processing /home/airflow/.local/lib/python3.6/site-packages/airflow/example_dags/tutorial.py took 0.046 seconds
[2024-10-26 09:13:27,281] {scheduler_job.py:181} INFO - Started process (PID=545) to work on /home/airflow/.local/lib/python3.6/site-packages/airflow/example_dags/tutorial.py
[2024-10-26 09:13:27,281] {scheduler_job.py:632} INFO - Processing file /home/airflow/.local/lib/python3.6/site-packages/airflow/example_dags/tutorial.py for tasks to queue
[2024-10-26 09:13:27,282] {logging_mixin.py:104} INFO - [2024-10-26 09:13:27,282] {dagbag.py:496} INFO - Filling up the DagBag from /home/airflow/.local/lib/python3.6/site-packages/airflow/example_dags/tutorial.py
[2024-10-26 09:13:27,290] {scheduler_job.py:642} INFO - DAG(s) dict_keys(['tutorial']) retrieved from /home/airflow/.local/lib/python3.6/site-packages/airflow/example_dags/tutorial.py
[2024-10-26 09:13:27,304] {logging_mixin.py:104} INFO - [2024-10-26 09:13:27,304] {dag.py:1833} INFO - Sync 1 DAGs
[2024-10-26 09:13:27,312] {logging_mixin.py:104} INFO - [2024-10-26 09:13:27,312] {dag.py:2306} INFO - Setting next_dagrun for tutorial to 2024-10-24 00:00:00+00:00
[2024-10-26 09:13:27,321] {scheduler_job.py:189} INFO - Processing /home/airflow/.local/lib/python3.6/site-packages/airflow/example_dags/tutorial.py took 0.042 seconds
[2024-10-26 09:13:57,382] {scheduler_job.py:181} INFO - Started process (PID=586) to work on /home/airflow/.local/lib/python3.6/site-packages/airflow/example_dags/tutorial.py
[2024-10-26 09:13:57,383] {scheduler_job.py:632} INFO - Processing file /home/airflow/.local/lib/python3.6/site-packages/airflow/example_dags/tutorial.py for tasks to queue
[2024-10-26 09:13:57,384] {logging_mixin.py:104} INFO - [2024-10-26 09:13:57,384] {dagbag.py:496} INFO - Filling up the DagBag from /home/airflow/.local/lib/python3.6/site-packages/airflow/example_dags/tutorial.py
[2024-10-26 09:13:57,392] {scheduler_job.py:642} INFO - DAG(s) dict_keys(['tutorial']) retrieved from /home/airflow/.local/lib/python3.6/site-packages/airflow/example_dags/tutorial.py
[2024-10-26 09:13:57,409] {logging_mixin.py:104} INFO - [2024-10-26 09:13:57,409] {dag.py:1833} INFO - Sync 1 DAGs
[2024-10-26 09:13:57,418] {logging_mixin.py:104} INFO - [2024-10-26 09:13:57,418] {dag.py:2306} INFO - Setting next_dagrun for tutorial to 2024-10-24 00:00:00+00:00
[2024-10-26 09:13:57,426] {scheduler_job.py:189} INFO - Processing /home/airflow/.local/lib/python3.6/site-packages/airflow/example_dags/tutorial.py took 0.045 seconds
[2024-10-26 09:18:53,335] {scheduler_job.py:181} INFO - Started process (PID=719) to work on /home/airflow/.local/lib/python3.6/site-packages/airflow/example_dags/tutorial.py
[2024-10-26 09:18:53,336] {scheduler_job.py:632} INFO - Processing file /home/airflow/.local/lib/python3.6/site-packages/airflow/example_dags/tutorial.py for tasks to queue
[2024-10-26 09:18:53,336] {logging_mixin.py:104} INFO - [2024-10-26 09:18:53,336] {dagbag.py:496} INFO - Filling up the DagBag from /home/airflow/.local/lib/python3.6/site-packages/airflow/example_dags/tutorial.py
[2024-10-26 09:18:53,347] {scheduler_job.py:642} INFO - DAG(s) dict_keys(['tutorial']) retrieved from /home/airflow/.local/lib/python3.6/site-packages/airflow/example_dags/tutorial.py
[2024-10-26 09:18:53,364] {logging_mixin.py:104} INFO - [2024-10-26 09:18:53,364] {dag.py:1833} INFO - Sync 1 DAGs
[2024-10-26 09:18:53,375] {logging_mixin.py:104} INFO - [2024-10-26 09:18:53,374] {dag.py:2306} INFO - Setting next_dagrun for tutorial to 2024-10-24 00:00:00+00:00
[2024-10-26 09:18:53,383] {scheduler_job.py:189} INFO - Processing /home/airflow/.local/lib/python3.6/site-packages/airflow/example_dags/tutorial.py took 0.051 seconds
[2024-10-26 09:19:25,958] {scheduler_job.py:181} INFO - Started process (PID=782) to work on /home/airflow/.local/lib/python3.6/site-packages/airflow/example_dags/tutorial.py
[2024-10-26 09:19:25,959] {scheduler_job.py:632} INFO - Processing file /home/airflow/.local/lib/python3.6/site-packages/airflow/example_dags/tutorial.py for tasks to queue
[2024-10-26 09:19:25,960] {logging_mixin.py:104} INFO - [2024-10-26 09:19:25,960] {dagbag.py:496} INFO - Filling up the DagBag from /home/airflow/.local/lib/python3.6/site-packages/airflow/example_dags/tutorial.py
[2024-10-26 09:19:25,972] {scheduler_job.py:642} INFO - DAG(s) dict_keys(['tutorial']) retrieved from /home/airflow/.local/lib/python3.6/site-packages/airflow/example_dags/tutorial.py
[2024-10-26 09:19:25,991] {logging_mixin.py:104} INFO - [2024-10-26 09:19:25,991] {dag.py:1833} INFO - Sync 1 DAGs
[2024-10-26 09:19:26,001] {logging_mixin.py:104} INFO - [2024-10-26 09:19:26,001] {dag.py:2306} INFO - Setting next_dagrun for tutorial to 2024-10-24 00:00:00+00:00
[2024-10-26 09:19:26,009] {scheduler_job.py:189} INFO - Processing /home/airflow/.local/lib/python3.6/site-packages/airflow/example_dags/tutorial.py took 0.054 seconds
[2024-10-26 09:19:56,991] {scheduler_job.py:181} INFO - Started process (PID=835) to work on /home/airflow/.local/lib/python3.6/site-packages/airflow/example_dags/tutorial.py
[2024-10-26 09:19:56,992] {scheduler_job.py:632} INFO - Processing file /home/airflow/.local/lib/python3.6/site-packages/airflow/example_dags/tutorial.py for tasks to queue
[2024-10-26 09:19:56,993] {logging_mixin.py:104} INFO - [2024-10-26 09:19:56,993] {dagbag.py:496} INFO - Filling up the DagBag from /home/airflow/.local/lib/python3.6/site-packages/airflow/example_dags/tutorial.py
[2024-10-26 09:19:57,005] {scheduler_job.py:642} INFO - DAG(s) dict_keys(['tutorial']) retrieved from /home/airflow/.local/lib/python3.6/site-packages/airflow/example_dags/tutorial.py
[2024-10-26 09:19:57,025] {logging_mixin.py:104} INFO - [2024-10-26 09:19:57,025] {dag.py:1833} INFO - Sync 1 DAGs
[2024-10-26 09:19:57,036] {logging_mixin.py:104} INFO - [2024-10-26 09:19:57,035] {dag.py:2306} INFO - Setting next_dagrun for tutorial to 2024-10-24 00:00:00+00:00
[2024-10-26 09:19:57,047] {scheduler_job.py:189} INFO - Processing /home/airflow/.local/lib/python3.6/site-packages/airflow/example_dags/tutorial.py took 0.057 seconds
[2024-10-26 09:21:31,282] {scheduler_job.py:181} INFO - Started process (PID=902) to work on /home/airflow/.local/lib/python3.6/site-packages/airflow/example_dags/tutorial.py
[2024-10-26 09:21:31,282] {scheduler_job.py:632} INFO - Processing file /home/airflow/.local/lib/python3.6/site-packages/airflow/example_dags/tutorial.py for tasks to queue
[2024-10-26 09:21:31,283] {logging_mixin.py:104} INFO - [2024-10-26 09:21:31,283] {dagbag.py:496} INFO - Filling up the DagBag from /home/airflow/.local/lib/python3.6/site-packages/airflow/example_dags/tutorial.py
[2024-10-26 09:21:31,291] {scheduler_job.py:642} INFO - DAG(s) dict_keys(['tutorial']) retrieved from /home/airflow/.local/lib/python3.6/site-packages/airflow/example_dags/tutorial.py
[2024-10-26 09:21:31,307] {logging_mixin.py:104} INFO - [2024-10-26 09:21:31,306] {dag.py:1833} INFO - Sync 1 DAGs
[2024-10-26 09:21:31,317] {logging_mixin.py:104} INFO - [2024-10-26 09:21:31,317] {dag.py:2306} INFO - Setting next_dagrun for tutorial to 2024-10-24 00:00:00+00:00
[2024-10-26 09:21:31,328] {scheduler_job.py:189} INFO - Processing /home/airflow/.local/lib/python3.6/site-packages/airflow/example_dags/tutorial.py took 0.048 seconds
[2024-10-26 09:22:02,416] {scheduler_job.py:181} INFO - Started process (PID=965) to work on /home/airflow/.local/lib/python3.6/site-packages/airflow/example_dags/tutorial.py
[2024-10-26 09:22:02,417] {scheduler_job.py:632} INFO - Processing file /home/airflow/.local/lib/python3.6/site-packages/airflow/example_dags/tutorial.py for tasks to queue
[2024-10-26 09:22:02,418] {logging_mixin.py:104} INFO - [2024-10-26 09:22:02,418] {dagbag.py:496} INFO - Filling up the DagBag from /home/airflow/.local/lib/python3.6/site-packages/airflow/example_dags/tutorial.py
[2024-10-26 09:22:02,435] {scheduler_job.py:642} INFO - DAG(s) dict_keys(['tutorial']) retrieved from /home/airflow/.local/lib/python3.6/site-packages/airflow/example_dags/tutorial.py
[2024-10-26 09:22:02,457] {logging_mixin.py:104} INFO - [2024-10-26 09:22:02,457] {dag.py:1833} INFO - Sync 1 DAGs
[2024-10-26 09:22:02,468] {logging_mixin.py:104} INFO - [2024-10-26 09:22:02,468] {dag.py:2306} INFO - Setting next_dagrun for tutorial to 2024-10-24 00:00:00+00:00
[2024-10-26 09:22:02,476] {scheduler_job.py:189} INFO - Processing /home/airflow/.local/lib/python3.6/site-packages/airflow/example_dags/tutorial.py took 0.063 seconds
[2024-10-26 09:25:13,837] {scheduler_job.py:181} INFO - Started process (PID=1054) to work on /home/airflow/.local/lib/python3.6/site-packages/airflow/example_dags/tutorial.py
[2024-10-26 09:25:13,838] {scheduler_job.py:632} INFO - Processing file /home/airflow/.local/lib/python3.6/site-packages/airflow/example_dags/tutorial.py for tasks to queue
[2024-10-26 09:25:13,839] {logging_mixin.py:104} INFO - [2024-10-26 09:25:13,838] {dagbag.py:496} INFO - Filling up the DagBag from /home/airflow/.local/lib/python3.6/site-packages/airflow/example_dags/tutorial.py
[2024-10-26 09:25:13,848] {scheduler_job.py:642} INFO - DAG(s) dict_keys(['tutorial']) retrieved from /home/airflow/.local/lib/python3.6/site-packages/airflow/example_dags/tutorial.py
[2024-10-26 09:25:13,864] {logging_mixin.py:104} INFO - [2024-10-26 09:25:13,863] {dag.py:1833} INFO - Sync 1 DAGs
[2024-10-26 09:25:13,872] {logging_mixin.py:104} INFO - [2024-10-26 09:25:13,872] {dag.py:2306} INFO - Setting next_dagrun for tutorial to 2024-10-24 00:00:00+00:00
[2024-10-26 09:25:13,880] {scheduler_job.py:189} INFO - Processing /home/airflow/.local/lib/python3.6/site-packages/airflow/example_dags/tutorial.py took 0.045 seconds
[2024-10-26 09:25:47,996] {scheduler_job.py:181} INFO - Started process (PID=1124) to work on /home/airflow/.local/lib/python3.6/site-packages/airflow/example_dags/tutorial.py
[2024-10-26 09:25:47,997] {scheduler_job.py:632} INFO - Processing file /home/airflow/.local/lib/python3.6/site-packages/airflow/example_dags/tutorial.py for tasks to queue
[2024-10-26 09:25:47,998] {logging_mixin.py:104} INFO - [2024-10-26 09:25:47,998] {dagbag.py:496} INFO - Filling up the DagBag from /home/airflow/.local/lib/python3.6/site-packages/airflow/example_dags/tutorial.py
[2024-10-26 09:25:48,007] {scheduler_job.py:642} INFO - DAG(s) dict_keys(['tutorial']) retrieved from /home/airflow/.local/lib/python3.6/site-packages/airflow/example_dags/tutorial.py
[2024-10-26 09:25:48,028] {logging_mixin.py:104} INFO - [2024-10-26 09:25:48,028] {dag.py:1833} INFO - Sync 1 DAGs
[2024-10-26 09:25:48,038] {logging_mixin.py:104} INFO - [2024-10-26 09:25:48,038] {dag.py:2306} INFO - Setting next_dagrun for tutorial to 2024-10-24 00:00:00+00:00
[2024-10-26 09:25:48,047] {scheduler_job.py:189} INFO - Processing /home/airflow/.local/lib/python3.6/site-packages/airflow/example_dags/tutorial.py took 0.053 seconds
[2024-10-26 09:28:08,348] {scheduler_job.py:181} INFO - Started process (PID=1204) to work on /home/airflow/.local/lib/python3.6/site-packages/airflow/example_dags/tutorial.py
[2024-10-26 09:28:08,349] {scheduler_job.py:632} INFO - Processing file /home/airflow/.local/lib/python3.6/site-packages/airflow/example_dags/tutorial.py for tasks to queue
[2024-10-26 09:28:08,349] {logging_mixin.py:104} INFO - [2024-10-26 09:28:08,349] {dagbag.py:496} INFO - Filling up the DagBag from /home/airflow/.local/lib/python3.6/site-packages/airflow/example_dags/tutorial.py
[2024-10-26 09:28:08,363] {scheduler_job.py:642} INFO - DAG(s) dict_keys(['tutorial']) retrieved from /home/airflow/.local/lib/python3.6/site-packages/airflow/example_dags/tutorial.py
[2024-10-26 09:28:08,419] {logging_mixin.py:104} INFO - [2024-10-26 09:28:08,418] {dag.py:1833} INFO - Sync 1 DAGs
[2024-10-26 09:28:08,471] {logging_mixin.py:104} INFO - [2024-10-26 09:28:08,469] {dag.py:2306} INFO - Setting next_dagrun for tutorial to 2024-10-24 00:00:00+00:00
[2024-10-26 09:28:08,555] {scheduler_job.py:189} INFO - Processing /home/airflow/.local/lib/python3.6/site-packages/airflow/example_dags/tutorial.py took 0.209 seconds
[2024-10-26 09:28:40,856] {scheduler_job.py:181} INFO - Started process (PID=1257) to work on /home/airflow/.local/lib/python3.6/site-packages/airflow/example_dags/tutorial.py
[2024-10-26 09:28:40,857] {scheduler_job.py:632} INFO - Processing file /home/airflow/.local/lib/python3.6/site-packages/airflow/example_dags/tutorial.py for tasks to queue
[2024-10-26 09:28:40,858] {logging_mixin.py:104} INFO - [2024-10-26 09:28:40,858] {dagbag.py:496} INFO - Filling up the DagBag from /home/airflow/.local/lib/python3.6/site-packages/airflow/example_dags/tutorial.py
[2024-10-26 09:28:40,871] {scheduler_job.py:642} INFO - DAG(s) dict_keys(['tutorial']) retrieved from /home/airflow/.local/lib/python3.6/site-packages/airflow/example_dags/tutorial.py
[2024-10-26 09:28:40,892] {logging_mixin.py:104} INFO - [2024-10-26 09:28:40,892] {dag.py:1833} INFO - Sync 1 DAGs
[2024-10-26 09:28:40,903] {logging_mixin.py:104} INFO - [2024-10-26 09:28:40,903] {dag.py:2306} INFO - Setting next_dagrun for tutorial to 2024-10-24 00:00:00+00:00
[2024-10-26 09:28:40,912] {scheduler_job.py:189} INFO - Processing /home/airflow/.local/lib/python3.6/site-packages/airflow/example_dags/tutorial.py took 0.058 seconds
[2024-10-26 09:29:12,732] {scheduler_job.py:181} INFO - Started process (PID=1330) to work on /home/airflow/.local/lib/python3.6/site-packages/airflow/example_dags/tutorial.py
[2024-10-26 09:29:12,733] {scheduler_job.py:632} INFO - Processing file /home/airflow/.local/lib/python3.6/site-packages/airflow/example_dags/tutorial.py for tasks to queue
[2024-10-26 09:29:12,733] {logging_mixin.py:104} INFO - [2024-10-26 09:29:12,733] {dagbag.py:496} INFO - Filling up the DagBag from /home/airflow/.local/lib/python3.6/site-packages/airflow/example_dags/tutorial.py
[2024-10-26 09:29:12,742] {scheduler_job.py:642} INFO - DAG(s) dict_keys(['tutorial']) retrieved from /home/airflow/.local/lib/python3.6/site-packages/airflow/example_dags/tutorial.py
[2024-10-26 09:29:12,759] {logging_mixin.py:104} INFO - [2024-10-26 09:29:12,758] {dag.py:1833} INFO - Sync 1 DAGs
[2024-10-26 09:29:12,774] {logging_mixin.py:104} INFO - [2024-10-26 09:29:12,774] {dag.py:2306} INFO - Setting next_dagrun for tutorial to 2024-10-24 00:00:00+00:00
[2024-10-26 09:29:12,787] {scheduler_job.py:189} INFO - Processing /home/airflow/.local/lib/python3.6/site-packages/airflow/example_dags/tutorial.py took 0.058 seconds
[2024-10-26 09:29:56,472] {scheduler_job.py:181} INFO - Started process (PID=1383) to work on /home/airflow/.local/lib/python3.6/site-packages/airflow/example_dags/tutorial.py
[2024-10-26 09:29:56,474] {scheduler_job.py:632} INFO - Processing file /home/airflow/.local/lib/python3.6/site-packages/airflow/example_dags/tutorial.py for tasks to queue
[2024-10-26 09:29:56,475] {logging_mixin.py:104} INFO - [2024-10-26 09:29:56,475] {dagbag.py:496} INFO - Filling up the DagBag from /home/airflow/.local/lib/python3.6/site-packages/airflow/example_dags/tutorial.py
[2024-10-26 09:29:56,489] {scheduler_job.py:642} INFO - DAG(s) dict_keys(['tutorial']) retrieved from /home/airflow/.local/lib/python3.6/site-packages/airflow/example_dags/tutorial.py
[2024-10-26 09:29:56,511] {logging_mixin.py:104} INFO - [2024-10-26 09:29:56,511] {dag.py:1833} INFO - Sync 1 DAGs
[2024-10-26 09:29:56,526] {logging_mixin.py:104} INFO - [2024-10-26 09:29:56,526] {dag.py:2306} INFO - Setting next_dagrun for tutorial to 2024-10-24 00:00:00+00:00
[2024-10-26 09:29:56,538] {scheduler_job.py:189} INFO - Processing /home/airflow/.local/lib/python3.6/site-packages/airflow/example_dags/tutorial.py took 0.068 seconds
[2024-10-26 09:32:29,277] {scheduler_job.py:181} INFO - Started process (PID=1467) to work on /home/airflow/.local/lib/python3.6/site-packages/airflow/example_dags/tutorial.py
[2024-10-26 09:32:29,278] {scheduler_job.py:632} INFO - Processing file /home/airflow/.local/lib/python3.6/site-packages/airflow/example_dags/tutorial.py for tasks to queue
[2024-10-26 09:32:29,278] {logging_mixin.py:104} INFO - [2024-10-26 09:32:29,278] {dagbag.py:496} INFO - Filling up the DagBag from /home/airflow/.local/lib/python3.6/site-packages/airflow/example_dags/tutorial.py
[2024-10-26 09:32:29,289] {scheduler_job.py:642} INFO - DAG(s) dict_keys(['tutorial']) retrieved from /home/airflow/.local/lib/python3.6/site-packages/airflow/example_dags/tutorial.py
[2024-10-26 09:32:29,308] {logging_mixin.py:104} INFO - [2024-10-26 09:32:29,308] {dag.py:1833} INFO - Sync 1 DAGs
[2024-10-26 09:32:29,322] {logging_mixin.py:104} INFO - [2024-10-26 09:32:29,321] {dag.py:2306} INFO - Setting next_dagrun for tutorial to 2024-10-24 00:00:00+00:00
[2024-10-26 09:32:29,333] {scheduler_job.py:189} INFO - Processing /home/airflow/.local/lib/python3.6/site-packages/airflow/example_dags/tutorial.py took 0.059 seconds
[2024-10-26 09:34:25,427] {scheduler_job.py:181} INFO - Started process (PID=1520) to work on /home/airflow/.local/lib/python3.6/site-packages/airflow/example_dags/tutorial.py
[2024-10-26 09:34:25,428] {scheduler_job.py:632} INFO - Processing file /home/airflow/.local/lib/python3.6/site-packages/airflow/example_dags/tutorial.py for tasks to queue
[2024-10-26 09:34:25,428] {logging_mixin.py:104} INFO - [2024-10-26 09:34:25,428] {dagbag.py:496} INFO - Filling up the DagBag from /home/airflow/.local/lib/python3.6/site-packages/airflow/example_dags/tutorial.py
[2024-10-26 09:34:25,437] {scheduler_job.py:642} INFO - DAG(s) dict_keys(['tutorial']) retrieved from /home/airflow/.local/lib/python3.6/site-packages/airflow/example_dags/tutorial.py
[2024-10-26 09:34:25,451] {logging_mixin.py:104} INFO - [2024-10-26 09:34:25,451] {dag.py:1833} INFO - Sync 1 DAGs
[2024-10-26 09:34:25,459] {logging_mixin.py:104} INFO - [2024-10-26 09:34:25,459] {dag.py:2306} INFO - Setting next_dagrun for tutorial to 2024-10-24 00:00:00+00:00
[2024-10-26 09:34:25,465] {scheduler_job.py:189} INFO - Processing /home/airflow/.local/lib/python3.6/site-packages/airflow/example_dags/tutorial.py took 0.040 seconds
[2024-10-26 09:35:53,602] {scheduler_job.py:181} INFO - Started process (PID=1573) to work on /home/airflow/.local/lib/python3.6/site-packages/airflow/example_dags/tutorial.py
[2024-10-26 09:35:53,603] {scheduler_job.py:632} INFO - Processing file /home/airflow/.local/lib/python3.6/site-packages/airflow/example_dags/tutorial.py for tasks to queue
[2024-10-26 09:35:53,603] {logging_mixin.py:104} INFO - [2024-10-26 09:35:53,603] {dagbag.py:496} INFO - Filling up the DagBag from /home/airflow/.local/lib/python3.6/site-packages/airflow/example_dags/tutorial.py
[2024-10-26 09:35:53,614] {scheduler_job.py:642} INFO - DAG(s) dict_keys(['tutorial']) retrieved from /home/airflow/.local/lib/python3.6/site-packages/airflow/example_dags/tutorial.py
[2024-10-26 09:35:53,631] {logging_mixin.py:104} INFO - [2024-10-26 09:35:53,631] {dag.py:1833} INFO - Sync 1 DAGs
[2024-10-26 09:35:53,641] {logging_mixin.py:104} INFO - [2024-10-26 09:35:53,641] {dag.py:2306} INFO - Setting next_dagrun for tutorial to 2024-10-24 00:00:00+00:00
[2024-10-26 09:35:53,650] {scheduler_job.py:189} INFO - Processing /home/airflow/.local/lib/python3.6/site-packages/airflow/example_dags/tutorial.py took 0.050 seconds
[2024-10-26 09:37:26,897] {scheduler_job.py:181} INFO - Started process (PID=1653) to work on /home/airflow/.local/lib/python3.6/site-packages/airflow/example_dags/tutorial.py
[2024-10-26 09:37:26,898] {scheduler_job.py:632} INFO - Processing file /home/airflow/.local/lib/python3.6/site-packages/airflow/example_dags/tutorial.py for tasks to queue
[2024-10-26 09:37:26,899] {logging_mixin.py:104} INFO - [2024-10-26 09:37:26,899] {dagbag.py:496} INFO - Filling up the DagBag from /home/airflow/.local/lib/python3.6/site-packages/airflow/example_dags/tutorial.py
[2024-10-26 09:37:26,909] {scheduler_job.py:642} INFO - DAG(s) dict_keys(['tutorial']) retrieved from /home/airflow/.local/lib/python3.6/site-packages/airflow/example_dags/tutorial.py
[2024-10-26 09:37:26,926] {logging_mixin.py:104} INFO - [2024-10-26 09:37:26,926] {dag.py:1833} INFO - Sync 1 DAGs
[2024-10-26 09:37:26,939] {logging_mixin.py:104} INFO - [2024-10-26 09:37:26,939] {dag.py:2306} INFO - Setting next_dagrun for tutorial to 2024-10-24 00:00:00+00:00
[2024-10-26 09:37:26,949] {scheduler_job.py:189} INFO - Processing /home/airflow/.local/lib/python3.6/site-packages/airflow/example_dags/tutorial.py took 0.054 seconds
[2024-10-26 09:38:43,787] {scheduler_job.py:181} INFO - Started process (PID=1706) to work on /home/airflow/.local/lib/python3.6/site-packages/airflow/example_dags/tutorial.py
[2024-10-26 09:38:43,788] {scheduler_job.py:632} INFO - Processing file /home/airflow/.local/lib/python3.6/site-packages/airflow/example_dags/tutorial.py for tasks to queue
[2024-10-26 09:38:43,789] {logging_mixin.py:104} INFO - [2024-10-26 09:38:43,789] {dagbag.py:496} INFO - Filling up the DagBag from /home/airflow/.local/lib/python3.6/site-packages/airflow/example_dags/tutorial.py
[2024-10-26 09:38:43,799] {scheduler_job.py:642} INFO - DAG(s) dict_keys(['tutorial']) retrieved from /home/airflow/.local/lib/python3.6/site-packages/airflow/example_dags/tutorial.py
[2024-10-26 09:38:43,815] {logging_mixin.py:104} INFO - [2024-10-26 09:38:43,815] {dag.py:1833} INFO - Sync 1 DAGs
[2024-10-26 09:38:43,823] {logging_mixin.py:104} INFO - [2024-10-26 09:38:43,823] {dag.py:2306} INFO - Setting next_dagrun for tutorial to 2024-10-24 00:00:00+00:00
[2024-10-26 09:38:43,831] {scheduler_job.py:189} INFO - Processing /home/airflow/.local/lib/python3.6/site-packages/airflow/example_dags/tutorial.py took 0.046 seconds
[2024-10-26 09:40:54,216] {scheduler_job.py:181} INFO - Started process (PID=1769) to work on /home/airflow/.local/lib/python3.6/site-packages/airflow/example_dags/tutorial.py
[2024-10-26 09:40:54,217] {scheduler_job.py:632} INFO - Processing file /home/airflow/.local/lib/python3.6/site-packages/airflow/example_dags/tutorial.py for tasks to queue
[2024-10-26 09:40:54,218] {logging_mixin.py:104} INFO - [2024-10-26 09:40:54,218] {dagbag.py:496} INFO - Filling up the DagBag from /home/airflow/.local/lib/python3.6/site-packages/airflow/example_dags/tutorial.py
[2024-10-26 09:40:54,234] {scheduler_job.py:642} INFO - DAG(s) dict_keys(['tutorial']) retrieved from /home/airflow/.local/lib/python3.6/site-packages/airflow/example_dags/tutorial.py
[2024-10-26 09:40:54,254] {logging_mixin.py:104} INFO - [2024-10-26 09:40:54,253] {dag.py:1833} INFO - Sync 1 DAGs
[2024-10-26 09:40:54,267] {logging_mixin.py:104} INFO - [2024-10-26 09:40:54,267] {dag.py:2306} INFO - Setting next_dagrun for tutorial to 2024-10-24 00:00:00+00:00
[2024-10-26 09:40:54,278] {scheduler_job.py:189} INFO - Processing /home/airflow/.local/lib/python3.6/site-packages/airflow/example_dags/tutorial.py took 0.066 seconds
[2024-10-26 09:41:43,085] {scheduler_job.py:181} INFO - Started process (PID=1812) to work on /home/airflow/.local/lib/python3.6/site-packages/airflow/example_dags/tutorial.py
[2024-10-26 09:41:43,086] {scheduler_job.py:632} INFO - Processing file /home/airflow/.local/lib/python3.6/site-packages/airflow/example_dags/tutorial.py for tasks to queue
[2024-10-26 09:41:43,087] {logging_mixin.py:104} INFO - [2024-10-26 09:41:43,086] {dagbag.py:496} INFO - Filling up the DagBag from /home/airflow/.local/lib/python3.6/site-packages/airflow/example_dags/tutorial.py
[2024-10-26 09:41:43,113] {scheduler_job.py:642} INFO - DAG(s) dict_keys(['tutorial']) retrieved from /home/airflow/.local/lib/python3.6/site-packages/airflow/example_dags/tutorial.py
[2024-10-26 09:41:43,149] {logging_mixin.py:104} INFO - [2024-10-26 09:41:43,149] {dag.py:1833} INFO - Sync 1 DAGs
[2024-10-26 09:41:43,164] {logging_mixin.py:104} INFO - [2024-10-26 09:41:43,163] {dag.py:2306} INFO - Setting next_dagrun for tutorial to 2024-10-24 00:00:00+00:00
[2024-10-26 09:41:43,176] {scheduler_job.py:189} INFO - Processing /home/airflow/.local/lib/python3.6/site-packages/airflow/example_dags/tutorial.py took 0.102 seconds
[2024-10-26 09:42:54,886] {scheduler_job.py:181} INFO - Started process (PID=1842) to work on /home/airflow/.local/lib/python3.6/site-packages/airflow/example_dags/tutorial.py
[2024-10-26 09:42:54,887] {scheduler_job.py:632} INFO - Processing file /home/airflow/.local/lib/python3.6/site-packages/airflow/example_dags/tutorial.py for tasks to queue
[2024-10-26 09:42:54,888] {logging_mixin.py:104} INFO - [2024-10-26 09:42:54,888] {dagbag.py:496} INFO - Filling up the DagBag from /home/airflow/.local/lib/python3.6/site-packages/airflow/example_dags/tutorial.py
[2024-10-26 09:42:54,912] {scheduler_job.py:642} INFO - DAG(s) dict_keys(['tutorial']) retrieved from /home/airflow/.local/lib/python3.6/site-packages/airflow/example_dags/tutorial.py
[2024-10-26 09:42:55,145] {logging_mixin.py:104} INFO - [2024-10-26 09:42:55,145] {dag.py:1833} INFO - Sync 1 DAGs
[2024-10-26 09:42:55,161] {logging_mixin.py:104} INFO - [2024-10-26 09:42:55,161] {dag.py:2306} INFO - Setting next_dagrun for tutorial to 2024-10-24 00:00:00+00:00
[2024-10-26 09:42:55,174] {scheduler_job.py:189} INFO - Processing /home/airflow/.local/lib/python3.6/site-packages/airflow/example_dags/tutorial.py took 0.291 seconds
[2024-10-26 09:43:41,392] {scheduler_job.py:181} INFO - Started process (PID=1895) to work on /home/airflow/.local/lib/python3.6/site-packages/airflow/example_dags/tutorial.py
[2024-10-26 09:43:41,393] {scheduler_job.py:632} INFO - Processing file /home/airflow/.local/lib/python3.6/site-packages/airflow/example_dags/tutorial.py for tasks to queue
[2024-10-26 09:43:41,394] {logging_mixin.py:104} INFO - [2024-10-26 09:43:41,394] {dagbag.py:496} INFO - Filling up the DagBag from /home/airflow/.local/lib/python3.6/site-packages/airflow/example_dags/tutorial.py
[2024-10-26 09:43:41,404] {scheduler_job.py:642} INFO - DAG(s) dict_keys(['tutorial']) retrieved from /home/airflow/.local/lib/python3.6/site-packages/airflow/example_dags/tutorial.py
[2024-10-26 09:43:41,420] {logging_mixin.py:104} INFO - [2024-10-26 09:43:41,420] {dag.py:1833} INFO - Sync 1 DAGs
[2024-10-26 09:43:41,431] {logging_mixin.py:104} INFO - [2024-10-26 09:43:41,431] {dag.py:2306} INFO - Setting next_dagrun for tutorial to 2024-10-24 00:00:00+00:00
[2024-10-26 09:43:41,443] {scheduler_job.py:189} INFO - Processing /home/airflow/.local/lib/python3.6/site-packages/airflow/example_dags/tutorial.py took 0.053 seconds
[2024-10-26 09:44:26,418] {scheduler_job.py:181} INFO - Started process (PID=1938) to work on /home/airflow/.local/lib/python3.6/site-packages/airflow/example_dags/tutorial.py
[2024-10-26 09:44:26,419] {scheduler_job.py:632} INFO - Processing file /home/airflow/.local/lib/python3.6/site-packages/airflow/example_dags/tutorial.py for tasks to queue
[2024-10-26 09:44:26,419] {logging_mixin.py:104} INFO - [2024-10-26 09:44:26,419] {dagbag.py:496} INFO - Filling up the DagBag from /home/airflow/.local/lib/python3.6/site-packages/airflow/example_dags/tutorial.py
[2024-10-26 09:44:26,431] {scheduler_job.py:642} INFO - DAG(s) dict_keys(['tutorial']) retrieved from /home/airflow/.local/lib/python3.6/site-packages/airflow/example_dags/tutorial.py
[2024-10-26 09:44:26,457] {logging_mixin.py:104} INFO - [2024-10-26 09:44:26,456] {dag.py:1833} INFO - Sync 1 DAGs
[2024-10-26 09:44:26,520] {logging_mixin.py:104} INFO - [2024-10-26 09:44:26,518] {dag.py:2306} INFO - Setting next_dagrun for tutorial to 2024-10-24 00:00:00+00:00
[2024-10-26 09:44:26,590] {scheduler_job.py:189} INFO - Processing /home/airflow/.local/lib/python3.6/site-packages/airflow/example_dags/tutorial.py took 0.176 seconds
[2024-10-26 09:46:39,740] {scheduler_job.py:181} INFO - Started process (PID=1991) to work on /home/airflow/.local/lib/python3.6/site-packages/airflow/example_dags/tutorial.py
[2024-10-26 09:46:39,741] {scheduler_job.py:632} INFO - Processing file /home/airflow/.local/lib/python3.6/site-packages/airflow/example_dags/tutorial.py for tasks to queue
[2024-10-26 09:46:39,742] {logging_mixin.py:104} INFO - [2024-10-26 09:46:39,742] {dagbag.py:496} INFO - Filling up the DagBag from /home/airflow/.local/lib/python3.6/site-packages/airflow/example_dags/tutorial.py
[2024-10-26 09:46:39,752] {scheduler_job.py:642} INFO - DAG(s) dict_keys(['tutorial']) retrieved from /home/airflow/.local/lib/python3.6/site-packages/airflow/example_dags/tutorial.py
[2024-10-26 09:46:39,770] {logging_mixin.py:104} INFO - [2024-10-26 09:46:39,770] {dag.py:1833} INFO - Sync 1 DAGs
[2024-10-26 09:46:39,782] {logging_mixin.py:104} INFO - [2024-10-26 09:46:39,782] {dag.py:2306} INFO - Setting next_dagrun for tutorial to 2024-10-24 00:00:00+00:00
[2024-10-26 09:46:39,790] {scheduler_job.py:189} INFO - Processing /home/airflow/.local/lib/python3.6/site-packages/airflow/example_dags/tutorial.py took 0.052 seconds
[2024-10-26 09:47:43,470] {scheduler_job.py:181} INFO - Started process (PID=2044) to work on /home/airflow/.local/lib/python3.6/site-packages/airflow/example_dags/tutorial.py
[2024-10-26 09:47:43,471] {scheduler_job.py:632} INFO - Processing file /home/airflow/.local/lib/python3.6/site-packages/airflow/example_dags/tutorial.py for tasks to queue
[2024-10-26 09:47:43,471] {logging_mixin.py:104} INFO - [2024-10-26 09:47:43,471] {dagbag.py:496} INFO - Filling up the DagBag from /home/airflow/.local/lib/python3.6/site-packages/airflow/example_dags/tutorial.py
[2024-10-26 09:47:43,488] {scheduler_job.py:642} INFO - DAG(s) dict_keys(['tutorial']) retrieved from /home/airflow/.local/lib/python3.6/site-packages/airflow/example_dags/tutorial.py
[2024-10-26 09:47:43,512] {logging_mixin.py:104} INFO - [2024-10-26 09:47:43,512] {dag.py:1833} INFO - Sync 1 DAGs
[2024-10-26 09:47:43,523] {logging_mixin.py:104} INFO - [2024-10-26 09:47:43,523] {dag.py:2306} INFO - Setting next_dagrun for tutorial to 2024-10-24 00:00:00+00:00
[2024-10-26 09:47:43,534] {scheduler_job.py:189} INFO - Processing /home/airflow/.local/lib/python3.6/site-packages/airflow/example_dags/tutorial.py took 0.067 seconds
[2024-10-26 09:48:23,922] {scheduler_job.py:181} INFO - Started process (PID=2107) to work on /home/airflow/.local/lib/python3.6/site-packages/airflow/example_dags/tutorial.py
[2024-10-26 09:48:23,923] {scheduler_job.py:632} INFO - Processing file /home/airflow/.local/lib/python3.6/site-packages/airflow/example_dags/tutorial.py for tasks to queue
[2024-10-26 09:48:23,923] {logging_mixin.py:104} INFO - [2024-10-26 09:48:23,923] {dagbag.py:496} INFO - Filling up the DagBag from /home/airflow/.local/lib/python3.6/site-packages/airflow/example_dags/tutorial.py
[2024-10-26 09:48:23,934] {scheduler_job.py:642} INFO - DAG(s) dict_keys(['tutorial']) retrieved from /home/airflow/.local/lib/python3.6/site-packages/airflow/example_dags/tutorial.py
[2024-10-26 09:48:23,950] {logging_mixin.py:104} INFO - [2024-10-26 09:48:23,950] {dag.py:1833} INFO - Sync 1 DAGs
[2024-10-26 09:48:23,962] {logging_mixin.py:104} INFO - [2024-10-26 09:48:23,962] {dag.py:2306} INFO - Setting next_dagrun for tutorial to 2024-10-24 00:00:00+00:00
[2024-10-26 09:48:23,972] {scheduler_job.py:189} INFO - Processing /home/airflow/.local/lib/python3.6/site-packages/airflow/example_dags/tutorial.py took 0.052 seconds
[2024-10-26 09:49:31,719] {scheduler_job.py:181} INFO - Started process (PID=2150) to work on /home/airflow/.local/lib/python3.6/site-packages/airflow/example_dags/tutorial.py
[2024-10-26 09:49:31,720] {scheduler_job.py:632} INFO - Processing file /home/airflow/.local/lib/python3.6/site-packages/airflow/example_dags/tutorial.py for tasks to queue
[2024-10-26 09:49:31,721] {logging_mixin.py:104} INFO - [2024-10-26 09:49:31,721] {dagbag.py:496} INFO - Filling up the DagBag from /home/airflow/.local/lib/python3.6/site-packages/airflow/example_dags/tutorial.py
[2024-10-26 09:49:31,743] {scheduler_job.py:642} INFO - DAG(s) dict_keys(['tutorial']) retrieved from /home/airflow/.local/lib/python3.6/site-packages/airflow/example_dags/tutorial.py
[2024-10-26 09:49:31,767] {logging_mixin.py:104} INFO - [2024-10-26 09:49:31,767] {dag.py:1833} INFO - Sync 1 DAGs
[2024-10-26 09:49:31,776] {logging_mixin.py:104} INFO - [2024-10-26 09:49:31,775] {dag.py:2306} INFO - Setting next_dagrun for tutorial to 2024-10-24 00:00:00+00:00
[2024-10-26 09:49:31,784] {scheduler_job.py:189} INFO - Processing /home/airflow/.local/lib/python3.6/site-packages/airflow/example_dags/tutorial.py took 0.068 seconds
[2024-10-26 09:50:02,127] {scheduler_job.py:181} INFO - Started process (PID=2203) to work on /home/airflow/.local/lib/python3.6/site-packages/airflow/example_dags/tutorial.py
[2024-10-26 09:50:02,128] {scheduler_job.py:632} INFO - Processing file /home/airflow/.local/lib/python3.6/site-packages/airflow/example_dags/tutorial.py for tasks to queue
[2024-10-26 09:50:02,129] {logging_mixin.py:104} INFO - [2024-10-26 09:50:02,129] {dagbag.py:496} INFO - Filling up the DagBag from /home/airflow/.local/lib/python3.6/site-packages/airflow/example_dags/tutorial.py
[2024-10-26 09:50:02,143] {scheduler_job.py:642} INFO - DAG(s) dict_keys(['tutorial']) retrieved from /home/airflow/.local/lib/python3.6/site-packages/airflow/example_dags/tutorial.py
[2024-10-26 09:50:02,163] {logging_mixin.py:104} INFO - [2024-10-26 09:50:02,163] {dag.py:1833} INFO - Sync 1 DAGs
[2024-10-26 09:50:02,173] {logging_mixin.py:104} INFO - [2024-10-26 09:50:02,173] {dag.py:2306} INFO - Setting next_dagrun for tutorial to 2024-10-24 00:00:00+00:00
[2024-10-26 09:50:02,183] {scheduler_job.py:189} INFO - Processing /home/airflow/.local/lib/python3.6/site-packages/airflow/example_dags/tutorial.py took 0.059 seconds
[2024-10-26 09:51:23,644] {scheduler_job.py:181} INFO - Started process (PID=2266) to work on /home/airflow/.local/lib/python3.6/site-packages/airflow/example_dags/tutorial.py
[2024-10-26 09:51:23,645] {scheduler_job.py:632} INFO - Processing file /home/airflow/.local/lib/python3.6/site-packages/airflow/example_dags/tutorial.py for tasks to queue
[2024-10-26 09:51:23,646] {logging_mixin.py:104} INFO - [2024-10-26 09:51:23,646] {dagbag.py:496} INFO - Filling up the DagBag from /home/airflow/.local/lib/python3.6/site-packages/airflow/example_dags/tutorial.py
[2024-10-26 09:51:23,659] {scheduler_job.py:642} INFO - DAG(s) dict_keys(['tutorial']) retrieved from /home/airflow/.local/lib/python3.6/site-packages/airflow/example_dags/tutorial.py
[2024-10-26 09:51:23,676] {logging_mixin.py:104} INFO - [2024-10-26 09:51:23,676] {dag.py:1833} INFO - Sync 1 DAGs
[2024-10-26 09:51:23,688] {logging_mixin.py:104} INFO - [2024-10-26 09:51:23,688] {dag.py:2306} INFO - Setting next_dagrun for tutorial to 2024-10-24 00:00:00+00:00
[2024-10-26 09:51:23,696] {scheduler_job.py:189} INFO - Processing /home/airflow/.local/lib/python3.6/site-packages/airflow/example_dags/tutorial.py took 0.054 seconds
[2024-10-26 09:51:55,035] {scheduler_job.py:181} INFO - Started process (PID=2319) to work on /home/airflow/.local/lib/python3.6/site-packages/airflow/example_dags/tutorial.py
[2024-10-26 09:51:55,036] {scheduler_job.py:632} INFO - Processing file /home/airflow/.local/lib/python3.6/site-packages/airflow/example_dags/tutorial.py for tasks to queue
[2024-10-26 09:51:55,037] {logging_mixin.py:104} INFO - [2024-10-26 09:51:55,037] {dagbag.py:496} INFO - Filling up the DagBag from /home/airflow/.local/lib/python3.6/site-packages/airflow/example_dags/tutorial.py
[2024-10-26 09:51:55,047] {scheduler_job.py:642} INFO - DAG(s) dict_keys(['tutorial']) retrieved from /home/airflow/.local/lib/python3.6/site-packages/airflow/example_dags/tutorial.py
[2024-10-26 09:51:55,063] {logging_mixin.py:104} INFO - [2024-10-26 09:51:55,063] {dag.py:1833} INFO - Sync 1 DAGs
[2024-10-26 09:51:55,073] {logging_mixin.py:104} INFO - [2024-10-26 09:51:55,073] {dag.py:2306} INFO - Setting next_dagrun for tutorial to 2024-10-24 00:00:00+00:00
[2024-10-26 09:51:55,081] {scheduler_job.py:189} INFO - Processing /home/airflow/.local/lib/python3.6/site-packages/airflow/example_dags/tutorial.py took 0.048 seconds
[2024-10-26 09:52:44,539] {scheduler_job.py:181} INFO - Started process (PID=2372) to work on /home/airflow/.local/lib/python3.6/site-packages/airflow/example_dags/tutorial.py
[2024-10-26 09:52:44,540] {scheduler_job.py:632} INFO - Processing file /home/airflow/.local/lib/python3.6/site-packages/airflow/example_dags/tutorial.py for tasks to queue
[2024-10-26 09:52:44,541] {logging_mixin.py:104} INFO - [2024-10-26 09:52:44,541] {dagbag.py:496} INFO - Filling up the DagBag from /home/airflow/.local/lib/python3.6/site-packages/airflow/example_dags/tutorial.py
[2024-10-26 09:52:44,556] {scheduler_job.py:642} INFO - DAG(s) dict_keys(['tutorial']) retrieved from /home/airflow/.local/lib/python3.6/site-packages/airflow/example_dags/tutorial.py
[2024-10-26 09:52:44,580] {logging_mixin.py:104} INFO - [2024-10-26 09:52:44,580] {dag.py:1833} INFO - Sync 1 DAGs
[2024-10-26 09:52:44,588] {logging_mixin.py:104} INFO - [2024-10-26 09:52:44,588] {dag.py:2306} INFO - Setting next_dagrun for tutorial to 2024-10-24 00:00:00+00:00
[2024-10-26 09:52:44,598] {scheduler_job.py:189} INFO - Processing /home/airflow/.local/lib/python3.6/site-packages/airflow/example_dags/tutorial.py took 0.062 seconds
[2024-10-26 09:54:05,043] {scheduler_job.py:181} INFO - Started process (PID=2425) to work on /home/airflow/.local/lib/python3.6/site-packages/airflow/example_dags/tutorial.py
[2024-10-26 09:54:05,044] {scheduler_job.py:632} INFO - Processing file /home/airflow/.local/lib/python3.6/site-packages/airflow/example_dags/tutorial.py for tasks to queue
[2024-10-26 09:54:05,044] {logging_mixin.py:104} INFO - [2024-10-26 09:54:05,044] {dagbag.py:496} INFO - Filling up the DagBag from /home/airflow/.local/lib/python3.6/site-packages/airflow/example_dags/tutorial.py
[2024-10-26 09:54:05,057] {scheduler_job.py:642} INFO - DAG(s) dict_keys(['tutorial']) retrieved from /home/airflow/.local/lib/python3.6/site-packages/airflow/example_dags/tutorial.py
[2024-10-26 09:54:05,078] {logging_mixin.py:104} INFO - [2024-10-26 09:54:05,078] {dag.py:1833} INFO - Sync 1 DAGs
[2024-10-26 09:54:05,091] {logging_mixin.py:104} INFO - [2024-10-26 09:54:05,091] {dag.py:2306} INFO - Setting next_dagrun for tutorial to 2024-10-24 00:00:00+00:00
[2024-10-26 09:54:05,102] {scheduler_job.py:189} INFO - Processing /home/airflow/.local/lib/python3.6/site-packages/airflow/example_dags/tutorial.py took 0.061 seconds
[2024-10-26 09:55:26,308] {scheduler_job.py:181} INFO - Started process (PID=2488) to work on /home/airflow/.local/lib/python3.6/site-packages/airflow/example_dags/tutorial.py
[2024-10-26 09:55:26,309] {scheduler_job.py:632} INFO - Processing file /home/airflow/.local/lib/python3.6/site-packages/airflow/example_dags/tutorial.py for tasks to queue
[2024-10-26 09:55:26,311] {logging_mixin.py:104} INFO - [2024-10-26 09:55:26,310] {dagbag.py:496} INFO - Filling up the DagBag from /home/airflow/.local/lib/python3.6/site-packages/airflow/example_dags/tutorial.py
[2024-10-26 09:55:26,325] {scheduler_job.py:642} INFO - DAG(s) dict_keys(['tutorial']) retrieved from /home/airflow/.local/lib/python3.6/site-packages/airflow/example_dags/tutorial.py
[2024-10-26 09:55:26,348] {logging_mixin.py:104} INFO - [2024-10-26 09:55:26,348] {dag.py:1833} INFO - Sync 1 DAGs
[2024-10-26 09:55:26,361] {logging_mixin.py:104} INFO - [2024-10-26 09:55:26,361] {dag.py:2306} INFO - Setting next_dagrun for tutorial to 2024-10-24 00:00:00+00:00
[2024-10-26 09:55:26,389] {scheduler_job.py:189} INFO - Processing /home/airflow/.local/lib/python3.6/site-packages/airflow/example_dags/tutorial.py took 0.083 seconds
[2024-10-26 09:58:21,784] {scheduler_job.py:181} INFO - Started process (PID=2557) to work on /home/airflow/.local/lib/python3.6/site-packages/airflow/example_dags/tutorial.py
[2024-10-26 09:58:21,785] {scheduler_job.py:632} INFO - Processing file /home/airflow/.local/lib/python3.6/site-packages/airflow/example_dags/tutorial.py for tasks to queue
[2024-10-26 09:58:21,786] {logging_mixin.py:104} INFO - [2024-10-26 09:58:21,786] {dagbag.py:496} INFO - Filling up the DagBag from /home/airflow/.local/lib/python3.6/site-packages/airflow/example_dags/tutorial.py
[2024-10-26 09:58:21,795] {scheduler_job.py:642} INFO - DAG(s) dict_keys(['tutorial']) retrieved from /home/airflow/.local/lib/python3.6/site-packages/airflow/example_dags/tutorial.py
[2024-10-26 09:58:21,809] {logging_mixin.py:104} INFO - [2024-10-26 09:58:21,809] {dag.py:1833} INFO - Sync 1 DAGs
[2024-10-26 09:58:21,820] {logging_mixin.py:104} INFO - [2024-10-26 09:58:21,820] {dag.py:2306} INFO - Setting next_dagrun for tutorial to 2024-10-24 00:00:00+00:00
[2024-10-26 09:58:21,827] {scheduler_job.py:189} INFO - Processing /home/airflow/.local/lib/python3.6/site-packages/airflow/example_dags/tutorial.py took 0.045 seconds
[2024-10-26 09:58:51,977] {scheduler_job.py:181} INFO - Started process (PID=2620) to work on /home/airflow/.local/lib/python3.6/site-packages/airflow/example_dags/tutorial.py
[2024-10-26 09:58:51,978] {scheduler_job.py:632} INFO - Processing file /home/airflow/.local/lib/python3.6/site-packages/airflow/example_dags/tutorial.py for tasks to queue
[2024-10-26 09:58:51,978] {logging_mixin.py:104} INFO - [2024-10-26 09:58:51,978] {dagbag.py:496} INFO - Filling up the DagBag from /home/airflow/.local/lib/python3.6/site-packages/airflow/example_dags/tutorial.py
[2024-10-26 09:58:51,986] {scheduler_job.py:642} INFO - DAG(s) dict_keys(['tutorial']) retrieved from /home/airflow/.local/lib/python3.6/site-packages/airflow/example_dags/tutorial.py
[2024-10-26 09:58:52,000] {logging_mixin.py:104} INFO - [2024-10-26 09:58:52,000] {dag.py:1833} INFO - Sync 1 DAGs
[2024-10-26 09:58:52,009] {logging_mixin.py:104} INFO - [2024-10-26 09:58:52,009] {dag.py:2306} INFO - Setting next_dagrun for tutorial to 2024-10-24 00:00:00+00:00
[2024-10-26 09:58:52,016] {scheduler_job.py:189} INFO - Processing /home/airflow/.local/lib/python3.6/site-packages/airflow/example_dags/tutorial.py took 0.041 seconds
[2024-10-26 09:59:23,017] {scheduler_job.py:181} INFO - Started process (PID=2693) to work on /home/airflow/.local/lib/python3.6/site-packages/airflow/example_dags/tutorial.py
[2024-10-26 09:59:23,018] {scheduler_job.py:632} INFO - Processing file /home/airflow/.local/lib/python3.6/site-packages/airflow/example_dags/tutorial.py for tasks to queue
[2024-10-26 09:59:23,019] {logging_mixin.py:104} INFO - [2024-10-26 09:59:23,019] {dagbag.py:496} INFO - Filling up the DagBag from /home/airflow/.local/lib/python3.6/site-packages/airflow/example_dags/tutorial.py
[2024-10-26 09:59:23,029] {scheduler_job.py:642} INFO - DAG(s) dict_keys(['tutorial']) retrieved from /home/airflow/.local/lib/python3.6/site-packages/airflow/example_dags/tutorial.py
[2024-10-26 09:59:23,044] {logging_mixin.py:104} INFO - [2024-10-26 09:59:23,044] {dag.py:1833} INFO - Sync 1 DAGs
[2024-10-26 09:59:23,057] {logging_mixin.py:104} INFO - [2024-10-26 09:59:23,057] {dag.py:2306} INFO - Setting next_dagrun for tutorial to 2024-10-24 00:00:00+00:00
[2024-10-26 09:59:23,066] {scheduler_job.py:189} INFO - Processing /home/airflow/.local/lib/python3.6/site-packages/airflow/example_dags/tutorial.py took 0.051 seconds
[2024-10-26 09:59:53,876] {scheduler_job.py:181} INFO - Started process (PID=2756) to work on /home/airflow/.local/lib/python3.6/site-packages/airflow/example_dags/tutorial.py
[2024-10-26 09:59:53,876] {scheduler_job.py:632} INFO - Processing file /home/airflow/.local/lib/python3.6/site-packages/airflow/example_dags/tutorial.py for tasks to queue
[2024-10-26 09:59:53,877] {logging_mixin.py:104} INFO - [2024-10-26 09:59:53,877] {dagbag.py:496} INFO - Filling up the DagBag from /home/airflow/.local/lib/python3.6/site-packages/airflow/example_dags/tutorial.py
[2024-10-26 09:59:53,886] {scheduler_job.py:642} INFO - DAG(s) dict_keys(['tutorial']) retrieved from /home/airflow/.local/lib/python3.6/site-packages/airflow/example_dags/tutorial.py
[2024-10-26 09:59:53,904] {logging_mixin.py:104} INFO - [2024-10-26 09:59:53,904] {dag.py:1833} INFO - Sync 1 DAGs
[2024-10-26 09:59:53,913] {logging_mixin.py:104} INFO - [2024-10-26 09:59:53,913] {dag.py:2306} INFO - Setting next_dagrun for tutorial to 2024-10-24 00:00:00+00:00
[2024-10-26 09:59:53,921] {scheduler_job.py:189} INFO - Processing /home/airflow/.local/lib/python3.6/site-packages/airflow/example_dags/tutorial.py took 0.048 seconds
[2024-10-26 10:00:24,665] {scheduler_job.py:181} INFO - Started process (PID=2829) to work on /home/airflow/.local/lib/python3.6/site-packages/airflow/example_dags/tutorial.py
[2024-10-26 10:00:24,666] {scheduler_job.py:632} INFO - Processing file /home/airflow/.local/lib/python3.6/site-packages/airflow/example_dags/tutorial.py for tasks to queue
[2024-10-26 10:00:24,667] {logging_mixin.py:104} INFO - [2024-10-26 10:00:24,667] {dagbag.py:496} INFO - Filling up the DagBag from /home/airflow/.local/lib/python3.6/site-packages/airflow/example_dags/tutorial.py
[2024-10-26 10:00:24,675] {scheduler_job.py:642} INFO - DAG(s) dict_keys(['tutorial']) retrieved from /home/airflow/.local/lib/python3.6/site-packages/airflow/example_dags/tutorial.py
[2024-10-26 10:00:24,690] {logging_mixin.py:104} INFO - [2024-10-26 10:00:24,690] {dag.py:1833} INFO - Sync 1 DAGs
[2024-10-26 10:00:24,698] {logging_mixin.py:104} INFO - [2024-10-26 10:00:24,698] {dag.py:2306} INFO - Setting next_dagrun for tutorial to 2024-10-24 00:00:00+00:00
[2024-10-26 10:00:24,706] {scheduler_job.py:189} INFO - Processing /home/airflow/.local/lib/python3.6/site-packages/airflow/example_dags/tutorial.py took 0.043 seconds
[2024-10-26 10:00:55,228] {scheduler_job.py:181} INFO - Started process (PID=2902) to work on /home/airflow/.local/lib/python3.6/site-packages/airflow/example_dags/tutorial.py
[2024-10-26 10:00:55,228] {scheduler_job.py:632} INFO - Processing file /home/airflow/.local/lib/python3.6/site-packages/airflow/example_dags/tutorial.py for tasks to queue
[2024-10-26 10:00:55,229] {logging_mixin.py:104} INFO - [2024-10-26 10:00:55,229] {dagbag.py:496} INFO - Filling up the DagBag from /home/airflow/.local/lib/python3.6/site-packages/airflow/example_dags/tutorial.py
[2024-10-26 10:00:55,236] {scheduler_job.py:642} INFO - DAG(s) dict_keys(['tutorial']) retrieved from /home/airflow/.local/lib/python3.6/site-packages/airflow/example_dags/tutorial.py
[2024-10-26 10:00:55,252] {logging_mixin.py:104} INFO - [2024-10-26 10:00:55,252] {dag.py:1833} INFO - Sync 1 DAGs
[2024-10-26 10:00:55,259] {logging_mixin.py:104} INFO - [2024-10-26 10:00:55,259] {dag.py:2306} INFO - Setting next_dagrun for tutorial to 2024-10-24 00:00:00+00:00
[2024-10-26 10:00:55,265] {scheduler_job.py:189} INFO - Processing /home/airflow/.local/lib/python3.6/site-packages/airflow/example_dags/tutorial.py took 0.039 seconds
[2024-10-26 10:01:25,957] {scheduler_job.py:181} INFO - Started process (PID=2965) to work on /home/airflow/.local/lib/python3.6/site-packages/airflow/example_dags/tutorial.py
[2024-10-26 10:01:25,958] {scheduler_job.py:632} INFO - Processing file /home/airflow/.local/lib/python3.6/site-packages/airflow/example_dags/tutorial.py for tasks to queue
[2024-10-26 10:01:25,959] {logging_mixin.py:104} INFO - [2024-10-26 10:01:25,958] {dagbag.py:496} INFO - Filling up the DagBag from /home/airflow/.local/lib/python3.6/site-packages/airflow/example_dags/tutorial.py
[2024-10-26 10:01:25,968] {scheduler_job.py:642} INFO - DAG(s) dict_keys(['tutorial']) retrieved from /home/airflow/.local/lib/python3.6/site-packages/airflow/example_dags/tutorial.py
[2024-10-26 10:01:25,987] {logging_mixin.py:104} INFO - [2024-10-26 10:01:25,987] {dag.py:1833} INFO - Sync 1 DAGs
[2024-10-26 10:01:25,995] {logging_mixin.py:104} INFO - [2024-10-26 10:01:25,995] {dag.py:2306} INFO - Setting next_dagrun for tutorial to 2024-10-24 00:00:00+00:00
[2024-10-26 10:01:26,002] {scheduler_job.py:189} INFO - Processing /home/airflow/.local/lib/python3.6/site-packages/airflow/example_dags/tutorial.py took 0.047 seconds
[2024-10-26 10:01:56,679] {scheduler_job.py:181} INFO - Started process (PID=3038) to work on /home/airflow/.local/lib/python3.6/site-packages/airflow/example_dags/tutorial.py
[2024-10-26 10:01:56,680] {scheduler_job.py:632} INFO - Processing file /home/airflow/.local/lib/python3.6/site-packages/airflow/example_dags/tutorial.py for tasks to queue
[2024-10-26 10:01:56,680] {logging_mixin.py:104} INFO - [2024-10-26 10:01:56,680] {dagbag.py:496} INFO - Filling up the DagBag from /home/airflow/.local/lib/python3.6/site-packages/airflow/example_dags/tutorial.py
[2024-10-26 10:01:56,689] {scheduler_job.py:642} INFO - DAG(s) dict_keys(['tutorial']) retrieved from /home/airflow/.local/lib/python3.6/site-packages/airflow/example_dags/tutorial.py
[2024-10-26 10:01:56,706] {logging_mixin.py:104} INFO - [2024-10-26 10:01:56,706] {dag.py:1833} INFO - Sync 1 DAGs
[2024-10-26 10:01:56,715] {logging_mixin.py:104} INFO - [2024-10-26 10:01:56,715] {dag.py:2306} INFO - Setting next_dagrun for tutorial to 2024-10-24 00:00:00+00:00
[2024-10-26 10:01:56,723] {scheduler_job.py:189} INFO - Processing /home/airflow/.local/lib/python3.6/site-packages/airflow/example_dags/tutorial.py took 0.046 seconds
[2024-10-26 10:02:27,350] {scheduler_job.py:181} INFO - Started process (PID=3110) to work on /home/airflow/.local/lib/python3.6/site-packages/airflow/example_dags/tutorial.py
[2024-10-26 10:02:27,352] {scheduler_job.py:632} INFO - Processing file /home/airflow/.local/lib/python3.6/site-packages/airflow/example_dags/tutorial.py for tasks to queue
[2024-10-26 10:02:27,352] {logging_mixin.py:104} INFO - [2024-10-26 10:02:27,352] {dagbag.py:496} INFO - Filling up the DagBag from /home/airflow/.local/lib/python3.6/site-packages/airflow/example_dags/tutorial.py
[2024-10-26 10:02:27,361] {scheduler_job.py:642} INFO - DAG(s) dict_keys(['tutorial']) retrieved from /home/airflow/.local/lib/python3.6/site-packages/airflow/example_dags/tutorial.py
[2024-10-26 10:02:27,373] {logging_mixin.py:104} INFO - [2024-10-26 10:02:27,373] {dag.py:1833} INFO - Sync 1 DAGs
[2024-10-26 10:02:27,380] {logging_mixin.py:104} INFO - [2024-10-26 10:02:27,380] {dag.py:2306} INFO - Setting next_dagrun for tutorial to 2024-10-24 00:00:00+00:00
[2024-10-26 10:02:27,387] {scheduler_job.py:189} INFO - Processing /home/airflow/.local/lib/python3.6/site-packages/airflow/example_dags/tutorial.py took 0.038 seconds
[2024-10-26 10:02:57,704] {scheduler_job.py:181} INFO - Started process (PID=3162) to work on /home/airflow/.local/lib/python3.6/site-packages/airflow/example_dags/tutorial.py
[2024-10-26 10:02:57,704] {scheduler_job.py:632} INFO - Processing file /home/airflow/.local/lib/python3.6/site-packages/airflow/example_dags/tutorial.py for tasks to queue
[2024-10-26 10:02:57,705] {logging_mixin.py:104} INFO - [2024-10-26 10:02:57,705] {dagbag.py:496} INFO - Filling up the DagBag from /home/airflow/.local/lib/python3.6/site-packages/airflow/example_dags/tutorial.py
[2024-10-26 10:02:57,714] {scheduler_job.py:642} INFO - DAG(s) dict_keys(['tutorial']) retrieved from /home/airflow/.local/lib/python3.6/site-packages/airflow/example_dags/tutorial.py
[2024-10-26 10:02:57,726] {logging_mixin.py:104} INFO - [2024-10-26 10:02:57,726] {dag.py:1833} INFO - Sync 1 DAGs
[2024-10-26 10:02:57,733] {logging_mixin.py:104} INFO - [2024-10-26 10:02:57,733] {dag.py:2306} INFO - Setting next_dagrun for tutorial to 2024-10-24 00:00:00+00:00
[2024-10-26 10:02:57,740] {scheduler_job.py:189} INFO - Processing /home/airflow/.local/lib/python3.6/site-packages/airflow/example_dags/tutorial.py took 0.038 seconds
[2024-10-26 10:03:28,126] {scheduler_job.py:181} INFO - Started process (PID=3235) to work on /home/airflow/.local/lib/python3.6/site-packages/airflow/example_dags/tutorial.py
[2024-10-26 10:03:28,127] {scheduler_job.py:632} INFO - Processing file /home/airflow/.local/lib/python3.6/site-packages/airflow/example_dags/tutorial.py for tasks to queue
[2024-10-26 10:03:28,128] {logging_mixin.py:104} INFO - [2024-10-26 10:03:28,128] {dagbag.py:496} INFO - Filling up the DagBag from /home/airflow/.local/lib/python3.6/site-packages/airflow/example_dags/tutorial.py
[2024-10-26 10:03:28,139] {scheduler_job.py:642} INFO - DAG(s) dict_keys(['tutorial']) retrieved from /home/airflow/.local/lib/python3.6/site-packages/airflow/example_dags/tutorial.py
[2024-10-26 10:03:28,154] {logging_mixin.py:104} INFO - [2024-10-26 10:03:28,154] {dag.py:1833} INFO - Sync 1 DAGs
[2024-10-26 10:03:28,163] {logging_mixin.py:104} INFO - [2024-10-26 10:03:28,162] {dag.py:2306} INFO - Setting next_dagrun for tutorial to 2024-10-24 00:00:00+00:00
[2024-10-26 10:03:28,171] {scheduler_job.py:189} INFO - Processing /home/airflow/.local/lib/python3.6/site-packages/airflow/example_dags/tutorial.py took 0.046 seconds
[2024-10-26 10:04:02,033] {scheduler_job.py:181} INFO - Started process (PID=3309) to work on /home/airflow/.local/lib/python3.6/site-packages/airflow/example_dags/tutorial.py
[2024-10-26 10:04:02,034] {scheduler_job.py:632} INFO - Processing file /home/airflow/.local/lib/python3.6/site-packages/airflow/example_dags/tutorial.py for tasks to queue
[2024-10-26 10:04:02,035] {logging_mixin.py:104} INFO - [2024-10-26 10:04:02,035] {dagbag.py:496} INFO - Filling up the DagBag from /home/airflow/.local/lib/python3.6/site-packages/airflow/example_dags/tutorial.py
[2024-10-26 10:04:02,050] {scheduler_job.py:642} INFO - DAG(s) dict_keys(['tutorial']) retrieved from /home/airflow/.local/lib/python3.6/site-packages/airflow/example_dags/tutorial.py
[2024-10-26 10:04:02,176] {logging_mixin.py:104} INFO - [2024-10-26 10:04:02,175] {dag.py:1833} INFO - Sync 1 DAGs
[2024-10-26 10:04:02,197] {logging_mixin.py:104} INFO - [2024-10-26 10:04:02,197] {dag.py:2306} INFO - Setting next_dagrun for tutorial to 2024-10-24 00:00:00+00:00
[2024-10-26 10:04:02,218] {scheduler_job.py:189} INFO - Processing /home/airflow/.local/lib/python3.6/site-packages/airflow/example_dags/tutorial.py took 0.187 seconds
[2024-10-26 10:04:32,634] {scheduler_job.py:181} INFO - Started process (PID=3351) to work on /home/airflow/.local/lib/python3.6/site-packages/airflow/example_dags/tutorial.py
[2024-10-26 10:04:32,637] {scheduler_job.py:632} INFO - Processing file /home/airflow/.local/lib/python3.6/site-packages/airflow/example_dags/tutorial.py for tasks to queue
[2024-10-26 10:04:32,638] {logging_mixin.py:104} INFO - [2024-10-26 10:04:32,638] {dagbag.py:496} INFO - Filling up the DagBag from /home/airflow/.local/lib/python3.6/site-packages/airflow/example_dags/tutorial.py
[2024-10-26 10:04:32,646] {scheduler_job.py:642} INFO - DAG(s) dict_keys(['tutorial']) retrieved from /home/airflow/.local/lib/python3.6/site-packages/airflow/example_dags/tutorial.py
[2024-10-26 10:04:32,662] {logging_mixin.py:104} INFO - [2024-10-26 10:04:32,661] {dag.py:1833} INFO - Sync 1 DAGs
[2024-10-26 10:04:32,670] {logging_mixin.py:104} INFO - [2024-10-26 10:04:32,670] {dag.py:2306} INFO - Setting next_dagrun for tutorial to 2024-10-24 00:00:00+00:00
[2024-10-26 10:04:32,678] {scheduler_job.py:189} INFO - Processing /home/airflow/.local/lib/python3.6/site-packages/airflow/example_dags/tutorial.py took 0.046 seconds
[2024-10-26 10:05:03,681] {scheduler_job.py:181} INFO - Started process (PID=3423) to work on /home/airflow/.local/lib/python3.6/site-packages/airflow/example_dags/tutorial.py
[2024-10-26 10:05:03,682] {scheduler_job.py:632} INFO - Processing file /home/airflow/.local/lib/python3.6/site-packages/airflow/example_dags/tutorial.py for tasks to queue
[2024-10-26 10:05:03,683] {logging_mixin.py:104} INFO - [2024-10-26 10:05:03,683] {dagbag.py:496} INFO - Filling up the DagBag from /home/airflow/.local/lib/python3.6/site-packages/airflow/example_dags/tutorial.py
[2024-10-26 10:05:03,692] {scheduler_job.py:642} INFO - DAG(s) dict_keys(['tutorial']) retrieved from /home/airflow/.local/lib/python3.6/site-packages/airflow/example_dags/tutorial.py
[2024-10-26 10:05:03,707] {logging_mixin.py:104} INFO - [2024-10-26 10:05:03,706] {dag.py:1833} INFO - Sync 1 DAGs
[2024-10-26 10:05:03,714] {logging_mixin.py:104} INFO - [2024-10-26 10:05:03,714] {dag.py:2306} INFO - Setting next_dagrun for tutorial to 2024-10-24 00:00:00+00:00
[2024-10-26 10:05:03,721] {scheduler_job.py:189} INFO - Processing /home/airflow/.local/lib/python3.6/site-packages/airflow/example_dags/tutorial.py took 0.042 seconds
[2024-10-26 10:05:34,333] {scheduler_job.py:181} INFO - Started process (PID=3487) to work on /home/airflow/.local/lib/python3.6/site-packages/airflow/example_dags/tutorial.py
[2024-10-26 10:05:34,334] {scheduler_job.py:632} INFO - Processing file /home/airflow/.local/lib/python3.6/site-packages/airflow/example_dags/tutorial.py for tasks to queue
[2024-10-26 10:05:34,334] {logging_mixin.py:104} INFO - [2024-10-26 10:05:34,334] {dagbag.py:496} INFO - Filling up the DagBag from /home/airflow/.local/lib/python3.6/site-packages/airflow/example_dags/tutorial.py
[2024-10-26 10:05:34,343] {scheduler_job.py:642} INFO - DAG(s) dict_keys(['tutorial']) retrieved from /home/airflow/.local/lib/python3.6/site-packages/airflow/example_dags/tutorial.py
[2024-10-26 10:05:34,357] {logging_mixin.py:104} INFO - [2024-10-26 10:05:34,357] {dag.py:1833} INFO - Sync 1 DAGs
[2024-10-26 10:05:34,363] {logging_mixin.py:104} INFO - [2024-10-26 10:05:34,363] {dag.py:2306} INFO - Setting next_dagrun for tutorial to 2024-10-24 00:00:00+00:00
[2024-10-26 10:05:34,370] {scheduler_job.py:189} INFO - Processing /home/airflow/.local/lib/python3.6/site-packages/airflow/example_dags/tutorial.py took 0.039 seconds
[2024-10-26 10:06:04,664] {scheduler_job.py:181} INFO - Started process (PID=3560) to work on /home/airflow/.local/lib/python3.6/site-packages/airflow/example_dags/tutorial.py
[2024-10-26 10:06:04,665] {scheduler_job.py:632} INFO - Processing file /home/airflow/.local/lib/python3.6/site-packages/airflow/example_dags/tutorial.py for tasks to queue
[2024-10-26 10:06:04,665] {logging_mixin.py:104} INFO - [2024-10-26 10:06:04,665] {dagbag.py:496} INFO - Filling up the DagBag from /home/airflow/.local/lib/python3.6/site-packages/airflow/example_dags/tutorial.py
[2024-10-26 10:06:04,674] {scheduler_job.py:642} INFO - DAG(s) dict_keys(['tutorial']) retrieved from /home/airflow/.local/lib/python3.6/site-packages/airflow/example_dags/tutorial.py
[2024-10-26 10:06:04,688] {logging_mixin.py:104} INFO - [2024-10-26 10:06:04,688] {dag.py:1833} INFO - Sync 1 DAGs
[2024-10-26 10:06:04,697] {logging_mixin.py:104} INFO - [2024-10-26 10:06:04,697] {dag.py:2306} INFO - Setting next_dagrun for tutorial to 2024-10-24 00:00:00+00:00
[2024-10-26 10:06:04,704] {scheduler_job.py:189} INFO - Processing /home/airflow/.local/lib/python3.6/site-packages/airflow/example_dags/tutorial.py took 0.042 seconds
